Mplus VERSION 8.5
MUTHEN & MUTHEN
04/16/2025  10:38 PM

INPUT INSTRUCTIONS


  TITLE:
  GMM_Extr_het_aut_3p

  DATA:
  FILE IS
  "C:/local user data/OPFE/OPFE_R/mot_mplus_fullgender_sp_noschaffhausen.txt";

  VARIABLE:

  NAMES ARE
  ID Class Male1 Age1
  AutoMA1 AutoMA2 AutoMA3 AutoDE1 AutoDE2 AutoDE3
  AutoEN1 AutoEN2 AutoEN3 AutoFR1 AutoFR2 AutoFR3
  KomMA1 KomMA2 KomMA3 KomEN1 KomEN2 KomEN3
  KomFR1 KomFR2 KomFR3 KomDE1 KomDE2 KomDE3
  SozMA1 SozMA2 SozMA3 SozEN1 SozEN2 SozEN3
  SozFR1 SozFR2 SozFR3 SozDE1 SozDE2 SozDE3
  Neurot1 Extrav1 Offen1 Toler1 Consc1
  Consc3 Offen3 Neurot3 Extrav3 Toler3
  ExtrMA1 IntrMA1 ExtrEN1 IntrEN1 ExtrFR1 IntrFR1 ExtrDE1 IntrDE1
  ExtrMA2 IntrMA2 ExtrEN2 IntrEN2 ExtrFR2 IntrFR2 ExtrDE2 IntrDE2
  ExtrMA3 IntrMA3 ExtrEN3 IntrEN3 ExtrFR3 IntrFR3 ExtrDE3 IntrDE3
  male1ful sp
  ;

  MISSING ARE ALL(9999);

  USEVARIABLES ARE ExtrMA1
                   ExtrDE1
                   ExtrEN1
                   ExtrFR1
                   ExtrMA2
                   ExtrDE2
                   ExtrEN2
                   ExtrFR2
                   ExtrMA3
                   ExtrDE3
                   ExtrEN3
                   ExtrFR3
  ;

  CLASSES =
            Extr_p (3)

  ;


  ANALYSIS:
  TYPE IS MIXTURE;

  STARTS = 1000 400;
  PROCESS = 8 1;
  STSEED = 666;

  MODEL:

  %OVERALL%

  ! Define latent growth factors for each process
    iMA sMA | ExtrMA1@0 ExtrMA2@1 ExtrMA3@2;
    iDE sDE | ExtrDE1@0 ExtrDE2@1 ExtrDE3@2;
    iEN sEN | ExtrEN1@0 ExtrEN2@1 ExtrEN3@2;
    iFR sFR | ExtrFR1@0 ExtrFR2@1 ExtrFR3@2;

  %Extr_p#1%

  [iMA sMA iDE sDE iEN sEN iFR sFR];
  iMA@0 sMA@0 iDE@0 sDE@0 iEN@0 sEN@0 iFR@0 sFR@0;

  !Residual variance structure





  !Residual variance structure



   !heterogeneous variances, autoregressive residual variances

  ExtrMA1 (MAvar1a);
  ExtrMA2 (MAvar2a);
  ExtrMA3 (MAvar3a);

  ExtrMA1 WITH ExtrMA2 (MAa1);
  ExtrMA2 WITH ExtrMA3 (MAa2);
  ExtrMA1 WITH ExtrMA3 (MAa1);

  ExtrDE1 (DEvar1a);
  ExtrDE2 (DEvar2a);
  ExtrDE3 (DEvar3a);

  ExtrDE1 WITH ExtrDE2 (DEa1);
  ExtrDE2 WITH ExtrDE3 (DEa2);
  ExtrDE1 WITH ExtrDE3 (DEa1);

  ExtrEN1 (ENvar1a);
  ExtrEN2 (ENvar2a);
  ExtrEN3 (ENvar3a);

  ExtrEN1 WITH ExtrEN2 (ENa1);
  ExtrEN2 WITH ExtrEN3 (ENa2);
  ExtrEN1 WITH ExtrEN3 (ENa1);

  ExtrFR1 (FRvar1a);
  ExtrFR2 (FRvar2a);
  ExtrFR3 (FRvar3a);

  ExtrFR1 WITH ExtrFR2 (FRa1);
  ExtrFR2 WITH ExtrFR3 (FRa2);
  ExtrFR1 WITH ExtrFR3 (FRa1);





  %Extr_p#2%

  [iMA sMA iDE sDE iEN sEN iFR sFR];
  iMA@0 sMA@0 iDE@0 sDE@0 iEN@0 sEN@0 iFR@0 sFR@0;

  !Residual variance structure





  !Residual variance structure



   !heterogeneous variances, autoregressive residual variances

  ExtrMA1 (MAvar1b);
  ExtrMA2 (MAvar2b);
  ExtrMA3 (MAvar3b);

  ExtrMA1 WITH ExtrMA2 (MAb1);
  ExtrMA2 WITH ExtrMA3 (MAb2);
  ExtrMA1 WITH ExtrMA3 (MAb1);

  ExtrDE1 (DEvar1b);
  ExtrDE2 (DEvar2b);
  ExtrDE3 (DEvar3b);

  ExtrDE1 WITH ExtrDE2 (DEb1);
  ExtrDE2 WITH ExtrDE3 (DEb2);
  ExtrDE1 WITH ExtrDE3 (DEb1);

  ExtrEN1 (ENvar1b);
  ExtrEN2 (ENvar2b);
  ExtrEN3 (ENvar3b);

  ExtrEN1 WITH ExtrEN2 (ENb1);
  ExtrEN2 WITH ExtrEN3 (ENb2);
  ExtrEN1 WITH ExtrEN3 (ENb1);

  ExtrFR1 (FRvar1b);
  ExtrFR2 (FRvar2b);
  ExtrFR3 (FRvar3b);

  ExtrFR1 WITH ExtrFR2 (FRb1);
  ExtrFR2 WITH ExtrFR3 (FRb2);
  ExtrFR1 WITH ExtrFR3 (FRb1);




  %Extr_p#3%

  [iMA sMA iDE sDE iEN sEN iFR sFR];
  iMA@0 sMA@0 iDE@0 sDE@0 iEN@0 sEN@0 iFR@0 sFR@0;

  !Residual variance structure





  !Residual variance structure



   !heterogeneous variances, autoregressive residual variances

  ExtrMA1 (MAvar1c);
  ExtrMA2 (MAvar2c);
  ExtrMA3 (MAvar3c);

  ExtrMA1 WITH ExtrMA2 (MAc1);
  ExtrMA2 WITH ExtrMA3 (MAc2);
  ExtrMA1 WITH ExtrMA3 (MAc1);

  ExtrDE1 (DEvar1c);
  ExtrDE2 (DEvar2c);
  ExtrDE3 (DEvar3c);

  ExtrDE1 WITH ExtrDE2 (DEc1);
  ExtrDE2 WITH ExtrDE3 (DEc2);
  ExtrDE1 WITH ExtrDE3 (DEc1);

  ExtrEN1 (ENvar1c);
  ExtrEN2 (ENvar2c);
  ExtrEN3 (ENvar3c);

  ExtrEN1 WITH ExtrEN2 (ENc1);
  ExtrEN2 WITH ExtrEN3 (ENc2);
  ExtrEN1 WITH ExtrEN3 (ENc1);

  ExtrFR1 (FRvar1c);
  ExtrFR2 (FRvar2c);
  ExtrFR3 (FRvar3c);

  ExtrFR1 WITH ExtrFR2 (FRc1);
  ExtrFR2 WITH ExtrFR3 (FRc2);
  ExtrFR1 WITH ExtrFR3 (FRc1);












  Model Constraint:
  new(rho1MA); ! create autoregressive parameter for class 1;
  new(rho2MA); ! create autoregressive parameter for class 2;
   new(rho3MA);
  MAa1= rho1MA; ! 1 lag apart equal rho;
  MAa2= rho1MA*rho1MA; ! 2 lags apart equals rho squared;
  MAb1= rho2MA; ! same scheme as with MAa1,MAa2, and MAa3 but with rho2MA so that Class 2

  MAb2= rho2MA*rho2MA;

  MAc1= rho3MA;
  MAc2= rho3MA*rho3MA;

  new(rho1DE); ! create autoregressive parameter for class 1;
  new(rho2DE); ! create autoregressive parameter for class 2;
   new(rho3DE);
  DEa1= rho1DE; ! 1 lag apart equal rho;
  DEa2= rho1DE*rho1DE; ! 2 lags apart equals rho squared;
  DEb1= rho2DE; ! same scheme as with DEa1,DEa2, and DEa3 but with rho2DE so that Class 2

  DEb2= rho2DE*rho2DE;

  DEc1= rho3DE;
  DEc2= rho3DE*rho3DE;

  new(rho1EN); ! create autoregressive parameter for class 1;
  new(rho2EN); ! create autoregressive parameter for class 2;
   new(rho3EN);
  ENa1= rho1EN; ! 1 lag apart equal rho;
  ENa2= rho1EN*rho1EN; ! 2 lags apart equals rho squared;
  ENb1= rho2EN; ! same scheme as with ENa1,ENa2, and ENa3 but with rho2EN so that Class 2

  ENb2= rho2EN*rho2EN;

  ENc1= rho3EN;
  ENc2= rho3EN*rho3EN;

  new(rho1FR); ! create autoregressive parameter for class 1;
  new(rho2FR); ! create autoregressive parameter for class 2;
   new(rho3FR);
  FRa1= rho1FR; ! 1 lag apart equal rho;
  FRa2= rho1FR*rho1FR; ! 2 lags apart equals rho squared;
  FRb1= rho2FR; ! same scheme as with FRa1,FRa2, and FRa3 but with rho2FR so that Class 2

  FRb2= rho2FR*rho2FR;

  FRc1= rho3FR;
  FRc2= rho3FR*rho3FR;


  OUTPUT:
  sampstat residual tech1 tech4 tech15;







*** WARNING in MODEL command
  All continuous latent variable covariances involving IMA have been fixed to 0
  because the variance of IMA is fixed at 0.
*** WARNING in MODEL command
  All continuous latent variable covariances involving SMA have been fixed to 0
  because the variance of SMA is fixed at 0.
*** WARNING in MODEL command
  All continuous latent variable covariances involving IDE have been fixed to 0
  because the variance of IDE is fixed at 0.
*** WARNING in MODEL command
  All continuous latent variable covariances involving SDE have been fixed to 0
  because the variance of SDE is fixed at 0.
*** WARNING in MODEL command
  All continuous latent variable covariances involving IEN have been fixed to 0
  because the variance of IEN is fixed at 0.
*** WARNING in MODEL command
  All continuous latent variable covariances involving SEN have been fixed to 0
  because the variance of SEN is fixed at 0.
*** WARNING in MODEL command
  All continuous latent variable covariances involving IFR have been fixed to 0
  because the variance of IFR is fixed at 0.
*** WARNING in MODEL command
  All continuous latent variable covariances involving IMA have been fixed to 0
  because the variance of IMA is fixed at 0.
*** WARNING in MODEL command
  All continuous latent variable covariances involving SMA have been fixed to 0
  because the variance of SMA is fixed at 0.
*** WARNING in MODEL command
  All continuous latent variable covariances involving IDE have been fixed to 0
  because the variance of IDE is fixed at 0.
*** WARNING in MODEL command
  All continuous latent variable covariances involving SDE have been fixed to 0
  because the variance of SDE is fixed at 0.
*** WARNING in MODEL command
  All continuous latent variable covariances involving IEN have been fixed to 0
  because the variance of IEN is fixed at 0.
*** WARNING in MODEL command
  All continuous latent variable covariances involving SEN have been fixed to 0
  because the variance of SEN is fixed at 0.
*** WARNING in MODEL command
  All continuous latent variable covariances involving IFR have been fixed to 0
  because the variance of IFR is fixed at 0.
*** WARNING in MODEL command
  All continuous latent variable covariances involving IMA have been fixed to 0
  because the variance of IMA is fixed at 0.
*** WARNING in MODEL command
  All continuous latent variable covariances involving SMA have been fixed to 0
  because the variance of SMA is fixed at 0.
*** WARNING in MODEL command
  All continuous latent variable covariances involving IDE have been fixed to 0
  because the variance of IDE is fixed at 0.
*** WARNING in MODEL command
  All continuous latent variable covariances involving SDE have been fixed to 0
  because the variance of SDE is fixed at 0.
*** WARNING in MODEL command
  All continuous latent variable covariances involving IEN have been fixed to 0
  because the variance of IEN is fixed at 0.
*** WARNING in MODEL command
  All continuous latent variable covariances involving SEN have been fixed to 0
  because the variance of SEN is fixed at 0.
*** WARNING in MODEL command
  All continuous latent variable covariances involving IFR have been fixed to 0
  because the variance of IFR is fixed at 0.
*** WARNING in OUTPUT command
  TECH15 option is not available for TYPE=MIXTURE with a single latent class
  variable.  Request for TECH15 will be ignored.
*** WARNING
  Data set contains cases with missing on all variables.
  These cases were not included in the analysis.
  Number of cases with missing on all variables:  3
  23 WARNING(S) FOUND IN THE INPUT INSTRUCTIONS




GMM_Extr_het_aut_3p

SUMMARY OF ANALYSIS

Number of groups                                                 1
Number of observations                                         847

Number of dependent variables                                   12
Number of independent variables                                  0
Number of continuous latent variables                            8
Number of categorical latent variables                           1

Observed dependent variables

  Continuous
   EXTRMA1     EXTRDE1     EXTREN1     EXTRFR1     EXTRMA2     EXTRDE2
   EXTREN2     EXTRFR2     EXTRMA3     EXTRDE3     EXTREN3     EXTRFR3

Continuous latent variables
   IMA         SMA         IDE         SDE         IEN         SEN
   IFR         SFR

Categorical latent variables
   EXTR_P


Estimator                                                      MLR
Information matrix                                        OBSERVED
Optimization Specifications for the Quasi-Newton Algorithm for
Continuous Outcomes
  Maximum number of iterations                                 100
  Convergence criterion                                  0.100D-05
Optimization Specifications for the EM Algorithm
  Maximum number of iterations                                 500
  Convergence criteria
    Loglikelihood change                                 0.100D-06
    Relative loglikelihood change                        0.100D-06
    Derivative                                           0.100D-05
Optimization Specifications for the M step of the EM Algorithm for
Categorical Latent variables
  Number of M step iterations                                    1
  M step convergence criterion                           0.100D-05
  Basis for M step termination                           ITERATION
Optimization Specifications for the M step of the EM Algorithm for
Censored, Binary or Ordered Categorical (Ordinal), Unordered
Categorical (Nominal) and Count Outcomes
  Number of M step iterations                                    1
  M step convergence criterion                           0.100D-05
  Basis for M step termination                           ITERATION
  Maximum value for logit thresholds                            15
  Minimum value for logit thresholds                           -15
  Minimum expected cell size for chi-square              0.100D-01
Maximum number of iterations for H1                           2000
Convergence criterion for H1                             0.100D-03
Optimization algorithm                                         EMA
Random Starts Specifications
  Number of initial stage random starts                       1000
  Number of final stage optimizations                          400
  Number of initial stage iterations                            10
  Initial stage convergence criterion                    0.100D+01
  Random starts scale                                    0.500D+01
  Random seed for generating random starts                     666

Input data file(s)
  C:/local user data/OPFE/OPFE_R/mot_mplus_fullgender_sp_noschaffhausen.txt
Input data format  FREE


SUMMARY OF DATA

     Number of missing data patterns            24
     Number of y missing data patterns          24
     Number of u missing data patterns           0


COVARIANCE COVERAGE OF DATA

Minimum covariance coverage value   0.100


     PROPORTION OF DATA PRESENT FOR Y


           Covariance Coverage
              EXTRMA1       EXTRDE1       EXTREN1       EXTRFR1       EXTRMA2
              ________      ________      ________      ________      ________
 EXTRMA1        0.888
 EXTRDE1        0.884         0.885
 EXTREN1        0.883         0.882         0.884
 EXTRFR1        0.887         0.884         0.883         0.888
 EXTRMA2        0.715         0.714         0.714         0.717         0.778
 EXTRDE2        0.715         0.714         0.714         0.717         0.778
 EXTREN2        0.715         0.714         0.714         0.717         0.778
 EXTRFR2        0.713         0.712         0.712         0.714         0.774
 EXTRMA3        0.689         0.687         0.686         0.689         0.666
 EXTRDE3        0.688         0.686         0.685         0.688         0.664
 EXTREN3        0.686         0.684         0.682         0.686         0.662
 EXTRFR3        0.681         0.679         0.678         0.681         0.662


           Covariance Coverage
              EXTRDE2       EXTREN2       EXTRFR2       EXTRMA3       EXTRDE3
              ________      ________      ________      ________      ________
 EXTRDE2        0.778
 EXTREN2        0.778         0.778
 EXTRFR2        0.774         0.774         0.774
 EXTRMA3        0.666         0.666         0.665         0.787
 EXTRDE3        0.664         0.664         0.662         0.784         0.784
 EXTREN3        0.662         0.662         0.661         0.784         0.780
 EXTRFR3        0.662         0.662         0.661         0.779         0.777


           Covariance Coverage
              EXTREN3       EXTRFR3
              ________      ________
 EXTREN3        0.784
 EXTRFR3        0.776         0.779


SAMPLE STATISTICS


UNIVARIATE SAMPLE STATISTICS


     UNIVARIATE HIGHER-ORDER MOMENT DESCRIPTIVE STATISTICS

         Variable/         Mean/     Skewness/   Minimum/ % with                Percentiles
        Sample Size      Variance    Kurtosis    Maximum  Min/Max      20%/60%    40%/80%    Median

     EXTRMA1               3.649      -0.475       1.000    1.06%       3.000      3.333      3.667
             752.000       0.863      -0.143       5.000   13.30%       4.000      4.667
     EXTRDE1               3.690      -0.354       1.000    0.53%       3.000      3.667      3.667
             750.000       0.673      -0.131       5.000   10.40%       4.000      4.333
     EXTREN1               3.829      -0.569       1.000    0.27%       3.000      3.667      4.000
             749.000       0.688       0.013       5.000   14.15%       4.000      4.667
     EXTRFR1               3.572      -0.403       1.000    0.80%       3.000      3.333      3.667
             752.000       0.850      -0.306       5.000    9.71%       4.000      4.333
     EXTRMA2               3.491      -0.345       1.000    2.12%       2.667      3.333      3.667
             659.000       0.905      -0.300       5.000    9.86%       3.667      4.333
     EXTRDE2               3.579      -0.369       1.000    1.37%       3.000      3.333      3.667
             659.000       0.752       0.038       5.000    9.86%       4.000      4.333
     EXTREN2               3.772      -0.609       1.000    1.06%       3.000      3.667      4.000
             659.000       0.762       0.217       5.000   14.26%       4.000      4.667
     EXTRFR2               3.452      -0.464       1.000    2.90%       2.667      3.333      3.667
             656.000       1.026      -0.376       5.000    9.60%       3.667      4.333
     EXTRMA3               3.396      -0.307       1.000    3.15%       2.667      3.000      3.333
             667.000       1.002      -0.452       5.000    9.15%       3.667      4.333
     EXTRDE3               3.468      -0.382       1.000    2.11%       2.667      3.333      3.667
             664.000       0.913      -0.197       5.000    9.64%       3.667      4.333
     EXTREN3               3.799      -0.648       1.000    0.90%       3.000      3.667      4.000
             664.000       0.816       0.065       5.000   15.96%       4.000      4.667
     EXTRFR3               3.261      -0.263       1.000    3.64%       2.333      3.000      3.333
             660.000       1.041      -0.575       5.000    6.97%       3.667      4.000

RANDOM STARTS RESULTS RANKED FROM THE BEST TO THE WORST LOGLIKELIHOOD VALUES

Unperturbed starting value run did not converge in the initial stage
optimizations.

1000 perturbed starting value run(s) did not converge in the initial stage
optimizations.

Final stage loglikelihood values at local maxima, seeds, and initial stage start numbers:


Unperturbed starting value run did not converge or was rejected in the third stage.

399 perturbed starting value run(s) did not converge or were rejected in the third stage.


     THE ESTIMATED COVARIANCE MATRIX FOR THE Y VARIABLES IN CLASS 1 COULD NOT
     BE INVERTED.  PROBLEM INVOLVING VARIABLE EXTRMA2.  COMPUTATION COULD
     NOT BE COMPLETED IN ITERATION 1.  CHANGE YOUR MODEL AND/OR STARTING
     VALUES.  THIS MAY BE DUE TO A ZERO ESTIMATED VARIANCE, THAT IS, NO WITHIN-CLASS
     VARIATION FOR THE VARIABLE.


     THE MODEL ESTIMATION DID NOT TERMINATE NORMALLY DUE TO AN ERROR IN THE
     COMPUTATION.  CHANGE YOUR MODEL AND/OR STARTING VALUES.






MODEL RESULTS

                    Estimate

Latent Class 1

 IMA      |
    EXTRMA1            1.000
    EXTRMA2            1.000
    EXTRMA3            1.000

 SMA      |
    EXTRMA1            0.000
    EXTRMA2            1.000
    EXTRMA3            2.000

 IDE      |
    EXTRDE1            1.000
    EXTRDE2            1.000
    EXTRDE3            1.000

 SDE      |
    EXTRDE1            0.000
    EXTRDE2            1.000
    EXTRDE3            2.000

 IEN      |
    EXTREN1            1.000
    EXTREN2            1.000
    EXTREN3            1.000

 SEN      |
    EXTREN1            0.000
    EXTREN2            1.000
    EXTREN3            2.000

 IFR      |
    EXTRFR1            1.000
    EXTRFR2            1.000
    EXTRFR3            1.000

 SFR      |
    EXTRFR1            0.000
    EXTRFR2            1.000
    EXTRFR3            2.000

 SMA      WITH
    IMA                0.000

 IDE      WITH
    IMA                0.000
    SMA                0.000

 SDE      WITH
    IMA                0.000
    SMA                0.000
    IDE                0.000

 IEN      WITH
    IMA                0.000
    SMA                0.000
    IDE                0.000
    SDE                0.000

 SEN      WITH
    IMA                0.000
    SMA                0.000
    IDE                0.000
    SDE                0.000
    IEN                0.000

 IFR      WITH
    IMA                0.000
    SMA                0.000
    IDE                0.000
    SDE                0.000
    IEN                0.000
    SEN                0.000

 SFR      WITH
    IMA                0.000
    SMA                0.000
    IDE                0.000
    SDE                0.000
    IEN                0.000
    SEN                0.000
    IFR                0.000

 EXTRMA1  WITH
    EXTRMA2            0.500
    EXTRMA3            0.500

 EXTRMA2  WITH
    EXTRMA3            0.250

 EXTRDE1  WITH
    EXTRDE2            0.500
    EXTRDE3            0.500

 EXTRDE2  WITH
    EXTRDE3            0.250

 EXTREN1  WITH
    EXTREN2            0.500
    EXTREN3            0.500

 EXTREN2  WITH
    EXTREN3            0.250

 EXTRFR1  WITH
    EXTRFR2            0.500
    EXTRFR3            0.500

 EXTRFR2  WITH
    EXTRFR3            0.250

 Means
    IMA                3.667
    SMA               -0.149
    IDE                3.701
    SDE               -0.118
    IEN                3.844
    SEN               -0.043
    IFR                3.616
    SFR               -0.187

 Intercepts
    EXTRMA1            0.000
    EXTRDE1            0.000
    EXTREN1            0.000
    EXTRFR1            0.000
    EXTRMA2            0.000
    EXTRDE2            0.000
    EXTREN2            0.000
    EXTRFR2            0.000
    EXTRMA3            0.000
    EXTRDE3            0.000
    EXTREN3            0.000
    EXTRFR3            0.000

 Variances
    IMA                0.000
    SMA                0.000
    IDE                0.000
    SDE                0.000
    IEN                0.000
    SEN                0.000
    IFR                0.000
    SFR                0.000

 Residual Variances
    EXTRMA1            0.432
    EXTRDE1            0.336
    EXTREN1            0.344
    EXTRFR1            0.425
    EXTRMA2            0.453
    EXTRDE2            0.376
    EXTREN2            0.381
    EXTRFR2            0.513
    EXTRMA3            0.501
    EXTRDE3            0.456
    EXTREN3            0.408
    EXTRFR3            0.520

Latent Class 2

 IMA      |
    EXTRMA1            1.000
    EXTRMA2            1.000
    EXTRMA3            1.000

 SMA      |
    EXTRMA1            0.000
    EXTRMA2            1.000
    EXTRMA3            2.000

 IDE      |
    EXTRDE1            1.000
    EXTRDE2            1.000
    EXTRDE3            1.000

 SDE      |
    EXTRDE1            0.000
    EXTRDE2            1.000
    EXTRDE3            2.000

 IEN      |
    EXTREN1            1.000
    EXTREN2            1.000
    EXTREN3            1.000

 SEN      |
    EXTREN1            0.000
    EXTREN2            1.000
    EXTREN3            2.000

 IFR      |
    EXTRFR1            1.000
    EXTRFR2            1.000
    EXTRFR3            1.000

 SFR      |
    EXTRFR1            0.000
    EXTRFR2            1.000
    EXTRFR3            2.000

 SMA      WITH
    IMA                0.000

 IDE      WITH
    IMA                0.000
    SMA                0.000

 SDE      WITH
    IMA                0.000
    SMA                0.000
    IDE                0.000

 IEN      WITH
    IMA                0.000
    SMA                0.000
    IDE                0.000
    SDE                0.000

 SEN      WITH
    IMA                0.000
    SMA                0.000
    IDE                0.000
    SDE                0.000
    IEN                0.000

 IFR      WITH
    IMA                0.000
    SMA                0.000
    IDE                0.000
    SDE                0.000
    IEN                0.000
    SEN                0.000

 SFR      WITH
    IMA                0.000
    SMA                0.000
    IDE                0.000
    SDE                0.000
    IEN                0.000
    SEN                0.000
    IFR                0.000

 EXTRMA1  WITH
    EXTRMA2            0.500
    EXTRMA3            0.500

 EXTRMA2  WITH
    EXTRMA3            0.250

 EXTRDE1  WITH
    EXTRDE2            0.500
    EXTRDE3            0.500

 EXTRDE2  WITH
    EXTRDE3            0.250

 EXTREN1  WITH
    EXTREN2            0.500
    EXTREN3            0.500

 EXTREN2  WITH
    EXTREN3            0.250

 EXTRFR1  WITH
    EXTRFR2            0.500
    EXTRFR3            0.500

 EXTRFR2  WITH
    EXTRFR3            0.250

 Means
    IMA                3.667
    SMA               -0.149
    IDE                3.701
    SDE               -0.118
    IEN                3.844
    SEN               -0.043
    IFR                3.616
    SFR               -0.187

 Intercepts
    EXTRMA1            0.000
    EXTRDE1            0.000
    EXTREN1            0.000
    EXTRFR1            0.000
    EXTRMA2            0.000
    EXTRDE2            0.000
    EXTREN2            0.000
    EXTRFR2            0.000
    EXTRMA3            0.000
    EXTRDE3            0.000
    EXTREN3            0.000
    EXTRFR3            0.000

 Variances
    IMA                0.000
    SMA                0.000
    IDE                0.000
    SDE                0.000
    IEN                0.000
    SEN                0.000
    IFR                0.000
    SFR                0.000

 Residual Variances
    EXTRMA1            0.432
    EXTRDE1            0.336
    EXTREN1            0.344
    EXTRFR1            0.425
    EXTRMA2            0.453
    EXTRDE2            0.376
    EXTREN2            0.381
    EXTRFR2            0.513
    EXTRMA3            0.501
    EXTRDE3            0.456
    EXTREN3            0.408
    EXTRFR3            0.520

Latent Class 3

 IMA      |
    EXTRMA1            1.000
    EXTRMA2            1.000
    EXTRMA3            1.000

 SMA      |
    EXTRMA1            0.000
    EXTRMA2            1.000
    EXTRMA3            2.000

 IDE      |
    EXTRDE1            1.000
    EXTRDE2            1.000
    EXTRDE3            1.000

 SDE      |
    EXTRDE1            0.000
    EXTRDE2            1.000
    EXTRDE3            2.000

 IEN      |
    EXTREN1            1.000
    EXTREN2            1.000
    EXTREN3            1.000

 SEN      |
    EXTREN1            0.000
    EXTREN2            1.000
    EXTREN3            2.000

 IFR      |
    EXTRFR1            1.000
    EXTRFR2            1.000
    EXTRFR3            1.000

 SFR      |
    EXTRFR1            0.000
    EXTRFR2            1.000
    EXTRFR3            2.000

 SMA      WITH
    IMA                0.000

 IDE      WITH
    IMA                0.000
    SMA                0.000

 SDE      WITH
    IMA                0.000
    SMA                0.000
    IDE                0.000

 IEN      WITH
    IMA                0.000
    SMA                0.000
    IDE                0.000
    SDE                0.000

 SEN      WITH
    IMA                0.000
    SMA                0.000
    IDE                0.000
    SDE                0.000
    IEN                0.000

 IFR      WITH
    IMA                0.000
    SMA                0.000
    IDE                0.000
    SDE                0.000
    IEN                0.000
    SEN                0.000

 SFR      WITH
    IMA                0.000
    SMA                0.000
    IDE                0.000
    SDE                0.000
    IEN                0.000
    SEN                0.000
    IFR                0.000

 EXTRMA1  WITH
    EXTRMA2            0.500
    EXTRMA3            0.500

 EXTRMA2  WITH
    EXTRMA3            0.250

 EXTRDE1  WITH
    EXTRDE2            0.500
    EXTRDE3            0.500

 EXTRDE2  WITH
    EXTRDE3            0.250

 EXTREN1  WITH
    EXTREN2            0.500
    EXTREN3            0.500

 EXTREN2  WITH
    EXTREN3            0.250

 EXTRFR1  WITH
    EXTRFR2            0.500
    EXTRFR3            0.500

 EXTRFR2  WITH
    EXTRFR3            0.250

 Means
    IMA                3.667
    SMA               -0.149
    IDE                3.701
    SDE               -0.118
    IEN                3.844
    SEN               -0.043
    IFR                3.616
    SFR               -0.187

 Intercepts
    EXTRMA1            0.000
    EXTRDE1            0.000
    EXTREN1            0.000
    EXTRFR1            0.000
    EXTRMA2            0.000
    EXTRDE2            0.000
    EXTREN2            0.000
    EXTRFR2            0.000
    EXTRMA3            0.000
    EXTRDE3            0.000
    EXTREN3            0.000
    EXTRFR3            0.000

 Variances
    IMA                0.000
    SMA                0.000
    IDE                0.000
    SDE                0.000
    IEN                0.000
    SEN                0.000
    IFR                0.000
    SFR                0.000

 Residual Variances
    EXTRMA1            0.432
    EXTRDE1            0.336
    EXTREN1            0.344
    EXTRFR1            0.425
    EXTRMA2            0.453
    EXTRDE2            0.376
    EXTREN2            0.381
    EXTRFR2            0.513
    EXTRMA3            0.501
    EXTRDE3            0.456
    EXTREN3            0.408
    EXTRFR3            0.520

Categorical Latent Variables

 Means
    EXTR_P#1           0.000
    EXTR_P#2           0.000

New/Additional Parameters
    RHO1MA             0.500
    RHO2MA             0.500
    RHO3MA             0.500
    RHO1DE             0.500
    RHO2DE             0.500
    RHO3DE             0.500
    RHO1EN             0.500
    RHO2EN             0.500
    RHO3EN             0.500
    RHO1FR             0.500
    RHO2FR             0.500
    RHO3FR             0.500


MODEL COMMAND WITH FINAL ESTIMATES USED AS STARTING VALUES

     %OVERALL%

     ima sma | extrma1@0 extrma2@1 extrma3@2;
     ide sde | extrde1@0 extrde2@1 extrde3@2;
     ien sen | extren1@0 extren2@1 extren3@2;
     ifr sfr | extrfr1@0 extrfr2@1 extrfr3@2;

     [ extr_p#1*0 ];
     [ extr_p#2*0 ];

     %EXTR_P#1%

     extrma1 WITH extrma2*0.50000 (maa1);
     extrma1 WITH extrma3*0.50000 (maa1);
     extrma2 WITH extrma3*0.25000 (maa2);
     extrde1 WITH extrde2*0.50000 (dea1);
     extrde1 WITH extrde3*0.50000 (dea1);
     extrde2 WITH extrde3*0.25000 (dea2);
     extren1 WITH extren2*0.50000 (ena1);
     extren1 WITH extren3*0.50000 (ena1);
     extren2 WITH extren3*0.25000 (ena2);
     extrfr1 WITH extrfr2*0.50000 (fra1);
     extrfr1 WITH extrfr3*0.50000 (fra1);
     extrfr2 WITH extrfr3*0.25000 (fra2);
     sma WITH ima@0;
     ide WITH ima@0;
     ide WITH sma@0;
     sde WITH ima@0;
     sde WITH sma@0;
     sde WITH ide@0;
     ien WITH ima@0;
     ien WITH sma@0;
     ien WITH ide@0;
     ien WITH sde@0;
     sen WITH ima@0;
     sen WITH sma@0;
     sen WITH ide@0;
     sen WITH sde@0;
     sen WITH ien@0;
     ifr WITH ima@0;
     ifr WITH sma@0;
     ifr WITH ide@0;
     ifr WITH sde@0;
     ifr WITH ien@0;
     ifr WITH sen@0;
     sfr WITH ima@0;
     sfr WITH sma@0;
     sfr WITH ide@0;
     sfr WITH sde@0;
     sfr WITH ien@0;
     sfr WITH sen@0;
     sfr WITH ifr@0;

     [ extrma1@0 ];
     [ extrde1@0 ];
     [ extren1@0 ];
     [ extrfr1@0 ];
     [ extrma2@0 ];
     [ extrde2@0 ];
     [ extren2@0 ];
     [ extrfr2@0 ];
     [ extrma3@0 ];
     [ extrde3@0 ];
     [ extren3@0 ];
     [ extrfr3@0 ];
     [ ima*3.66674 ];
     [ sma*-0.14860 ];
     [ ide*3.70054 ];
     [ sde*-0.11762 ];
     [ ien*3.84356 ];
     [ sen*-0.04279 ];
     [ ifr*3.61639 ];
     [ sfr*-0.18736 ];

     extrma1*0.43171 (mavar1a);
     extrde1*0.33647 (devar1a);
     extren1*0.34423 (envar1a);
     extrfr1*0.42502 (frvar1a);
     extrma2*0.45269 (mavar2a);
     extrde2*0.37591 (devar2a);
     extren2*0.38077 (envar2a);
     extrfr2*0.51305 (frvar2a);
     extrma3*0.50108 (mavar3a);
     extrde3*0.45637 (devar3a);
     extren3*0.40805 (envar3a);
     extrfr3*0.52037 (frvar3a);
     ima@0;
     sma@0;
     ide@0;
     sde@0;
     ien@0;
     sen@0;
     ifr@0;
     sfr@0;

     %EXTR_P#2%

     extrma1 WITH extrma2*0.50000 (mab1);
     extrma1 WITH extrma3*0.50000 (mab1);
     extrma2 WITH extrma3*0.25000 (mab2);
     extrde1 WITH extrde2*0.50000 (deb1);
     extrde1 WITH extrde3*0.50000 (deb1);
     extrde2 WITH extrde3*0.25000 (deb2);
     extren1 WITH extren2*0.50000 (enb1);
     extren1 WITH extren3*0.50000 (enb1);
     extren2 WITH extren3*0.25000 (enb2);
     extrfr1 WITH extrfr2*0.50000 (frb1);
     extrfr1 WITH extrfr3*0.50000 (frb1);
     extrfr2 WITH extrfr3*0.25000 (frb2);
     sma WITH ima@0;
     ide WITH ima@0;
     ide WITH sma@0;
     sde WITH ima@0;
     sde WITH sma@0;
     sde WITH ide@0;
     ien WITH ima@0;
     ien WITH sma@0;
     ien WITH ide@0;
     ien WITH sde@0;
     sen WITH ima@0;
     sen WITH sma@0;
     sen WITH ide@0;
     sen WITH sde@0;
     sen WITH ien@0;
     ifr WITH ima@0;
     ifr WITH sma@0;
     ifr WITH ide@0;
     ifr WITH sde@0;
     ifr WITH ien@0;
     ifr WITH sen@0;
     sfr WITH ima@0;
     sfr WITH sma@0;
     sfr WITH ide@0;
     sfr WITH sde@0;
     sfr WITH ien@0;
     sfr WITH sen@0;
     sfr WITH ifr@0;

     [ extrma1@0 ];
     [ extrde1@0 ];
     [ extren1@0 ];
     [ extrfr1@0 ];
     [ extrma2@0 ];
     [ extrde2@0 ];
     [ extren2@0 ];
     [ extrfr2@0 ];
     [ extrma3@0 ];
     [ extrde3@0 ];
     [ extren3@0 ];
     [ extrfr3@0 ];
     [ ima*3.66674 ];
     [ sma*-0.14860 ];
     [ ide*3.70054 ];
     [ sde*-0.11762 ];
     [ ien*3.84356 ];
     [ sen*-0.04279 ];
     [ ifr*3.61639 ];
     [ sfr*-0.18736 ];

     extrma1*0.43171 (mavar1b);
     extrde1*0.33647 (devar1b);
     extren1*0.34423 (envar1b);
     extrfr1*0.42502 (frvar1b);
     extrma2*0.45269 (mavar2b);
     extrde2*0.37591 (devar2b);
     extren2*0.38077 (envar2b);
     extrfr2*0.51305 (frvar2b);
     extrma3*0.50108 (mavar3b);
     extrde3*0.45637 (devar3b);
     extren3*0.40805 (envar3b);
     extrfr3*0.52037 (frvar3b);
     ima@0;
     sma@0;
     ide@0;
     sde@0;
     ien@0;
     sen@0;
     ifr@0;
     sfr@0;

     %EXTR_P#3%

     extrma1 WITH extrma2*0.50000 (mac1);
     extrma1 WITH extrma3*0.50000 (mac1);
     extrma2 WITH extrma3*0.25000 (mac2);
     extrde1 WITH extrde2*0.50000 (dec1);
     extrde1 WITH extrde3*0.50000 (dec1);
     extrde2 WITH extrde3*0.25000 (dec2);
     extren1 WITH extren2*0.50000 (enc1);
     extren1 WITH extren3*0.50000 (enc1);
     extren2 WITH extren3*0.25000 (enc2);
     extrfr1 WITH extrfr2*0.50000 (frc1);
     extrfr1 WITH extrfr3*0.50000 (frc1);
     extrfr2 WITH extrfr3*0.25000 (frc2);
     sma WITH ima@0;
     ide WITH ima@0;
     ide WITH sma@0;
     sde WITH ima@0;
     sde WITH sma@0;
     sde WITH ide@0;
     ien WITH ima@0;
     ien WITH sma@0;
     ien WITH ide@0;
     ien WITH sde@0;
     sen WITH ima@0;
     sen WITH sma@0;
     sen WITH ide@0;
     sen WITH sde@0;
     sen WITH ien@0;
     ifr WITH ima@0;
     ifr WITH sma@0;
     ifr WITH ide@0;
     ifr WITH sde@0;
     ifr WITH ien@0;
     ifr WITH sen@0;
     sfr WITH ima@0;
     sfr WITH sma@0;
     sfr WITH ide@0;
     sfr WITH sde@0;
     sfr WITH ien@0;
     sfr WITH sen@0;
     sfr WITH ifr@0;

     [ extrma1@0 ];
     [ extrde1@0 ];
     [ extren1@0 ];
     [ extrfr1@0 ];
     [ extrma2@0 ];
     [ extrde2@0 ];
     [ extren2@0 ];
     [ extrfr2@0 ];
     [ extrma3@0 ];
     [ extrde3@0 ];
     [ extren3@0 ];
     [ extrfr3@0 ];
     [ ima*3.66674 ];
     [ sma*-0.14860 ];
     [ ide*3.70054 ];
     [ sde*-0.11762 ];
     [ ien*3.84356 ];
     [ sen*-0.04279 ];
     [ ifr*3.61639 ];
     [ sfr*-0.18736 ];

     extrma1*0.43171 (mavar1c);
     extrde1*0.33647 (devar1c);
     extren1*0.34423 (envar1c);
     extrfr1*0.42502 (frvar1c);
     extrma2*0.45269 (mavar2c);
     extrde2*0.37591 (devar2c);
     extren2*0.38077 (envar2c);
     extrfr2*0.51305 (frvar2c);
     extrma3*0.50108 (mavar3c);
     extrde3*0.45637 (devar3c);
     extren3*0.40805 (envar3c);
     extrfr3*0.52037 (frvar3c);
     ima@0;
     sma@0;
     ide@0;
     sde@0;
     ien@0;
     sen@0;
     ifr@0;
     sfr@0;

     ! NEW statements in MODEL CONSTRAINT
     NEW(rho1ma*0.50000);
     NEW(rho2ma*0.50000);
     NEW(rho3ma*0.50000);
     NEW(rho1de*0.50000);
     NEW(rho2de*0.50000);
     NEW(rho3de*0.50000);
     NEW(rho1en*0.50000);
     NEW(rho2en*0.50000);
     NEW(rho3en*0.50000);
     NEW(rho1fr*0.50000);
     NEW(rho2fr*0.50000);
     NEW(rho3fr*0.50000);




TECHNICAL 1 OUTPUT


     PARAMETER SPECIFICATION FOR LATENT CLASS 1


           NU
              EXTRMA1       EXTRDE1       EXTREN1       EXTRFR1       EXTRMA2
              ________      ________      ________      ________      ________
                    0             0             0             0             0


           NU
              EXTRDE2       EXTREN2       EXTRFR2       EXTRMA3       EXTRDE3
              ________      ________      ________      ________      ________
                    0             0             0             0             0


           NU
              EXTREN3       EXTRFR3
              ________      ________
                    0             0


           LAMBDA
              IMA           SMA           IDE           SDE           IEN
              ________      ________      ________      ________      ________
 EXTRMA1            0             0             0             0             0
 EXTRDE1            0             0             0             0             0
 EXTREN1            0             0             0             0             0
 EXTRFR1            0             0             0             0             0
 EXTRMA2            0             0             0             0             0
 EXTRDE2            0             0             0             0             0
 EXTREN2            0             0             0             0             0
 EXTRFR2            0             0             0             0             0
 EXTRMA3            0             0             0             0             0
 EXTRDE3            0             0             0             0             0
 EXTREN3            0             0             0             0             0
 EXTRFR3            0             0             0             0             0


           LAMBDA
              SEN           IFR           SFR
              ________      ________      ________
 EXTRMA1            0             0             0
 EXTRDE1            0             0             0
 EXTREN1            0             0             0
 EXTRFR1            0             0             0
 EXTRMA2            0             0             0
 EXTRDE2            0             0             0
 EXTREN2            0             0             0
 EXTRFR2            0             0             0
 EXTRMA3            0             0             0
 EXTRDE3            0             0             0
 EXTREN3            0             0             0
 EXTRFR3            0             0             0


           THETA
              EXTRMA1       EXTRDE1       EXTREN1       EXTRFR1       EXTRMA2
              ________      ________      ________      ________      ________
 EXTRMA1            1
 EXTRDE1            0             2
 EXTREN1            0             0             3
 EXTRFR1            0             0             0             4
 EXTRMA2            5             0             0             0             6
 EXTRDE2            0             7             0             0             0
 EXTREN2            0             0             9             0             0
 EXTRFR2            0             0             0            11             0
 EXTRMA3            5             0             0             0            13
 EXTRDE3            0             7             0             0             0
 EXTREN3            0             0             9             0             0
 EXTRFR3            0             0             0            11             0


           THETA
              EXTRDE2       EXTREN2       EXTRFR2       EXTRMA3       EXTRDE3
              ________      ________      ________      ________      ________
 EXTRDE2            8
 EXTREN2            0            10
 EXTRFR2            0             0            12
 EXTRMA3            0             0             0            14
 EXTRDE3           15             0             0             0            16
 EXTREN3            0            17             0             0             0
 EXTRFR3            0             0            19             0             0


           THETA
              EXTREN3       EXTRFR3
              ________      ________
 EXTREN3           18
 EXTRFR3            0            20


           ALPHA
              IMA           SMA           IDE           SDE           IEN
              ________      ________      ________      ________      ________
                   21            22            23            24            25


           ALPHA
              SEN           IFR           SFR
              ________      ________      ________
                   26            27            28


           BETA
              IMA           SMA           IDE           SDE           IEN
              ________      ________      ________      ________      ________
 IMA                0             0             0             0             0
 SMA                0             0             0             0             0
 IDE                0             0             0             0             0
 SDE                0             0             0             0             0
 IEN                0             0             0             0             0
 SEN                0             0             0             0             0
 IFR                0             0             0             0             0
 SFR                0             0             0             0             0


           BETA
              SEN           IFR           SFR
              ________      ________      ________
 IMA                0             0             0
 SMA                0             0             0
 IDE                0             0             0
 SDE                0             0             0
 IEN                0             0             0
 SEN                0             0             0
 IFR                0             0             0
 SFR                0             0             0


           PSI
              IMA           SMA           IDE           SDE           IEN
              ________      ________      ________      ________      ________
 IMA                0
 SMA                0             0
 IDE                0             0             0
 SDE                0             0             0             0
 IEN                0             0             0             0             0
 SEN                0             0             0             0             0
 IFR                0             0             0             0             0
 SFR                0             0             0             0             0


           PSI
              SEN           IFR           SFR
              ________      ________      ________
 SEN                0
 IFR                0             0
 SFR                0             0             0


     PARAMETER SPECIFICATION FOR LATENT CLASS 2


           NU
              EXTRMA1       EXTRDE1       EXTREN1       EXTRFR1       EXTRMA2
              ________      ________      ________      ________      ________
                    0             0             0             0             0


           NU
              EXTRDE2       EXTREN2       EXTRFR2       EXTRMA3       EXTRDE3
              ________      ________      ________      ________      ________
                    0             0             0             0             0


           NU
              EXTREN3       EXTRFR3
              ________      ________
                    0             0


           LAMBDA
              IMA           SMA           IDE           SDE           IEN
              ________      ________      ________      ________      ________
 EXTRMA1            0             0             0             0             0
 EXTRDE1            0             0             0             0             0
 EXTREN1            0             0             0             0             0
 EXTRFR1            0             0             0             0             0
 EXTRMA2            0             0             0             0             0
 EXTRDE2            0             0             0             0             0
 EXTREN2            0             0             0             0             0
 EXTRFR2            0             0             0             0             0
 EXTRMA3            0             0             0             0             0
 EXTRDE3            0             0             0             0             0
 EXTREN3            0             0             0             0             0
 EXTRFR3            0             0             0             0             0


           LAMBDA
              SEN           IFR           SFR
              ________      ________      ________
 EXTRMA1            0             0             0
 EXTRDE1            0             0             0
 EXTREN1            0             0             0
 EXTRFR1            0             0             0
 EXTRMA2            0             0             0
 EXTRDE2            0             0             0
 EXTREN2            0             0             0
 EXTRFR2            0             0             0
 EXTRMA3            0             0             0
 EXTRDE3            0             0             0
 EXTREN3            0             0             0
 EXTRFR3            0             0             0


           THETA
              EXTRMA1       EXTRDE1       EXTREN1       EXTRFR1       EXTRMA2
              ________      ________      ________      ________      ________
 EXTRMA1           29
 EXTRDE1            0            30
 EXTREN1            0             0            31
 EXTRFR1            0             0             0            32
 EXTRMA2           33             0             0             0            34
 EXTRDE2            0            35             0             0             0
 EXTREN2            0             0            37             0             0
 EXTRFR2            0             0             0            39             0
 EXTRMA3           33             0             0             0            41
 EXTRDE3            0            35             0             0             0
 EXTREN3            0             0            37             0             0
 EXTRFR3            0             0             0            39             0


           THETA
              EXTRDE2       EXTREN2       EXTRFR2       EXTRMA3       EXTRDE3
              ________      ________      ________      ________      ________
 EXTRDE2           36
 EXTREN2            0            38
 EXTRFR2            0             0            40
 EXTRMA3            0             0             0            42
 EXTRDE3           43             0             0             0            44
 EXTREN3            0            45             0             0             0
 EXTRFR3            0             0            47             0             0


           THETA
              EXTREN3       EXTRFR3
              ________      ________
 EXTREN3           46
 EXTRFR3            0            48


           ALPHA
              IMA           SMA           IDE           SDE           IEN
              ________      ________      ________      ________      ________
                   49            50            51            52            53


           ALPHA
              SEN           IFR           SFR
              ________      ________      ________
                   54            55            56


           BETA
              IMA           SMA           IDE           SDE           IEN
              ________      ________      ________      ________      ________
 IMA                0             0             0             0             0
 SMA                0             0             0             0             0
 IDE                0             0             0             0             0
 SDE                0             0             0             0             0
 IEN                0             0             0             0             0
 SEN                0             0             0             0             0
 IFR                0             0             0             0             0
 SFR                0             0             0             0             0


           BETA
              SEN           IFR           SFR
              ________      ________      ________
 IMA                0             0             0
 SMA                0             0             0
 IDE                0             0             0
 SDE                0             0             0
 IEN                0             0             0
 SEN                0             0             0
 IFR                0             0             0
 SFR                0             0             0


           PSI
              IMA           SMA           IDE           SDE           IEN
              ________      ________      ________      ________      ________
 IMA                0
 SMA                0             0
 IDE                0             0             0
 SDE                0             0             0             0
 IEN                0             0             0             0             0
 SEN                0             0             0             0             0
 IFR                0             0             0             0             0
 SFR                0             0             0             0             0


           PSI
              SEN           IFR           SFR
              ________      ________      ________
 SEN                0
 IFR                0             0
 SFR                0             0             0


     PARAMETER SPECIFICATION FOR LATENT CLASS 3


           NU
              EXTRMA1       EXTRDE1       EXTREN1       EXTRFR1       EXTRMA2
              ________      ________      ________      ________      ________
                    0             0             0             0             0


           NU
              EXTRDE2       EXTREN2       EXTRFR2       EXTRMA3       EXTRDE3
              ________      ________      ________      ________      ________
                    0             0             0             0             0


           NU
              EXTREN3       EXTRFR3
              ________      ________
                    0             0


           LAMBDA
              IMA           SMA           IDE           SDE           IEN
              ________      ________      ________      ________      ________
 EXTRMA1            0             0             0             0             0
 EXTRDE1            0             0             0             0             0
 EXTREN1            0             0             0             0             0
 EXTRFR1            0             0             0             0             0
 EXTRMA2            0             0             0             0             0
 EXTRDE2            0             0             0             0             0
 EXTREN2            0             0             0             0             0
 EXTRFR2            0             0             0             0             0
 EXTRMA3            0             0             0             0             0
 EXTRDE3            0             0             0             0             0
 EXTREN3            0             0             0             0             0
 EXTRFR3            0             0             0             0             0


           LAMBDA
              SEN           IFR           SFR
              ________      ________      ________
 EXTRMA1            0             0             0
 EXTRDE1            0             0             0
 EXTREN1            0             0             0
 EXTRFR1            0             0             0
 EXTRMA2            0             0             0
 EXTRDE2            0             0             0
 EXTREN2            0             0             0
 EXTRFR2            0             0             0
 EXTRMA3            0             0             0
 EXTRDE3            0             0             0
 EXTREN3            0             0             0
 EXTRFR3            0             0             0


           THETA
              EXTRMA1       EXTRDE1       EXTREN1       EXTRFR1       EXTRMA2
              ________      ________      ________      ________      ________
 EXTRMA1           57
 EXTRDE1            0            58
 EXTREN1            0             0            59
 EXTRFR1            0             0             0            60
 EXTRMA2           61             0             0             0            62
 EXTRDE2            0            63             0             0             0
 EXTREN2            0             0            65             0             0
 EXTRFR2            0             0             0            67             0
 EXTRMA3           61             0             0             0            69
 EXTRDE3            0            63             0             0             0
 EXTREN3            0             0            65             0             0
 EXTRFR3            0             0             0            67             0


           THETA
              EXTRDE2       EXTREN2       EXTRFR2       EXTRMA3       EXTRDE3
              ________      ________      ________      ________      ________
 EXTRDE2           64
 EXTREN2            0            66
 EXTRFR2            0             0            68
 EXTRMA3            0             0             0            70
 EXTRDE3           71             0             0             0            72
 EXTREN3            0            73             0             0             0
 EXTRFR3            0             0            75             0             0


           THETA
              EXTREN3       EXTRFR3
              ________      ________
 EXTREN3           74
 EXTRFR3            0            76


           ALPHA
              IMA           SMA           IDE           SDE           IEN
              ________      ________      ________      ________      ________
                   77            78            79            80            81


           ALPHA
              SEN           IFR           SFR
              ________      ________      ________
                   82            83            84


           BETA
              IMA           SMA           IDE           SDE           IEN
              ________      ________      ________      ________      ________
 IMA                0             0             0             0             0
 SMA                0             0             0             0             0
 IDE                0             0             0             0             0
 SDE                0             0             0             0             0
 IEN                0             0             0             0             0
 SEN                0             0             0             0             0
 IFR                0             0             0             0             0
 SFR                0             0             0             0             0


           BETA
              SEN           IFR           SFR
              ________      ________      ________
 IMA                0             0             0
 SMA                0             0             0
 IDE                0             0             0
 SDE                0             0             0
 IEN                0             0             0
 SEN                0             0             0
 IFR                0             0             0
 SFR                0             0             0


           PSI
              IMA           SMA           IDE           SDE           IEN
              ________      ________      ________      ________      ________
 IMA                0
 SMA                0             0
 IDE                0             0             0
 SDE                0             0             0             0
 IEN                0             0             0             0             0
 SEN                0             0             0             0             0
 IFR                0             0             0             0             0
 SFR                0             0             0             0             0


           PSI
              SEN           IFR           SFR
              ________      ________      ________
 SEN                0
 IFR                0             0
 SFR                0             0             0


     PARAMETER SPECIFICATION FOR LATENT CLASS REGRESSION MODEL PART


           ALPHA(C)
              EXTR_P#1      EXTR_P#2      EXTR_P#3
              ________      ________      ________
                   85            86             0


     PARAMETER SPECIFICATION FOR THE ADDITIONAL PARAMETERS


           NEW/ADDITIONAL PARAMETERS
              RHO1MA        RHO2MA        RHO3MA        RHO1DE        RHO2DE
              ________      ________      ________      ________      ________
                   87            88            89            90            91


           NEW/ADDITIONAL PARAMETERS
              RHO3DE        RHO1EN        RHO2EN        RHO3EN        RHO1FR
              ________      ________      ________      ________      ________
                   92            93            94            95            96


           NEW/ADDITIONAL PARAMETERS
              RHO2FR        RHO3FR
              ________      ________
                   97            98


     STARTING VALUES FOR LATENT CLASS 1


           NU
              EXTRMA1       EXTRDE1       EXTREN1       EXTRFR1       EXTRMA2
              ________      ________      ________      ________      ________
                0.000         0.000         0.000         0.000         0.000


           NU
              EXTRDE2       EXTREN2       EXTRFR2       EXTRMA3       EXTRDE3
              ________      ________      ________      ________      ________
                0.000         0.000         0.000         0.000         0.000


           NU
              EXTREN3       EXTRFR3
              ________      ________
                0.000         0.000


           LAMBDA
              IMA           SMA           IDE           SDE           IEN
              ________      ________      ________      ________      ________
 EXTRMA1        1.000         0.000         0.000         0.000         0.000
 EXTRDE1        0.000         0.000         1.000         0.000         0.000
 EXTREN1        0.000         0.000         0.000         0.000         1.000
 EXTRFR1        0.000         0.000         0.000         0.000         0.000
 EXTRMA2        1.000         1.000         0.000         0.000         0.000
 EXTRDE2        0.000         0.000         1.000         1.000         0.000
 EXTREN2        0.000         0.000         0.000         0.000         1.000
 EXTRFR2        0.000         0.000         0.000         0.000         0.000
 EXTRMA3        1.000         2.000         0.000         0.000         0.000
 EXTRDE3        0.000         0.000         1.000         2.000         0.000
 EXTREN3        0.000         0.000         0.000         0.000         1.000
 EXTRFR3        0.000         0.000         0.000         0.000         0.000


           LAMBDA
              SEN           IFR           SFR
              ________      ________      ________
 EXTRMA1        0.000         0.000         0.000
 EXTRDE1        0.000         0.000         0.000
 EXTREN1        0.000         0.000         0.000
 EXTRFR1        0.000         1.000         0.000
 EXTRMA2        0.000         0.000         0.000
 EXTRDE2        0.000         0.000         0.000
 EXTREN2        1.000         0.000         0.000
 EXTRFR2        0.000         1.000         1.000
 EXTRMA3        0.000         0.000         0.000
 EXTRDE3        0.000         0.000         0.000
 EXTREN3        2.000         0.000         0.000
 EXTRFR3        0.000         1.000         2.000


           THETA
              EXTRMA1       EXTRDE1       EXTREN1       EXTRFR1       EXTRMA2
              ________      ________      ________      ________      ________
 EXTRMA1        0.432
 EXTRDE1        0.000         0.336
 EXTREN1        0.000         0.000         0.344
 EXTRFR1        0.000         0.000         0.000         0.425
 EXTRMA2        0.000         0.000         0.000         0.000         0.453
 EXTRDE2        0.000         0.000         0.000         0.000         0.000
 EXTREN2        0.000         0.000         0.000         0.000         0.000
 EXTRFR2        0.000         0.000         0.000         0.000         0.000
 EXTRMA3        0.000         0.000         0.000         0.000         0.000
 EXTRDE3        0.000         0.000         0.000         0.000         0.000
 EXTREN3        0.000         0.000         0.000         0.000         0.000
 EXTRFR3        0.000         0.000         0.000         0.000         0.000


           THETA
              EXTRDE2       EXTREN2       EXTRFR2       EXTRMA3       EXTRDE3
              ________      ________      ________      ________      ________
 EXTRDE2        0.376
 EXTREN2        0.000         0.381
 EXTRFR2        0.000         0.000         0.513
 EXTRMA3        0.000         0.000         0.000         0.501
 EXTRDE3        0.000         0.000         0.000         0.000         0.456
 EXTREN3        0.000         0.000         0.000         0.000         0.000
 EXTRFR3        0.000         0.000         0.000         0.000         0.000


           THETA
              EXTREN3       EXTRFR3
              ________      ________
 EXTREN3        0.408
 EXTRFR3        0.000         0.520


           ALPHA
              IMA           SMA           IDE           SDE           IEN
              ________      ________      ________      ________      ________
                3.667        -0.149         3.701        -0.118         3.844


           ALPHA
              SEN           IFR           SFR
              ________      ________      ________
               -0.043         3.616        -0.187


           BETA
              IMA           SMA           IDE           SDE           IEN
              ________      ________      ________      ________      ________
 IMA            0.000         0.000         0.000         0.000         0.000
 SMA            0.000         0.000         0.000         0.000         0.000
 IDE            0.000         0.000         0.000         0.000         0.000
 SDE            0.000         0.000         0.000         0.000         0.000
 IEN            0.000         0.000         0.000         0.000         0.000
 SEN            0.000         0.000         0.000         0.000         0.000
 IFR            0.000         0.000         0.000         0.000         0.000
 SFR            0.000         0.000         0.000         0.000         0.000


           BETA
              SEN           IFR           SFR
              ________      ________      ________
 IMA            0.000         0.000         0.000
 SMA            0.000         0.000         0.000
 IDE            0.000         0.000         0.000
 SDE            0.000         0.000         0.000
 IEN            0.000         0.000         0.000
 SEN            0.000         0.000         0.000
 IFR            0.000         0.000         0.000
 SFR            0.000         0.000         0.000


           PSI
              IMA           SMA           IDE           SDE           IEN
              ________      ________      ________      ________      ________
 IMA            0.000
 SMA            0.000         0.000
 IDE            0.000         0.000         0.000
 SDE            0.000         0.000         0.000         0.000
 IEN            0.000         0.000         0.000         0.000         0.000
 SEN            0.000         0.000         0.000         0.000         0.000
 IFR            0.000         0.000         0.000         0.000         0.000
 SFR            0.000         0.000         0.000         0.000         0.000


           PSI
              SEN           IFR           SFR
              ________      ________      ________
 SEN            0.000
 IFR            0.000         0.000
 SFR            0.000         0.000         0.000


     STARTING VALUES FOR LATENT CLASS 2


           NU
              EXTRMA1       EXTRDE1       EXTREN1       EXTRFR1       EXTRMA2
              ________      ________      ________      ________      ________
                0.000         0.000         0.000         0.000         0.000


           NU
              EXTRDE2       EXTREN2       EXTRFR2       EXTRMA3       EXTRDE3
              ________      ________      ________      ________      ________
                0.000         0.000         0.000         0.000         0.000


           NU
              EXTREN3       EXTRFR3
              ________      ________
                0.000         0.000


           LAMBDA
              IMA           SMA           IDE           SDE           IEN
              ________      ________      ________      ________      ________
 EXTRMA1        1.000         0.000         0.000         0.000         0.000
 EXTRDE1        0.000         0.000         1.000         0.000         0.000
 EXTREN1        0.000         0.000         0.000         0.000         1.000
 EXTRFR1        0.000         0.000         0.000         0.000         0.000
 EXTRMA2        1.000         1.000         0.000         0.000         0.000
 EXTRDE2        0.000         0.000         1.000         1.000         0.000
 EXTREN2        0.000         0.000         0.000         0.000         1.000
 EXTRFR2        0.000         0.000         0.000         0.000         0.000
 EXTRMA3        1.000         2.000         0.000         0.000         0.000
 EXTRDE3        0.000         0.000         1.000         2.000         0.000
 EXTREN3        0.000         0.000         0.000         0.000         1.000
 EXTRFR3        0.000         0.000         0.000         0.000         0.000


           LAMBDA
              SEN           IFR           SFR
              ________      ________      ________
 EXTRMA1        0.000         0.000         0.000
 EXTRDE1        0.000         0.000         0.000
 EXTREN1        0.000         0.000         0.000
 EXTRFR1        0.000         1.000         0.000
 EXTRMA2        0.000         0.000         0.000
 EXTRDE2        0.000         0.000         0.000
 EXTREN2        1.000         0.000         0.000
 EXTRFR2        0.000         1.000         1.000
 EXTRMA3        0.000         0.000         0.000
 EXTRDE3        0.000         0.000         0.000
 EXTREN3        2.000         0.000         0.000
 EXTRFR3        0.000         1.000         2.000


           THETA
              EXTRMA1       EXTRDE1       EXTREN1       EXTRFR1       EXTRMA2
              ________      ________      ________      ________      ________
 EXTRMA1        0.432
 EXTRDE1        0.000         0.336
 EXTREN1        0.000         0.000         0.344
 EXTRFR1        0.000         0.000         0.000         0.425
 EXTRMA2        0.000         0.000         0.000         0.000         0.453
 EXTRDE2        0.000         0.000         0.000         0.000         0.000
 EXTREN2        0.000         0.000         0.000         0.000         0.000
 EXTRFR2        0.000         0.000         0.000         0.000         0.000
 EXTRMA3        0.000         0.000         0.000         0.000         0.000
 EXTRDE3        0.000         0.000         0.000         0.000         0.000
 EXTREN3        0.000         0.000         0.000         0.000         0.000
 EXTRFR3        0.000         0.000         0.000         0.000         0.000


           THETA
              EXTRDE2       EXTREN2       EXTRFR2       EXTRMA3       EXTRDE3
              ________      ________      ________      ________      ________
 EXTRDE2        0.376
 EXTREN2        0.000         0.381
 EXTRFR2        0.000         0.000         0.513
 EXTRMA3        0.000         0.000         0.000         0.501
 EXTRDE3        0.000         0.000         0.000         0.000         0.456
 EXTREN3        0.000         0.000         0.000         0.000         0.000
 EXTRFR3        0.000         0.000         0.000         0.000         0.000


           THETA
              EXTREN3       EXTRFR3
              ________      ________
 EXTREN3        0.408
 EXTRFR3        0.000         0.520


           ALPHA
              IMA           SMA           IDE           SDE           IEN
              ________      ________      ________      ________      ________
                3.667        -0.149         3.701        -0.118         3.844


           ALPHA
              SEN           IFR           SFR
              ________      ________      ________
               -0.043         3.616        -0.187


           BETA
              IMA           SMA           IDE           SDE           IEN
              ________      ________      ________      ________      ________
 IMA            0.000         0.000         0.000         0.000         0.000
 SMA            0.000         0.000         0.000         0.000         0.000
 IDE            0.000         0.000         0.000         0.000         0.000
 SDE            0.000         0.000         0.000         0.000         0.000
 IEN            0.000         0.000         0.000         0.000         0.000
 SEN            0.000         0.000         0.000         0.000         0.000
 IFR            0.000         0.000         0.000         0.000         0.000
 SFR            0.000         0.000         0.000         0.000         0.000


           BETA
              SEN           IFR           SFR
              ________      ________      ________
 IMA            0.000         0.000         0.000
 SMA            0.000         0.000         0.000
 IDE            0.000         0.000         0.000
 SDE            0.000         0.000         0.000
 IEN            0.000         0.000         0.000
 SEN            0.000         0.000         0.000
 IFR            0.000         0.000         0.000
 SFR            0.000         0.000         0.000


           PSI
              IMA           SMA           IDE           SDE           IEN
              ________      ________      ________      ________      ________
 IMA            0.000
 SMA            0.000         0.000
 IDE            0.000         0.000         0.000
 SDE            0.000         0.000         0.000         0.000
 IEN            0.000         0.000         0.000         0.000         0.000
 SEN            0.000         0.000         0.000         0.000         0.000
 IFR            0.000         0.000         0.000         0.000         0.000
 SFR            0.000         0.000         0.000         0.000         0.000


           PSI
              SEN           IFR           SFR
              ________      ________      ________
 SEN            0.000
 IFR            0.000         0.000
 SFR            0.000         0.000         0.000


     STARTING VALUES FOR LATENT CLASS 3


           NU
              EXTRMA1       EXTRDE1       EXTREN1       EXTRFR1       EXTRMA2
              ________      ________      ________      ________      ________
                0.000         0.000         0.000         0.000         0.000


           NU
              EXTRDE2       EXTREN2       EXTRFR2       EXTRMA3       EXTRDE3
              ________      ________      ________      ________      ________
                0.000         0.000         0.000         0.000         0.000


           NU
              EXTREN3       EXTRFR3
              ________      ________
                0.000         0.000


           LAMBDA
              IMA           SMA           IDE           SDE           IEN
              ________      ________      ________      ________      ________
 EXTRMA1        1.000         0.000         0.000         0.000         0.000
 EXTRDE1        0.000         0.000         1.000         0.000         0.000
 EXTREN1        0.000         0.000         0.000         0.000         1.000
 EXTRFR1        0.000         0.000         0.000         0.000         0.000
 EXTRMA2        1.000         1.000         0.000         0.000         0.000
 EXTRDE2        0.000         0.000         1.000         1.000         0.000
 EXTREN2        0.000         0.000         0.000         0.000         1.000
 EXTRFR2        0.000         0.000         0.000         0.000         0.000
 EXTRMA3        1.000         2.000         0.000         0.000         0.000
 EXTRDE3        0.000         0.000         1.000         2.000         0.000
 EXTREN3        0.000         0.000         0.000         0.000         1.000
 EXTRFR3        0.000         0.000         0.000         0.000         0.000


           LAMBDA
              SEN           IFR           SFR
              ________      ________      ________
 EXTRMA1        0.000         0.000         0.000
 EXTRDE1        0.000         0.000         0.000
 EXTREN1        0.000         0.000         0.000
 EXTRFR1        0.000         1.000         0.000
 EXTRMA2        0.000         0.000         0.000
 EXTRDE2        0.000         0.000         0.000
 EXTREN2        1.000         0.000         0.000
 EXTRFR2        0.000         1.000         1.000
 EXTRMA3        0.000         0.000         0.000
 EXTRDE3        0.000         0.000         0.000
 EXTREN3        2.000         0.000         0.000
 EXTRFR3        0.000         1.000         2.000


           THETA
              EXTRMA1       EXTRDE1       EXTREN1       EXTRFR1       EXTRMA2
              ________      ________      ________      ________      ________
 EXTRMA1        0.432
 EXTRDE1        0.000         0.336
 EXTREN1        0.000         0.000         0.344
 EXTRFR1        0.000         0.000         0.000         0.425
 EXTRMA2        0.000         0.000         0.000         0.000         0.453
 EXTRDE2        0.000         0.000         0.000         0.000         0.000
 EXTREN2        0.000         0.000         0.000         0.000         0.000
 EXTRFR2        0.000         0.000         0.000         0.000         0.000
 EXTRMA3        0.000         0.000         0.000         0.000         0.000
 EXTRDE3        0.000         0.000         0.000         0.000         0.000
 EXTREN3        0.000         0.000         0.000         0.000         0.000
 EXTRFR3        0.000         0.000         0.000         0.000         0.000


           THETA
              EXTRDE2       EXTREN2       EXTRFR2       EXTRMA3       EXTRDE3
              ________      ________      ________      ________      ________
 EXTRDE2        0.376
 EXTREN2        0.000         0.381
 EXTRFR2        0.000         0.000         0.513
 EXTRMA3        0.000         0.000         0.000         0.501
 EXTRDE3        0.000         0.000         0.000         0.000         0.456
 EXTREN3        0.000         0.000         0.000         0.000         0.000
 EXTRFR3        0.000         0.000         0.000         0.000         0.000


           THETA
              EXTREN3       EXTRFR3
              ________      ________
 EXTREN3        0.408
 EXTRFR3        0.000         0.520


           ALPHA
              IMA           SMA           IDE           SDE           IEN
              ________      ________      ________      ________      ________
                3.667        -0.149         3.701        -0.118         3.844


           ALPHA
              SEN           IFR           SFR
              ________      ________      ________
               -0.043         3.616        -0.187


           BETA
              IMA           SMA           IDE           SDE           IEN
              ________      ________      ________      ________      ________
 IMA            0.000         0.000         0.000         0.000         0.000
 SMA            0.000         0.000         0.000         0.000         0.000
 IDE            0.000         0.000         0.000         0.000         0.000
 SDE            0.000         0.000         0.000         0.000         0.000
 IEN            0.000         0.000         0.000         0.000         0.000
 SEN            0.000         0.000         0.000         0.000         0.000
 IFR            0.000         0.000         0.000         0.000         0.000
 SFR            0.000         0.000         0.000         0.000         0.000


           BETA
              SEN           IFR           SFR
              ________      ________      ________
 IMA            0.000         0.000         0.000
 SMA            0.000         0.000         0.000
 IDE            0.000         0.000         0.000
 SDE            0.000         0.000         0.000
 IEN            0.000         0.000         0.000
 SEN            0.000         0.000         0.000
 IFR            0.000         0.000         0.000
 SFR            0.000         0.000         0.000


           PSI
              IMA           SMA           IDE           SDE           IEN
              ________      ________      ________      ________      ________
 IMA            0.000
 SMA            0.000         0.000
 IDE            0.000         0.000         0.000
 SDE            0.000         0.000         0.000         0.000
 IEN            0.000         0.000         0.000         0.000         0.000
 SEN            0.000         0.000         0.000         0.000         0.000
 IFR            0.000         0.000         0.000         0.000         0.000
 SFR            0.000         0.000         0.000         0.000         0.000


           PSI
              SEN           IFR           SFR
              ________      ________      ________
 SEN            0.000
 IFR            0.000         0.000
 SFR            0.000         0.000         0.000


     STARTING VALUES FOR LATENT CLASS REGRESSION MODEL PART


           ALPHA(C)
              EXTR_P#1      EXTR_P#2      EXTR_P#3
              ________      ________      ________
                0.000         0.000         0.000


     STARTING VALUES FOR THE ADDITIONAL PARAMETERS


           NEW/ADDITIONAL PARAMETERS
              RHO1MA        RHO2MA        RHO3MA        RHO1DE        RHO2DE
              ________      ________      ________      ________      ________
                0.500         0.500         0.500         0.500         0.500


           NEW/ADDITIONAL PARAMETERS
              RHO3DE        RHO1EN        RHO2EN        RHO3EN        RHO1FR
              ________      ________      ________      ________      ________
                0.500         0.500         0.500         0.500         0.500


           NEW/ADDITIONAL PARAMETERS
              RHO2FR        RHO3FR
              ________      ________
                0.500         0.500


     Beginning Time:  22:38:10
        Ending Time:  22:38:10
       Elapsed Time:  00:00:00



MUTHEN & MUTHEN
3463 Stoner Ave.
Los Angeles, CA  90066

Tel: (310) 391-9971
Fax: (310) 391-8971
Web: www.StatModel.com
Support: Support@StatModel.com

Copyright (c) 1998-2020 Muthen & Muthen
