Mplus VERSION 8.5
MUTHEN & MUTHEN
04/17/2025   1:31 AM

INPUT INSTRUCTIONS


  TITLE:
  GMM_Extr_hom_com_2p

  DATA:
  FILE IS
  "C:/local user data/OPFE/OPFE_R/mot_mplus_fullgender_sp_noschaffhausen.txt";

  VARIABLE:

  NAMES ARE
  ID Class Male1 Age1
  AutoMA1 AutoMA2 AutoMA3 AutoDE1 AutoDE2 AutoDE3
  AutoEN1 AutoEN2 AutoEN3 AutoFR1 AutoFR2 AutoFR3
  KomMA1 KomMA2 KomMA3 KomEN1 KomEN2 KomEN3
  KomFR1 KomFR2 KomFR3 KomDE1 KomDE2 KomDE3
  SozMA1 SozMA2 SozMA3 SozEN1 SozEN2 SozEN3
  SozFR1 SozFR2 SozFR3 SozDE1 SozDE2 SozDE3
  Neurot1 Extrav1 Offen1 Toler1 Consc1
  Consc3 Offen3 Neurot3 Extrav3 Toler3
  ExtrMA1 IntrMA1 ExtrEN1 IntrEN1 ExtrFR1 IntrFR1 ExtrDE1 IntrDE1
  ExtrMA2 IntrMA2 ExtrEN2 IntrEN2 ExtrFR2 IntrFR2 ExtrDE2 IntrDE2
  ExtrMA3 IntrMA3 ExtrEN3 IntrEN3 ExtrFR3 IntrFR3 ExtrDE3 IntrDE3
  male1ful sp
  ;

  MISSING ARE ALL(9999);

  USEVARIABLES ARE ExtrMA1
                   ExtrDE1
                   ExtrEN1
                   ExtrFR1
                   ExtrMA2
                   ExtrDE2
                   ExtrEN2
                   ExtrFR2
                   ExtrMA3
                   ExtrDE3
                   ExtrEN3
                   ExtrFR3
  ;

  CLASSES =
            Extr_p (2)

  ;


  ANALYSIS:
  TYPE IS MIXTURE;

  STARTS = 1000 400;
  PROCESS = 8 1;
  STSEED = 666;

  MODEL:

  %OVERALL%

  ! Define latent growth factors for each process
    iMA sMA | ExtrMA1@0 ExtrMA2@1 ExtrMA3@2;
    iDE sDE | ExtrDE1@0 ExtrDE2@1 ExtrDE3@2;
    iEN sEN | ExtrEN1@0 ExtrEN2@1 ExtrEN3@2;
    iFR sFR | ExtrFR1@0 ExtrFR2@1 ExtrFR3@2;

  %Extr_p#1%

  [iMA sMA iDE sDE iEN sEN iFR sFR];
  iMA@0 sMA@0 iDE@0 sDE@0 iEN@0 sEN@0 iFR@0 sFR@0;

  !Residual variance structure


   !homogeneous variances, exchangeable residual variances

  ExtrMA1 (MAvar1);
  ExtrMA2 (MAvar1);
  ExtrMA3 (MAvar1);

  ExtrMA1 WITH ExtrMA2 (MAa1);
  ExtrMA2 WITH ExtrMA3 (MAa1);
  ExtrMA1 WITH ExtrMA3 (MAa1);

  ExtrDE1 (DEvar1);
  ExtrDE2 (DEvar1);
  ExtrDE3 (DEvar1);

  ExtrDE1 WITH ExtrDE2 (DEa1);
  ExtrDE2 WITH ExtrDE3 (DEa1);
  ExtrDE1 WITH ExtrDE3 (DEa1);

  ExtrEN1 (ENvar1);
  ExtrEN2 (ENvar1);
  ExtrEN3 (ENvar1);

  ExtrEN1 WITH ExtrEN2 (ENa1);
  ExtrEN2 WITH ExtrEN3 (ENa1);
  ExtrEN1 WITH ExtrEN3 (ENa1);

  ExtrFR1 (FRvar1);
  ExtrFR2 (FRvar1);
  ExtrFR3 (FRvar1);

  ExtrFR1 WITH ExtrFR2 (FRa1);
  ExtrFR2 WITH ExtrFR3 (FRa1);
  ExtrFR1 WITH ExtrFR3 (FRa1);




  !Residual variance structure







  %Extr_p#2%

  [iMA sMA iDE sDE iEN sEN iFR sFR];
  iMA@0 sMA@0 iDE@0 sDE@0 iEN@0 sEN@0 iFR@0 sFR@0;

  !Residual variance structure


   !homogeneous variances, exchangeable residual variances

  ExtrMA1 (MAvar2);
  ExtrMA2 (MAvar2);
  ExtrMA3 (MAvar2);

  ExtrMA1 WITH ExtrMA2 (MAb1);
  ExtrMA2 WITH ExtrMA3 (MAb1);
  ExtrMA1 WITH ExtrMA3 (MAb1);

  ExtrDE1 (DEvar2);
  ExtrDE2 (DEvar2);
  ExtrDE3 (DEvar2);

  ExtrDE1 WITH ExtrDE2 (DEb1);
  ExtrDE2 WITH ExtrDE3 (DEb1);
  ExtrDE1 WITH ExtrDE3 (DEb1);

  ExtrEN1 (ENvar2);
  ExtrEN2 (ENvar2);
  ExtrEN3 (ENvar2);

  ExtrEN1 WITH ExtrEN2 (ENb1);
  ExtrEN2 WITH ExtrEN3 (ENb1);
  ExtrEN1 WITH ExtrEN3 (ENb1);

  ExtrFR1 (FRvar2);
  ExtrFR2 (FRvar2);
  ExtrFR3 (FRvar2);

  ExtrFR1 WITH ExtrFR2 (FRb1);
  ExtrFR2 WITH ExtrFR3 (FRb1);
  ExtrFR1 WITH ExtrFR3 (FRb1);




  !Residual variance structure














  OUTPUT:
  sampstat residual tech1 tech4 tech15;







*** WARNING in MODEL command
  All continuous latent variable covariances involving IMA have been fixed to 0
  because the variance of IMA is fixed at 0.
*** WARNING in MODEL command
  All continuous latent variable covariances involving SMA have been fixed to 0
  because the variance of SMA is fixed at 0.
*** WARNING in MODEL command
  All continuous latent variable covariances involving IDE have been fixed to 0
  because the variance of IDE is fixed at 0.
*** WARNING in MODEL command
  All continuous latent variable covariances involving SDE have been fixed to 0
  because the variance of SDE is fixed at 0.
*** WARNING in MODEL command
  All continuous latent variable covariances involving IEN have been fixed to 0
  because the variance of IEN is fixed at 0.
*** WARNING in MODEL command
  All continuous latent variable covariances involving SEN have been fixed to 0
  because the variance of SEN is fixed at 0.
*** WARNING in MODEL command
  All continuous latent variable covariances involving IFR have been fixed to 0
  because the variance of IFR is fixed at 0.
*** WARNING in MODEL command
  All continuous latent variable covariances involving IMA have been fixed to 0
  because the variance of IMA is fixed at 0.
*** WARNING in MODEL command
  All continuous latent variable covariances involving SMA have been fixed to 0
  because the variance of SMA is fixed at 0.
*** WARNING in MODEL command
  All continuous latent variable covariances involving IDE have been fixed to 0
  because the variance of IDE is fixed at 0.
*** WARNING in MODEL command
  All continuous latent variable covariances involving SDE have been fixed to 0
  because the variance of SDE is fixed at 0.
*** WARNING in MODEL command
  All continuous latent variable covariances involving IEN have been fixed to 0
  because the variance of IEN is fixed at 0.
*** WARNING in MODEL command
  All continuous latent variable covariances involving SEN have been fixed to 0
  because the variance of SEN is fixed at 0.
*** WARNING in MODEL command
  All continuous latent variable covariances involving IFR have been fixed to 0
  because the variance of IFR is fixed at 0.
*** WARNING in OUTPUT command
  TECH15 option is not available for TYPE=MIXTURE with a single latent class
  variable.  Request for TECH15 will be ignored.
*** WARNING
  Data set contains cases with missing on all variables.
  These cases were not included in the analysis.
  Number of cases with missing on all variables:  3
  16 WARNING(S) FOUND IN THE INPUT INSTRUCTIONS




GMM_Extr_hom_com_2p

SUMMARY OF ANALYSIS

Number of groups                                                 1
Number of observations                                         847

Number of dependent variables                                   12
Number of independent variables                                  0
Number of continuous latent variables                            8
Number of categorical latent variables                           1

Observed dependent variables

  Continuous
   EXTRMA1     EXTRDE1     EXTREN1     EXTRFR1     EXTRMA2     EXTRDE2
   EXTREN2     EXTRFR2     EXTRMA3     EXTRDE3     EXTREN3     EXTRFR3

Continuous latent variables
   IMA         SMA         IDE         SDE         IEN         SEN
   IFR         SFR

Categorical latent variables
   EXTR_P


Estimator                                                      MLR
Information matrix                                        OBSERVED
Optimization Specifications for the Quasi-Newton Algorithm for
Continuous Outcomes
  Maximum number of iterations                                 100
  Convergence criterion                                  0.100D-05
Optimization Specifications for the EM Algorithm
  Maximum number of iterations                                 500
  Convergence criteria
    Loglikelihood change                                 0.100D-06
    Relative loglikelihood change                        0.100D-06
    Derivative                                           0.100D-05
Optimization Specifications for the M step of the EM Algorithm for
Categorical Latent variables
  Number of M step iterations                                    1
  M step convergence criterion                           0.100D-05
  Basis for M step termination                           ITERATION
Optimization Specifications for the M step of the EM Algorithm for
Censored, Binary or Ordered Categorical (Ordinal), Unordered
Categorical (Nominal) and Count Outcomes
  Number of M step iterations                                    1
  M step convergence criterion                           0.100D-05
  Basis for M step termination                           ITERATION
  Maximum value for logit thresholds                            15
  Minimum value for logit thresholds                           -15
  Minimum expected cell size for chi-square              0.100D-01
Maximum number of iterations for H1                           2000
Convergence criterion for H1                             0.100D-03
Optimization algorithm                                         EMA
Random Starts Specifications
  Number of initial stage random starts                       1000
  Number of final stage optimizations                          400
  Number of initial stage iterations                            10
  Initial stage convergence criterion                    0.100D+01
  Random starts scale                                    0.500D+01
  Random seed for generating random starts                     666

Input data file(s)
  C:/local user data/OPFE/OPFE_R/mot_mplus_fullgender_sp_noschaffhausen.txt
Input data format  FREE


SUMMARY OF DATA

     Number of missing data patterns            24
     Number of y missing data patterns          24
     Number of u missing data patterns           0


COVARIANCE COVERAGE OF DATA

Minimum covariance coverage value   0.100


     PROPORTION OF DATA PRESENT FOR Y


           Covariance Coverage
              EXTRMA1       EXTRDE1       EXTREN1       EXTRFR1       EXTRMA2
              ________      ________      ________      ________      ________
 EXTRMA1        0.888
 EXTRDE1        0.884         0.885
 EXTREN1        0.883         0.882         0.884
 EXTRFR1        0.887         0.884         0.883         0.888
 EXTRMA2        0.715         0.714         0.714         0.717         0.778
 EXTRDE2        0.715         0.714         0.714         0.717         0.778
 EXTREN2        0.715         0.714         0.714         0.717         0.778
 EXTRFR2        0.713         0.712         0.712         0.714         0.774
 EXTRMA3        0.689         0.687         0.686         0.689         0.666
 EXTRDE3        0.688         0.686         0.685         0.688         0.664
 EXTREN3        0.686         0.684         0.682         0.686         0.662
 EXTRFR3        0.681         0.679         0.678         0.681         0.662


           Covariance Coverage
              EXTRDE2       EXTREN2       EXTRFR2       EXTRMA3       EXTRDE3
              ________      ________      ________      ________      ________
 EXTRDE2        0.778
 EXTREN2        0.778         0.778
 EXTRFR2        0.774         0.774         0.774
 EXTRMA3        0.666         0.666         0.665         0.787
 EXTRDE3        0.664         0.664         0.662         0.784         0.784
 EXTREN3        0.662         0.662         0.661         0.784         0.780
 EXTRFR3        0.662         0.662         0.661         0.779         0.777


           Covariance Coverage
              EXTREN3       EXTRFR3
              ________      ________
 EXTREN3        0.784
 EXTRFR3        0.776         0.779


SAMPLE STATISTICS


     ESTIMATED SAMPLE STATISTICS


           Means
              EXTRMA1       EXTRDE1       EXTREN1       EXTRFR1       EXTRMA2
              ________      ________      ________      ________      ________
                3.650         3.690         3.846         3.582         3.485


           Means
              EXTRDE2       EXTREN2       EXTRFR2       EXTRMA3       EXTRDE3
              ________      ________      ________      ________      ________
                3.577         3.763         3.423         3.369         3.448


           Means
              EXTREN3       EXTRFR3
              ________      ________
                3.788         3.232


           Covariances
              EXTRMA1       EXTRDE1       EXTREN1       EXTRFR1       EXTRMA2
              ________      ________      ________      ________      ________
 EXTRMA1        0.868
 EXTRDE1        0.272         0.683
 EXTREN1        0.314         0.387         0.692
 EXTRFR1        0.369         0.438         0.466         0.846
 EXTRMA2        0.524         0.192         0.172         0.286         0.909
 EXTRDE2        0.230         0.398         0.293         0.353         0.312
 EXTREN2        0.285         0.314         0.472         0.417         0.342
 EXTRFR2        0.324         0.379         0.404         0.605         0.392
 EXTRMA3        0.480         0.157         0.123         0.258         0.644
 EXTRDE3        0.123         0.413         0.288         0.327         0.218
 EXTREN3        0.201         0.274         0.400         0.328         0.233
 EXTRFR3        0.188         0.340         0.350         0.577         0.241


           Covariances
              EXTRDE2       EXTREN2       EXTRFR2       EXTRMA3       EXTRDE3
              ________      ________      ________      ________      ________
 EXTRDE2        0.757
 EXTREN2        0.443         0.767
 EXTRFR2        0.517         0.515         1.031
 EXTRMA3        0.248         0.217         0.289         1.016
 EXTRDE3        0.526         0.368         0.466         0.264         0.923
 EXTREN3        0.350         0.488         0.413         0.311         0.465
 EXTRFR3        0.380         0.427         0.723         0.304         0.537


           Covariances
              EXTREN3       EXTRFR3
              ________      ________
 EXTREN3        0.818
 EXTRFR3        0.491         1.052


           Correlations
              EXTRMA1       EXTRDE1       EXTREN1       EXTRFR1       EXTRMA2
              ________      ________      ________      ________      ________
 EXTRMA1        1.000
 EXTRDE1        0.353         1.000
 EXTREN1        0.405         0.563         1.000
 EXTRFR1        0.431         0.577         0.609         1.000
 EXTRMA2        0.590         0.243         0.217         0.326         1.000
 EXTRDE2        0.284         0.553         0.405         0.441         0.376
 EXTREN2        0.350         0.434         0.648         0.517         0.409
 EXTRFR2        0.342         0.452         0.479         0.648         0.405
 EXTRMA3        0.511         0.188         0.147         0.278         0.670
 EXTRDE3        0.138         0.519         0.360         0.370         0.238
 EXTREN3        0.238         0.367         0.532         0.394         0.270
 EXTRFR3        0.197         0.401         0.410         0.611         0.246


           Correlations
              EXTRDE2       EXTREN2       EXTRFR2       EXTRMA3       EXTRDE3
              ________      ________      ________      ________      ________
 EXTRDE2        1.000
 EXTREN2        0.582         1.000
 EXTRFR2        0.585         0.579         1.000
 EXTRMA3        0.283         0.245         0.282         1.000
 EXTRDE3        0.629         0.437         0.477         0.272         1.000
 EXTREN3        0.444         0.616         0.450         0.341         0.535
 EXTRFR3        0.426         0.475         0.694         0.294         0.545


           Correlations
              EXTREN3       EXTRFR3
              ________      ________
 EXTREN3        1.000
 EXTRFR3        0.529         1.000


     MAXIMUM LOG-LIKELIHOOD VALUE FOR THE UNRESTRICTED (H1) MODEL IS -8859.153


UNIVARIATE SAMPLE STATISTICS


     UNIVARIATE HIGHER-ORDER MOMENT DESCRIPTIVE STATISTICS

         Variable/         Mean/     Skewness/   Minimum/ % with                Percentiles
        Sample Size      Variance    Kurtosis    Maximum  Min/Max      20%/60%    40%/80%    Median

     EXTRMA1               3.649      -0.475       1.000    1.06%       3.000      3.333      3.667
             752.000       0.863      -0.143       5.000   13.30%       4.000      4.667
     EXTRDE1               3.690      -0.354       1.000    0.53%       3.000      3.667      3.667
             750.000       0.673      -0.131       5.000   10.40%       4.000      4.333
     EXTREN1               3.829      -0.569       1.000    0.27%       3.000      3.667      4.000
             749.000       0.688       0.013       5.000   14.15%       4.000      4.667
     EXTRFR1               3.572      -0.403       1.000    0.80%       3.000      3.333      3.667
             752.000       0.850      -0.306       5.000    9.71%       4.000      4.333
     EXTRMA2               3.491      -0.345       1.000    2.12%       2.667      3.333      3.667
             659.000       0.905      -0.300       5.000    9.86%       3.667      4.333
     EXTRDE2               3.579      -0.369       1.000    1.37%       3.000      3.333      3.667
             659.000       0.752       0.038       5.000    9.86%       4.000      4.333
     EXTREN2               3.772      -0.609       1.000    1.06%       3.000      3.667      4.000
             659.000       0.762       0.217       5.000   14.26%       4.000      4.667
     EXTRFR2               3.452      -0.464       1.000    2.90%       2.667      3.333      3.667
             656.000       1.026      -0.376       5.000    9.60%       3.667      4.333
     EXTRMA3               3.396      -0.307       1.000    3.15%       2.667      3.000      3.333
             667.000       1.002      -0.452       5.000    9.15%       3.667      4.333
     EXTRDE3               3.468      -0.382       1.000    2.11%       2.667      3.333      3.667
             664.000       0.913      -0.197       5.000    9.64%       3.667      4.333
     EXTREN3               3.799      -0.648       1.000    0.90%       3.000      3.667      4.000
             664.000       0.816       0.065       5.000   15.96%       4.000      4.667
     EXTRFR3               3.261      -0.263       1.000    3.64%       2.333      3.000      3.333
             660.000       1.041      -0.575       5.000    6.97%       3.667      4.000

RANDOM STARTS RESULTS RANKED FROM THE BEST TO THE WORST LOGLIKELIHOOD VALUES

242 perturbed starting value run(s) did not converge in the initial stage
optimizations.

Final stage loglikelihood values at local maxima, seeds, and initial stage start numbers:

           -9328.915  838128           672
           -9328.915  683600           878
           -9328.915  712823           149
           -9328.915  569338           677
           -9328.915  353214           340
           -9328.915  98628            129
           -9328.915  525040           318
           -9328.915  245408           985
           -9328.915  970806           498
           -9328.915  182795           495
           -9328.915  795452           754
           -9328.915  846605           654
           -9328.915  422885           258
           -9328.915  889306           819
           -9328.915  818856           100
           -9328.915  937685           316
           -9328.915  42433            669
           -9328.915  550725           986
           -9328.915  143995           803
           -9328.915  286765           868
           -9328.915  190969           435
           -9328.915  886360           505
           -9328.915  644990           145
           -9328.915  271370           354
           -9328.915  436969           414
           -9328.915  263699           617
           -9328.915  321046           418
           -9328.915  449754           484
           -9328.915  318062           7
           -9328.915  105041           411
           -9328.915  468267           183
           -9328.915  208166           590
           -9328.915  663904           707
           -9328.915  548733           655
           -9328.915  949544           619
           -9328.915  267346           568
           -9328.915  528469           483
           -9328.915  758664           870
           -9328.915  719926           980
           -9328.915  41275            272
           -9328.915  708235           652
           -9328.915  243004           365
           -9328.915  920170           223
           -9328.915  30010            472
           -9328.915  577284           860
           -9328.915  242984           630
           -9328.915  780777           446
           -9328.915  814898           899
           -9328.915  771045           664
           -9328.915  358665           717
           -9328.915  161120           929
           -9328.915  907253           25
           -9328.915  567998           224
           -9328.915  941942           247
           -9328.915  18885            705
           -9328.915  998205           155
           -9328.915  830355           2
           -9328.915  362836           801
           -9328.915  958516           76
           -9328.915  746362           518
           -9328.915  36702            253
           -9328.915  550937           743
           -9328.915  5370             831
           -9328.915  12390            753
           -9328.915  758274           977
           -9328.915  13955            729
           -9328.915  848432           796
           -9328.915  669198           107
           -9328.915  476101           915
           -9328.915  575347           555
           -9328.915  721069           467
           -9328.915  984916           397
           -9328.915  139153           583
           -9328.915  381226           322
           -9328.915  523361           494
           -9328.915  903848           640
           -9328.915  630857           165
           -9328.915  452082           808
           -9328.915  704390           908
           -9328.915  555981           162
           -9328.915  101963           215
           -9328.915  413894           890
           -9328.915  571096           532
           -9328.915  770188           398
           -9328.915  174578           476
           -9328.915  369545           966
           -9328.915  888019           919

313 perturbed starting value run(s) did not converge or were rejected in the third stage.



THE BEST LOGLIKELIHOOD VALUE HAS BEEN REPLICATED.  RERUN WITH AT LEAST TWICE THE
RANDOM STARTS TO CHECK THAT THE BEST LOGLIKELIHOOD IS STILL OBTAINED AND REPLICATED.


THE MODEL ESTIMATION TERMINATED NORMALLY



MODEL FIT INFORMATION

Number of Free Parameters                       33

Loglikelihood

          H0 Value                       -9328.915
          H0 Scaling Correction Factor      1.2831
            for MLR

Information Criteria

          Akaike (AIC)                   18723.829
          Bayesian (BIC)                 18880.305
          Sample-Size Adjusted BIC       18775.507
            (n* = (n + 2) / 24)



FINAL CLASS COUNTS AND PROPORTIONS FOR THE LATENT CLASSES
BASED ON THE ESTIMATED MODEL

    Latent
   Classes

       1        402.84383          0.47561
       2        444.15617          0.52439


FINAL CLASS COUNTS AND PROPORTIONS FOR THE LATENT CLASSES
BASED ON ESTIMATED POSTERIOR PROBABILITIES

    Latent
   Classes

       1        402.84383          0.47561
       2        444.15617          0.52439


FINAL CLASS COUNTS AND PROPORTIONS FOR THE LATENT CLASSES
BASED ON THEIR MOST LIKELY LATENT CLASS MEMBERSHIP

Class Counts and Proportions

    Latent
   Classes

       1              404          0.47698
       2              443          0.52302


CLASSIFICATION QUALITY

     Entropy                         0.750


Average Latent Class Probabilities for Most Likely Latent Class Membership (Row)
by Latent Class (Column)

           1        2

    1   0.922    0.078
    2   0.069    0.931


Classification Probabilities for the Most Likely Latent Class Membership (Column)
by Latent Class (Row)

           1        2

    1   0.924    0.076
    2   0.071    0.929


Logits for the Classification Probabilities for the Most Likely Latent Class Membership (Column)
by Latent Class (Row)

              1        2

    1      2.501    0.000
    2     -2.566    0.000


MODEL RESULTS

                                                    Two-Tailed
                    Estimate       S.E.  Est./S.E.    P-Value

Latent Class 1

 IMA      |
    EXTRMA1            1.000      0.000    999.000    999.000
    EXTRMA2            1.000      0.000    999.000    999.000
    EXTRMA3            1.000      0.000    999.000    999.000

 SMA      |
    EXTRMA1            0.000      0.000    999.000    999.000
    EXTRMA2            1.000      0.000    999.000    999.000
    EXTRMA3            2.000      0.000    999.000    999.000

 IDE      |
    EXTRDE1            1.000      0.000    999.000    999.000
    EXTRDE2            1.000      0.000    999.000    999.000
    EXTRDE3            1.000      0.000    999.000    999.000

 SDE      |
    EXTRDE1            0.000      0.000    999.000    999.000
    EXTRDE2            1.000      0.000    999.000    999.000
    EXTRDE3            2.000      0.000    999.000    999.000

 IEN      |
    EXTREN1            1.000      0.000    999.000    999.000
    EXTREN2            1.000      0.000    999.000    999.000
    EXTREN3            1.000      0.000    999.000    999.000

 SEN      |
    EXTREN1            0.000      0.000    999.000    999.000
    EXTREN2            1.000      0.000    999.000    999.000
    EXTREN3            2.000      0.000    999.000    999.000

 IFR      |
    EXTRFR1            1.000      0.000    999.000    999.000
    EXTRFR2            1.000      0.000    999.000    999.000
    EXTRFR3            1.000      0.000    999.000    999.000

 SFR      |
    EXTRFR1            0.000      0.000    999.000    999.000
    EXTRFR2            1.000      0.000    999.000    999.000
    EXTRFR3            2.000      0.000    999.000    999.000

 SMA      WITH
    IMA                0.000      0.000    999.000    999.000

 IDE      WITH
    IMA                0.000      0.000    999.000    999.000
    SMA                0.000      0.000    999.000    999.000

 SDE      WITH
    IMA                0.000      0.000    999.000    999.000
    SMA                0.000      0.000    999.000    999.000
    IDE                0.000      0.000    999.000    999.000

 IEN      WITH
    IMA                0.000      0.000    999.000    999.000
    SMA                0.000      0.000    999.000    999.000
    IDE                0.000      0.000    999.000    999.000
    SDE                0.000      0.000    999.000    999.000

 SEN      WITH
    IMA                0.000      0.000    999.000    999.000
    SMA                0.000      0.000    999.000    999.000
    IDE                0.000      0.000    999.000    999.000
    SDE                0.000      0.000    999.000    999.000
    IEN                0.000      0.000    999.000    999.000

 IFR      WITH
    IMA                0.000      0.000    999.000    999.000
    SMA                0.000      0.000    999.000    999.000
    IDE                0.000      0.000    999.000    999.000
    SDE                0.000      0.000    999.000    999.000
    IEN                0.000      0.000    999.000    999.000
    SEN                0.000      0.000    999.000    999.000

 SFR      WITH
    IMA                0.000      0.000    999.000    999.000
    SMA                0.000      0.000    999.000    999.000
    IDE                0.000      0.000    999.000    999.000
    SDE                0.000      0.000    999.000    999.000
    IEN                0.000      0.000    999.000    999.000
    SEN                0.000      0.000    999.000    999.000
    IFR                0.000      0.000    999.000    999.000

 EXTRMA1  WITH
    EXTRMA2            0.444      0.050      8.937      0.000
    EXTRMA3            0.444      0.050      8.937      0.000

 EXTRMA2  WITH
    EXTRMA3            0.444      0.050      8.937      0.000

 EXTRDE1  WITH
    EXTRDE2            0.197      0.022      8.854      0.000
    EXTRDE3            0.197      0.022      8.854      0.000

 EXTRDE2  WITH
    EXTRDE3            0.197      0.022      8.854      0.000

 EXTREN1  WITH
    EXTREN2            0.140      0.021      6.565      0.000
    EXTREN3            0.140      0.021      6.565      0.000

 EXTREN2  WITH
    EXTREN3            0.140      0.021      6.565      0.000

 EXTRFR1  WITH
    EXTRFR2            0.196      0.027      7.332      0.000
    EXTRFR3            0.196      0.027      7.332      0.000

 EXTRFR2  WITH
    EXTRFR3            0.196      0.027      7.332      0.000

 Means
    IMA                3.987      0.055     72.656      0.000
    SMA               -0.147      0.029     -5.071      0.000
    IDE                4.141      0.055     74.760      0.000
    SDE               -0.074      0.029     -2.588      0.010
    IEN                4.328      0.053     81.760      0.000
    SEN               -0.015      0.023     -0.646      0.518
    IFR                4.151      0.060     68.700      0.000
    SFR               -0.115      0.029     -3.984      0.000

 Intercepts
    EXTRMA1            0.000      0.000    999.000    999.000
    EXTRDE1            0.000      0.000    999.000    999.000
    EXTREN1            0.000      0.000    999.000    999.000
    EXTRFR1            0.000      0.000    999.000    999.000
    EXTRMA2            0.000      0.000    999.000    999.000
    EXTRDE2            0.000      0.000    999.000    999.000
    EXTREN2            0.000      0.000    999.000    999.000
    EXTRFR2            0.000      0.000    999.000    999.000
    EXTRMA3            0.000      0.000    999.000    999.000
    EXTRDE3            0.000      0.000    999.000    999.000
    EXTREN3            0.000      0.000    999.000    999.000
    EXTRFR3            0.000      0.000    999.000    999.000

 Variances
    IMA                0.000      0.000    999.000    999.000
    SMA                0.000      0.000    999.000    999.000
    IDE                0.000      0.000    999.000    999.000
    SDE                0.000      0.000    999.000    999.000
    IEN                0.000      0.000    999.000    999.000
    SEN                0.000      0.000    999.000    999.000
    IFR                0.000      0.000    999.000    999.000
    SFR                0.000      0.000    999.000    999.000

 Residual Variances
    EXTRMA1            0.753      0.050     14.941      0.000
    EXTRDE1            0.422      0.029     14.421      0.000
    EXTREN1            0.300      0.024     12.436      0.000
    EXTRFR1            0.432      0.033     13.138      0.000
    EXTRMA2            0.753      0.050     14.941      0.000
    EXTRDE2            0.422      0.029     14.421      0.000
    EXTREN2            0.300      0.024     12.436      0.000
    EXTRFR2            0.432      0.033     13.138      0.000
    EXTRMA3            0.753      0.050     14.941      0.000
    EXTRDE3            0.422      0.029     14.421      0.000
    EXTREN3            0.300      0.024     12.436      0.000
    EXTRFR3            0.432      0.033     13.138      0.000

Latent Class 2

 IMA      |
    EXTRMA1            1.000      0.000    999.000    999.000
    EXTRMA2            1.000      0.000    999.000    999.000
    EXTRMA3            1.000      0.000    999.000    999.000

 SMA      |
    EXTRMA1            0.000      0.000    999.000    999.000
    EXTRMA2            1.000      0.000    999.000    999.000
    EXTRMA3            2.000      0.000    999.000    999.000

 IDE      |
    EXTRDE1            1.000      0.000    999.000    999.000
    EXTRDE2            1.000      0.000    999.000    999.000
    EXTRDE3            1.000      0.000    999.000    999.000

 SDE      |
    EXTRDE1            0.000      0.000    999.000    999.000
    EXTRDE2            1.000      0.000    999.000    999.000
    EXTRDE3            2.000      0.000    999.000    999.000

 IEN      |
    EXTREN1            1.000      0.000    999.000    999.000
    EXTREN2            1.000      0.000    999.000    999.000
    EXTREN3            1.000      0.000    999.000    999.000

 SEN      |
    EXTREN1            0.000      0.000    999.000    999.000
    EXTREN2            1.000      0.000    999.000    999.000
    EXTREN3            2.000      0.000    999.000    999.000

 IFR      |
    EXTRFR1            1.000      0.000    999.000    999.000
    EXTRFR2            1.000      0.000    999.000    999.000
    EXTRFR3            1.000      0.000    999.000    999.000

 SFR      |
    EXTRFR1            0.000      0.000    999.000    999.000
    EXTRFR2            1.000      0.000    999.000    999.000
    EXTRFR3            2.000      0.000    999.000    999.000

 SMA      WITH
    IMA                0.000      0.000    999.000    999.000

 IDE      WITH
    IMA                0.000      0.000    999.000    999.000
    SMA                0.000      0.000    999.000    999.000

 SDE      WITH
    IMA                0.000      0.000    999.000    999.000
    SMA                0.000      0.000    999.000    999.000
    IDE                0.000      0.000    999.000    999.000

 IEN      WITH
    IMA                0.000      0.000    999.000    999.000
    SMA                0.000      0.000    999.000    999.000
    IDE                0.000      0.000    999.000    999.000
    SDE                0.000      0.000    999.000    999.000

 SEN      WITH
    IMA                0.000      0.000    999.000    999.000
    SMA                0.000      0.000    999.000    999.000
    IDE                0.000      0.000    999.000    999.000
    SDE                0.000      0.000    999.000    999.000
    IEN                0.000      0.000    999.000    999.000

 IFR      WITH
    IMA                0.000      0.000    999.000    999.000
    SMA                0.000      0.000    999.000    999.000
    IDE                0.000      0.000    999.000    999.000
    SDE                0.000      0.000    999.000    999.000
    IEN                0.000      0.000    999.000    999.000
    SEN                0.000      0.000    999.000    999.000

 SFR      WITH
    IMA                0.000      0.000    999.000    999.000
    SMA                0.000      0.000    999.000    999.000
    IDE                0.000      0.000    999.000    999.000
    SDE                0.000      0.000    999.000    999.000
    IEN                0.000      0.000    999.000    999.000
    SEN                0.000      0.000    999.000    999.000
    IFR                0.000      0.000    999.000    999.000

 EXTRMA1  WITH
    EXTRMA2            0.435      0.050      8.762      0.000
    EXTRMA3            0.435      0.050      8.762      0.000

 EXTRMA2  WITH
    EXTRMA3            0.435      0.050      8.762      0.000

 EXTRDE1  WITH
    EXTRDE2            0.234      0.037      6.291      0.000
    EXTRDE3            0.234      0.037      6.291      0.000

 EXTRDE2  WITH
    EXTRDE3            0.234      0.037      6.291      0.000

 EXTREN1  WITH
    EXTREN2            0.277      0.039      7.077      0.000
    EXTREN3            0.277      0.039      7.077      0.000

 EXTREN2  WITH
    EXTREN3            0.277      0.039      7.077      0.000

 EXTRFR1  WITH
    EXTRFR2            0.350      0.037      9.414      0.000
    EXTRFR3            0.350      0.037      9.414      0.000

 EXTRFR2  WITH
    EXTRFR3            0.350      0.037      9.414      0.000

 Means
    IMA                3.326      0.063     53.050      0.000
    SMA               -0.130      0.031     -4.150      0.000
    IDE                3.287      0.059     56.151      0.000
    SDE               -0.164      0.031     -5.236      0.000
    IEN                3.381      0.066     51.474      0.000
    SEN               -0.046      0.030     -1.538      0.124
    IFR                3.074      0.073     42.127      0.000
    SFR               -0.234      0.030     -7.739      0.000

 Intercepts
    EXTRMA1            0.000      0.000    999.000    999.000
    EXTRDE1            0.000      0.000    999.000    999.000
    EXTREN1            0.000      0.000    999.000    999.000
    EXTRFR1            0.000      0.000    999.000    999.000
    EXTRMA2            0.000      0.000    999.000    999.000
    EXTRDE2            0.000      0.000    999.000    999.000
    EXTREN2            0.000      0.000    999.000    999.000
    EXTRFR2            0.000      0.000    999.000    999.000
    EXTRMA3            0.000      0.000    999.000    999.000
    EXTRDE3            0.000      0.000    999.000    999.000
    EXTREN3            0.000      0.000    999.000    999.000
    EXTRFR3            0.000      0.000    999.000    999.000

 Variances
    IMA                0.000      0.000    999.000    999.000
    SMA                0.000      0.000    999.000    999.000
    IDE                0.000      0.000    999.000    999.000
    SDE                0.000      0.000    999.000    999.000
    IEN                0.000      0.000    999.000    999.000
    SEN                0.000      0.000    999.000    999.000
    IFR                0.000      0.000    999.000    999.000
    SFR                0.000      0.000    999.000    999.000

 Residual Variances
    EXTRMA1            0.884      0.049     17.871      0.000
    EXTRDE1            0.683      0.040     17.005      0.000
    EXTREN1            0.714      0.042     16.873      0.000
    EXTRFR1            0.778      0.039     19.742      0.000
    EXTRMA2            0.884      0.049     17.871      0.000
    EXTRDE2            0.683      0.040     17.005      0.000
    EXTREN2            0.714      0.042     16.873      0.000
    EXTRFR2            0.778      0.039     19.742      0.000
    EXTRMA3            0.884      0.049     17.871      0.000
    EXTRDE3            0.683      0.040     17.005      0.000
    EXTREN3            0.714      0.042     16.873      0.000
    EXTRFR3            0.778      0.039     19.742      0.000

Categorical Latent Variables

 Means
    EXTR_P#1          -0.098      0.180     -0.544      0.587


QUALITY OF NUMERICAL RESULTS

     Condition Number for the Information Matrix              0.444E-02
       (ratio of smallest to largest eigenvalue)


RESIDUAL OUTPUT


     ESTIMATED MODEL AND RESIDUALS (OBSERVED - ESTIMATED) FOR CLASS 1


           Model Estimated Means
              EXTRMA1       EXTRDE1       EXTREN1       EXTRFR1       EXTRMA2
              ________      ________      ________      ________      ________
                3.987         4.141         4.328         4.151         3.840


           Model Estimated Means
              EXTRDE2       EXTREN2       EXTRFR2       EXTRMA3       EXTRDE3
              ________      ________      ________      ________      ________
                4.067         4.314         4.037         3.694         3.993


           Model Estimated Means
              EXTREN3       EXTRFR3
              ________      ________
                4.299         3.922


           Residuals for Means
              EXTRMA1       EXTRDE1       EXTREN1       EXTRFR1       EXTRMA2
              ________      ________      ________      ________      ________
                0.004         0.004        -0.001        -0.003        -0.024


           Residuals for Means
              EXTRDE2       EXTREN2       EXTRFR2       EXTRMA3       EXTRDE3
              ________      ________      ________      ________      ________
               -0.017        -0.027         0.033         0.011         0.004


           Residuals for Means
              EXTREN3       EXTRFR3
              ________      ________
                0.010        -0.003


           Model Estimated Covariances
              EXTRMA1       EXTRDE1       EXTREN1       EXTRFR1       EXTRMA2
              ________      ________      ________      ________      ________
 EXTRMA1        0.753
 EXTRDE1        0.000         0.422
 EXTREN1        0.000         0.000         0.300
 EXTRFR1        0.000         0.000         0.000         0.432
 EXTRMA2        0.444         0.000         0.000         0.000         0.753
 EXTRDE2        0.000         0.197         0.000         0.000         0.000
 EXTREN2        0.000         0.000         0.140         0.000         0.000
 EXTRFR2        0.000         0.000         0.000         0.196         0.000
 EXTRMA3        0.444         0.000         0.000         0.000         0.444
 EXTRDE3        0.000         0.197         0.000         0.000         0.000
 EXTREN3        0.000         0.000         0.140         0.000         0.000
 EXTRFR3        0.000         0.000         0.000         0.196         0.000


           Model Estimated Covariances
              EXTRDE2       EXTREN2       EXTRFR2       EXTRMA3       EXTRDE3
              ________      ________      ________      ________      ________
 EXTRDE2        0.422
 EXTREN2        0.000         0.300
 EXTRFR2        0.000         0.000         0.432
 EXTRMA3        0.000         0.000         0.000         0.753
 EXTRDE3        0.197         0.000         0.000         0.000         0.422
 EXTREN3        0.000         0.140         0.000         0.000         0.000
 EXTRFR3        0.000         0.000         0.196         0.000         0.000


           Model Estimated Covariances
              EXTREN3       EXTRFR3
              ________      ________
 EXTREN3        0.300
 EXTRFR3        0.000         0.432


           Residuals for Covariances
              EXTRMA1       EXTRDE1       EXTREN1       EXTRFR1       EXTRMA2
              ________      ________      ________      ________      ________
 EXTRMA1       -0.099
 EXTRDE1        0.093        -0.046
 EXTREN1        0.075         0.123        -0.021
 EXTRFR1        0.173         0.182         0.114        -0.046
 EXTRMA2       -0.109         0.012        -0.020         0.207        -0.020
 EXTRDE2       -0.073        -0.050         0.041         0.192         0.090
 EXTREN2       -0.082         0.012        -0.079         0.153         0.098
 EXTRFR2        0.012         0.080         0.083         0.085         0.153
 EXTRMA3       -0.035         0.073         0.034         0.157         0.029
 EXTRDE3        0.068         0.086         0.186         0.242        -0.064
 EXTREN3       -0.046         0.064        -0.050         0.113        -0.027
 EXTRFR3        0.155         0.234         0.203         0.161         0.155


           Residuals for Covariances
              EXTRDE2       EXTREN2       EXTRFR2       EXTRMA3       EXTRDE3
              ________      ________      ________      ________      ________
 EXTRDE2       -0.002
 EXTREN2        0.138         0.010
 EXTRFR2        0.137         0.113        -0.015
 EXTRMA3       -0.101        -0.132        -0.050         0.132
 EXTRDE3       -0.091        -0.078        -0.038         0.053         0.052
 EXTREN3       -0.041        -0.134        -0.029         0.049         0.165
 EXTRFR3        0.100         0.107         0.082         0.075         0.200


           Residuals for Covariances
              EXTREN3       EXTRFR3
              ________      ________
 EXTREN3        0.015
 EXTRFR3        0.142         0.059


     ESTIMATED MODEL AND RESIDUALS (OBSERVED - ESTIMATED) FOR CLASS 2


           Model Estimated Means
              EXTRMA1       EXTRDE1       EXTREN1       EXTRFR1       EXTRMA2
              ________      ________      ________      ________      ________
                3.326         3.287         3.381         3.074         3.196


           Model Estimated Means
              EXTRDE2       EXTREN2       EXTRFR2       EXTRMA3       EXTRDE3
              ________      ________      ________      ________      ________
                3.123         3.335         2.840         3.066         2.958


           Model Estimated Means
              EXTREN3       EXTRFR3
              ________      ________
                3.289         2.606


           Residuals for Means
              EXTRMA1       EXTRDE1       EXTREN1       EXTRFR1       EXTRMA2
              ________      ________      ________      ________      ________
                0.024         0.002         0.015        -0.005        -0.015


           Residuals for Means
              EXTRDE2       EXTREN2       EXTRFR2       EXTRMA3       EXTRDE3
              ________      ________      ________      ________      ________
                0.007        -0.054         0.024         0.034         0.002


           Residuals for Means
              EXTREN3       EXTRFR3
              ________      ________
                0.026         0.020


           Model Estimated Covariances
              EXTRMA1       EXTRDE1       EXTREN1       EXTRFR1       EXTRMA2
              ________      ________      ________      ________      ________
 EXTRMA1        0.884
 EXTRDE1        0.000         0.683
 EXTREN1        0.000         0.000         0.714
 EXTRFR1        0.000         0.000         0.000         0.778
 EXTRMA2        0.435         0.000         0.000         0.000         0.884
 EXTRDE2        0.000         0.234         0.000         0.000         0.000
 EXTREN2        0.000         0.000         0.277         0.000         0.000
 EXTRFR2        0.000         0.000         0.000         0.350         0.000
 EXTRMA3        0.435         0.000         0.000         0.000         0.435
 EXTRDE3        0.000         0.234         0.000         0.000         0.000
 EXTREN3        0.000         0.000         0.277         0.000         0.000
 EXTRFR3        0.000         0.000         0.000         0.350         0.000


           Model Estimated Covariances
              EXTRDE2       EXTREN2       EXTRFR2       EXTRMA3       EXTRDE3
              ________      ________      ________      ________      ________
 EXTRDE2        0.683
 EXTREN2        0.000         0.714
 EXTRFR2        0.000         0.000         0.778
 EXTRMA3        0.000         0.000         0.000         0.884
 EXTRDE3        0.234         0.000         0.000         0.000         0.683
 EXTREN3        0.000         0.277         0.000         0.000         0.000
 EXTRFR3        0.000         0.000         0.350         0.000         0.000


           Model Estimated Covariances
              EXTREN3       EXTRFR3
              ________      ________
 EXTREN3        0.714
 EXTRFR3        0.000         0.778


           Residuals for Covariances
              EXTRMA1       EXTRDE1       EXTREN1       EXTRFR1       EXTRMA2
              ________      ________      ________      ________      ________
 EXTRMA1       -0.029
 EXTRDE1        0.166        -0.091
 EXTREN1        0.218         0.245        -0.072
 EXTRFR1        0.209         0.239         0.278        -0.066
 EXTRMA2        0.148         0.121         0.188         0.362        -0.012
 EXTRDE2        0.283         0.022         0.233         0.342         0.209
 EXTREN2        0.279         0.143         0.149         0.360         0.248
 EXTRFR2        0.197         0.099         0.196         0.153         0.241
 EXTRMA3        0.109         0.136         0.084         0.311         0.197
 EXTRDE3        0.034        -0.029         0.031         0.117         0.107
 EXTREN3        0.129         0.041        -0.120         0.142         0.051
 EXTRFR3        0.036         0.034         0.041         0.026         0.075


           Residuals for Covariances
              EXTRDE2       EXTREN2       EXTRFR2       EXTRMA3       EXTRDE3
              ________      ________      ________      ________      ________
 EXTRDE2       -0.028
 EXTREN2        0.276        -0.015
 EXTRFR2        0.322         0.295         0.119
 EXTRMA3        0.250         0.090         0.188         0.051
 EXTRDE3        0.096         0.012         0.177         0.165         0.126
 EXTREN3        0.067        -0.164         0.016         0.261         0.282
 EXTRFR3        0.157         0.072         0.105         0.156         0.198


           Residuals for Covariances
              EXTREN3       EXTRFR3
              ________      ________
 EXTREN3        0.097
 EXTRFR3        0.209        -0.028


TECHNICAL 1 OUTPUT


     PARAMETER SPECIFICATION FOR LATENT CLASS 1


           NU
              EXTRMA1       EXTRDE1       EXTREN1       EXTRFR1       EXTRMA2
              ________      ________      ________      ________      ________
                    0             0             0             0             0


           NU
              EXTRDE2       EXTREN2       EXTRFR2       EXTRMA3       EXTRDE3
              ________      ________      ________      ________      ________
                    0             0             0             0             0


           NU
              EXTREN3       EXTRFR3
              ________      ________
                    0             0


           LAMBDA
              IMA           SMA           IDE           SDE           IEN
              ________      ________      ________      ________      ________
 EXTRMA1            0             0             0             0             0
 EXTRDE1            0             0             0             0             0
 EXTREN1            0             0             0             0             0
 EXTRFR1            0             0             0             0             0
 EXTRMA2            0             0             0             0             0
 EXTRDE2            0             0             0             0             0
 EXTREN2            0             0             0             0             0
 EXTRFR2            0             0             0             0             0
 EXTRMA3            0             0             0             0             0
 EXTRDE3            0             0             0             0             0
 EXTREN3            0             0             0             0             0
 EXTRFR3            0             0             0             0             0


           LAMBDA
              SEN           IFR           SFR
              ________      ________      ________
 EXTRMA1            0             0             0
 EXTRDE1            0             0             0
 EXTREN1            0             0             0
 EXTRFR1            0             0             0
 EXTRMA2            0             0             0
 EXTRDE2            0             0             0
 EXTREN2            0             0             0
 EXTRFR2            0             0             0
 EXTRMA3            0             0             0
 EXTRDE3            0             0             0
 EXTREN3            0             0             0
 EXTRFR3            0             0             0


           THETA
              EXTRMA1       EXTRDE1       EXTREN1       EXTRFR1       EXTRMA2
              ________      ________      ________      ________      ________
 EXTRMA1            1
 EXTRDE1            0             2
 EXTREN1            0             0             3
 EXTRFR1            0             0             0             4
 EXTRMA2            5             0             0             0             1
 EXTRDE2            0             6             0             0             0
 EXTREN2            0             0             7             0             0
 EXTRFR2            0             0             0             8             0
 EXTRMA3            5             0             0             0             5
 EXTRDE3            0             6             0             0             0
 EXTREN3            0             0             7             0             0
 EXTRFR3            0             0             0             8             0


           THETA
              EXTRDE2       EXTREN2       EXTRFR2       EXTRMA3       EXTRDE3
              ________      ________      ________      ________      ________
 EXTRDE2            2
 EXTREN2            0             3
 EXTRFR2            0             0             4
 EXTRMA3            0             0             0             1
 EXTRDE3            6             0             0             0             2
 EXTREN3            0             7             0             0             0
 EXTRFR3            0             0             8             0             0


           THETA
              EXTREN3       EXTRFR3
              ________      ________
 EXTREN3            3
 EXTRFR3            0             4


           ALPHA
              IMA           SMA           IDE           SDE           IEN
              ________      ________      ________      ________      ________
                    9            10            11            12            13


           ALPHA
              SEN           IFR           SFR
              ________      ________      ________
                   14            15            16


           BETA
              IMA           SMA           IDE           SDE           IEN
              ________      ________      ________      ________      ________
 IMA                0             0             0             0             0
 SMA                0             0             0             0             0
 IDE                0             0             0             0             0
 SDE                0             0             0             0             0
 IEN                0             0             0             0             0
 SEN                0             0             0             0             0
 IFR                0             0             0             0             0
 SFR                0             0             0             0             0


           BETA
              SEN           IFR           SFR
              ________      ________      ________
 IMA                0             0             0
 SMA                0             0             0
 IDE                0             0             0
 SDE                0             0             0
 IEN                0             0             0
 SEN                0             0             0
 IFR                0             0             0
 SFR                0             0             0


           PSI
              IMA           SMA           IDE           SDE           IEN
              ________      ________      ________      ________      ________
 IMA                0
 SMA                0             0
 IDE                0             0             0
 SDE                0             0             0             0
 IEN                0             0             0             0             0
 SEN                0             0             0             0             0
 IFR                0             0             0             0             0
 SFR                0             0             0             0             0


           PSI
              SEN           IFR           SFR
              ________      ________      ________
 SEN                0
 IFR                0             0
 SFR                0             0             0


     PARAMETER SPECIFICATION FOR LATENT CLASS 2


           NU
              EXTRMA1       EXTRDE1       EXTREN1       EXTRFR1       EXTRMA2
              ________      ________      ________      ________      ________
                    0             0             0             0             0


           NU
              EXTRDE2       EXTREN2       EXTRFR2       EXTRMA3       EXTRDE3
              ________      ________      ________      ________      ________
                    0             0             0             0             0


           NU
              EXTREN3       EXTRFR3
              ________      ________
                    0             0


           LAMBDA
              IMA           SMA           IDE           SDE           IEN
              ________      ________      ________      ________      ________
 EXTRMA1            0             0             0             0             0
 EXTRDE1            0             0             0             0             0
 EXTREN1            0             0             0             0             0
 EXTRFR1            0             0             0             0             0
 EXTRMA2            0             0             0             0             0
 EXTRDE2            0             0             0             0             0
 EXTREN2            0             0             0             0             0
 EXTRFR2            0             0             0             0             0
 EXTRMA3            0             0             0             0             0
 EXTRDE3            0             0             0             0             0
 EXTREN3            0             0             0             0             0
 EXTRFR3            0             0             0             0             0


           LAMBDA
              SEN           IFR           SFR
              ________      ________      ________
 EXTRMA1            0             0             0
 EXTRDE1            0             0             0
 EXTREN1            0             0             0
 EXTRFR1            0             0             0
 EXTRMA2            0             0             0
 EXTRDE2            0             0             0
 EXTREN2            0             0             0
 EXTRFR2            0             0             0
 EXTRMA3            0             0             0
 EXTRDE3            0             0             0
 EXTREN3            0             0             0
 EXTRFR3            0             0             0


           THETA
              EXTRMA1       EXTRDE1       EXTREN1       EXTRFR1       EXTRMA2
              ________      ________      ________      ________      ________
 EXTRMA1           17
 EXTRDE1            0            18
 EXTREN1            0             0            19
 EXTRFR1            0             0             0            20
 EXTRMA2           21             0             0             0            17
 EXTRDE2            0            22             0             0             0
 EXTREN2            0             0            23             0             0
 EXTRFR2            0             0             0            24             0
 EXTRMA3           21             0             0             0            21
 EXTRDE3            0            22             0             0             0
 EXTREN3            0             0            23             0             0
 EXTRFR3            0             0             0            24             0


           THETA
              EXTRDE2       EXTREN2       EXTRFR2       EXTRMA3       EXTRDE3
              ________      ________      ________      ________      ________
 EXTRDE2           18
 EXTREN2            0            19
 EXTRFR2            0             0            20
 EXTRMA3            0             0             0            17
 EXTRDE3           22             0             0             0            18
 EXTREN3            0            23             0             0             0
 EXTRFR3            0             0            24             0             0


           THETA
              EXTREN3       EXTRFR3
              ________      ________
 EXTREN3           19
 EXTRFR3            0            20


           ALPHA
              IMA           SMA           IDE           SDE           IEN
              ________      ________      ________      ________      ________
                   25            26            27            28            29


           ALPHA
              SEN           IFR           SFR
              ________      ________      ________
                   30            31            32


           BETA
              IMA           SMA           IDE           SDE           IEN
              ________      ________      ________      ________      ________
 IMA                0             0             0             0             0
 SMA                0             0             0             0             0
 IDE                0             0             0             0             0
 SDE                0             0             0             0             0
 IEN                0             0             0             0             0
 SEN                0             0             0             0             0
 IFR                0             0             0             0             0
 SFR                0             0             0             0             0


           BETA
              SEN           IFR           SFR
              ________      ________      ________
 IMA                0             0             0
 SMA                0             0             0
 IDE                0             0             0
 SDE                0             0             0
 IEN                0             0             0
 SEN                0             0             0
 IFR                0             0             0
 SFR                0             0             0


           PSI
              IMA           SMA           IDE           SDE           IEN
              ________      ________      ________      ________      ________
 IMA                0
 SMA                0             0
 IDE                0             0             0
 SDE                0             0             0             0
 IEN                0             0             0             0             0
 SEN                0             0             0             0             0
 IFR                0             0             0             0             0
 SFR                0             0             0             0             0


           PSI
              SEN           IFR           SFR
              ________      ________      ________
 SEN                0
 IFR                0             0
 SFR                0             0             0


     PARAMETER SPECIFICATION FOR LATENT CLASS REGRESSION MODEL PART


           ALPHA(C)
              EXTR_P#1      EXTR_P#2
              ________      ________
                   33             0


     STARTING VALUES FOR LATENT CLASS 1


           NU
              EXTRMA1       EXTRDE1       EXTREN1       EXTRFR1       EXTRMA2
              ________      ________      ________      ________      ________
                0.000         0.000         0.000         0.000         0.000


           NU
              EXTRDE2       EXTREN2       EXTRFR2       EXTRMA3       EXTRDE3
              ________      ________      ________      ________      ________
                0.000         0.000         0.000         0.000         0.000


           NU
              EXTREN3       EXTRFR3
              ________      ________
                0.000         0.000


           LAMBDA
              IMA           SMA           IDE           SDE           IEN
              ________      ________      ________      ________      ________
 EXTRMA1        1.000         0.000         0.000         0.000         0.000
 EXTRDE1        0.000         0.000         1.000         0.000         0.000
 EXTREN1        0.000         0.000         0.000         0.000         1.000
 EXTRFR1        0.000         0.000         0.000         0.000         0.000
 EXTRMA2        1.000         1.000         0.000         0.000         0.000
 EXTRDE2        0.000         0.000         1.000         1.000         0.000
 EXTREN2        0.000         0.000         0.000         0.000         1.000
 EXTRFR2        0.000         0.000         0.000         0.000         0.000
 EXTRMA3        1.000         2.000         0.000         0.000         0.000
 EXTRDE3        0.000         0.000         1.000         2.000         0.000
 EXTREN3        0.000         0.000         0.000         0.000         1.000
 EXTRFR3        0.000         0.000         0.000         0.000         0.000


           LAMBDA
              SEN           IFR           SFR
              ________      ________      ________
 EXTRMA1        0.000         0.000         0.000
 EXTRDE1        0.000         0.000         0.000
 EXTREN1        0.000         0.000         0.000
 EXTRFR1        0.000         1.000         0.000
 EXTRMA2        0.000         0.000         0.000
 EXTRDE2        0.000         0.000         0.000
 EXTREN2        1.000         0.000         0.000
 EXTRFR2        0.000         1.000         1.000
 EXTRMA3        0.000         0.000         0.000
 EXTRDE3        0.000         0.000         0.000
 EXTREN3        2.000         0.000         0.000
 EXTRFR3        0.000         1.000         2.000


           THETA
              EXTRMA1       EXTRDE1       EXTREN1       EXTRFR1       EXTRMA2
              ________      ________      ________      ________      ________
 EXTRMA1        0.432
 EXTRDE1        0.000         0.336
 EXTREN1        0.000         0.000         0.344
 EXTRFR1        0.000         0.000         0.000         0.425
 EXTRMA2        0.000         0.000         0.000         0.000         0.453
 EXTRDE2        0.000         0.000         0.000         0.000         0.000
 EXTREN2        0.000         0.000         0.000         0.000         0.000
 EXTRFR2        0.000         0.000         0.000         0.000         0.000
 EXTRMA3        0.000         0.000         0.000         0.000         0.000
 EXTRDE3        0.000         0.000         0.000         0.000         0.000
 EXTREN3        0.000         0.000         0.000         0.000         0.000
 EXTRFR3        0.000         0.000         0.000         0.000         0.000


           THETA
              EXTRDE2       EXTREN2       EXTRFR2       EXTRMA3       EXTRDE3
              ________      ________      ________      ________      ________
 EXTRDE2        0.376
 EXTREN2        0.000         0.381
 EXTRFR2        0.000         0.000         0.513
 EXTRMA3        0.000         0.000         0.000         0.501
 EXTRDE3        0.000         0.000         0.000         0.000         0.456
 EXTREN3        0.000         0.000         0.000         0.000         0.000
 EXTRFR3        0.000         0.000         0.000         0.000         0.000


           THETA
              EXTREN3       EXTRFR3
              ________      ________
 EXTREN3        0.408
 EXTRFR3        0.000         0.520


           ALPHA
              IMA           SMA           IDE           SDE           IEN
              ________      ________      ________      ________      ________
                3.667        -0.149         3.701        -0.118         3.844


           ALPHA
              SEN           IFR           SFR
              ________      ________      ________
               -0.043         3.616        -0.187


           BETA
              IMA           SMA           IDE           SDE           IEN
              ________      ________      ________      ________      ________
 IMA            0.000         0.000         0.000         0.000         0.000
 SMA            0.000         0.000         0.000         0.000         0.000
 IDE            0.000         0.000         0.000         0.000         0.000
 SDE            0.000         0.000         0.000         0.000         0.000
 IEN            0.000         0.000         0.000         0.000         0.000
 SEN            0.000         0.000         0.000         0.000         0.000
 IFR            0.000         0.000         0.000         0.000         0.000
 SFR            0.000         0.000         0.000         0.000         0.000


           BETA
              SEN           IFR           SFR
              ________      ________      ________
 IMA            0.000         0.000         0.000
 SMA            0.000         0.000         0.000
 IDE            0.000         0.000         0.000
 SDE            0.000         0.000         0.000
 IEN            0.000         0.000         0.000
 SEN            0.000         0.000         0.000
 IFR            0.000         0.000         0.000
 SFR            0.000         0.000         0.000


           PSI
              IMA           SMA           IDE           SDE           IEN
              ________      ________      ________      ________      ________
 IMA            0.000
 SMA            0.000         0.000
 IDE            0.000         0.000         0.000
 SDE            0.000         0.000         0.000         0.000
 IEN            0.000         0.000         0.000         0.000         0.000
 SEN            0.000         0.000         0.000         0.000         0.000
 IFR            0.000         0.000         0.000         0.000         0.000
 SFR            0.000         0.000         0.000         0.000         0.000


           PSI
              SEN           IFR           SFR
              ________      ________      ________
 SEN            0.000
 IFR            0.000         0.000
 SFR            0.000         0.000         0.000


     STARTING VALUES FOR LATENT CLASS 2


           NU
              EXTRMA1       EXTRDE1       EXTREN1       EXTRFR1       EXTRMA2
              ________      ________      ________      ________      ________
                0.000         0.000         0.000         0.000         0.000


           NU
              EXTRDE2       EXTREN2       EXTRFR2       EXTRMA3       EXTRDE3
              ________      ________      ________      ________      ________
                0.000         0.000         0.000         0.000         0.000


           NU
              EXTREN3       EXTRFR3
              ________      ________
                0.000         0.000


           LAMBDA
              IMA           SMA           IDE           SDE           IEN
              ________      ________      ________      ________      ________
 EXTRMA1        1.000         0.000         0.000         0.000         0.000
 EXTRDE1        0.000         0.000         1.000         0.000         0.000
 EXTREN1        0.000         0.000         0.000         0.000         1.000
 EXTRFR1        0.000         0.000         0.000         0.000         0.000
 EXTRMA2        1.000         1.000         0.000         0.000         0.000
 EXTRDE2        0.000         0.000         1.000         1.000         0.000
 EXTREN2        0.000         0.000         0.000         0.000         1.000
 EXTRFR2        0.000         0.000         0.000         0.000         0.000
 EXTRMA3        1.000         2.000         0.000         0.000         0.000
 EXTRDE3        0.000         0.000         1.000         2.000         0.000
 EXTREN3        0.000         0.000         0.000         0.000         1.000
 EXTRFR3        0.000         0.000         0.000         0.000         0.000


           LAMBDA
              SEN           IFR           SFR
              ________      ________      ________
 EXTRMA1        0.000         0.000         0.000
 EXTRDE1        0.000         0.000         0.000
 EXTREN1        0.000         0.000         0.000
 EXTRFR1        0.000         1.000         0.000
 EXTRMA2        0.000         0.000         0.000
 EXTRDE2        0.000         0.000         0.000
 EXTREN2        1.000         0.000         0.000
 EXTRFR2        0.000         1.000         1.000
 EXTRMA3        0.000         0.000         0.000
 EXTRDE3        0.000         0.000         0.000
 EXTREN3        2.000         0.000         0.000
 EXTRFR3        0.000         1.000         2.000


           THETA
              EXTRMA1       EXTRDE1       EXTREN1       EXTRFR1       EXTRMA2
              ________      ________      ________      ________      ________
 EXTRMA1        0.432
 EXTRDE1        0.000         0.336
 EXTREN1        0.000         0.000         0.344
 EXTRFR1        0.000         0.000         0.000         0.425
 EXTRMA2        0.000         0.000         0.000         0.000         0.453
 EXTRDE2        0.000         0.000         0.000         0.000         0.000
 EXTREN2        0.000         0.000         0.000         0.000         0.000
 EXTRFR2        0.000         0.000         0.000         0.000         0.000
 EXTRMA3        0.000         0.000         0.000         0.000         0.000
 EXTRDE3        0.000         0.000         0.000         0.000         0.000
 EXTREN3        0.000         0.000         0.000         0.000         0.000
 EXTRFR3        0.000         0.000         0.000         0.000         0.000


           THETA
              EXTRDE2       EXTREN2       EXTRFR2       EXTRMA3       EXTRDE3
              ________      ________      ________      ________      ________
 EXTRDE2        0.376
 EXTREN2        0.000         0.381
 EXTRFR2        0.000         0.000         0.513
 EXTRMA3        0.000         0.000         0.000         0.501
 EXTRDE3        0.000         0.000         0.000         0.000         0.456
 EXTREN3        0.000         0.000         0.000         0.000         0.000
 EXTRFR3        0.000         0.000         0.000         0.000         0.000


           THETA
              EXTREN3       EXTRFR3
              ________      ________
 EXTREN3        0.408
 EXTRFR3        0.000         0.520


           ALPHA
              IMA           SMA           IDE           SDE           IEN
              ________      ________      ________      ________      ________
                3.667        -0.149         3.701        -0.118         3.844


           ALPHA
              SEN           IFR           SFR
              ________      ________      ________
               -0.043         3.616        -0.187


           BETA
              IMA           SMA           IDE           SDE           IEN
              ________      ________      ________      ________      ________
 IMA            0.000         0.000         0.000         0.000         0.000
 SMA            0.000         0.000         0.000         0.000         0.000
 IDE            0.000         0.000         0.000         0.000         0.000
 SDE            0.000         0.000         0.000         0.000         0.000
 IEN            0.000         0.000         0.000         0.000         0.000
 SEN            0.000         0.000         0.000         0.000         0.000
 IFR            0.000         0.000         0.000         0.000         0.000
 SFR            0.000         0.000         0.000         0.000         0.000


           BETA
              SEN           IFR           SFR
              ________      ________      ________
 IMA            0.000         0.000         0.000
 SMA            0.000         0.000         0.000
 IDE            0.000         0.000         0.000
 SDE            0.000         0.000         0.000
 IEN            0.000         0.000         0.000
 SEN            0.000         0.000         0.000
 IFR            0.000         0.000         0.000
 SFR            0.000         0.000         0.000


           PSI
              IMA           SMA           IDE           SDE           IEN
              ________      ________      ________      ________      ________
 IMA            0.000
 SMA            0.000         0.000
 IDE            0.000         0.000         0.000
 SDE            0.000         0.000         0.000         0.000
 IEN            0.000         0.000         0.000         0.000         0.000
 SEN            0.000         0.000         0.000         0.000         0.000
 IFR            0.000         0.000         0.000         0.000         0.000
 SFR            0.000         0.000         0.000         0.000         0.000


           PSI
              SEN           IFR           SFR
              ________      ________      ________
 SEN            0.000
 IFR            0.000         0.000
 SFR            0.000         0.000         0.000


     STARTING VALUES FOR LATENT CLASS REGRESSION MODEL PART


           ALPHA(C)
              EXTR_P#1      EXTR_P#2
              ________      ________
                0.000         0.000


TECHNICAL 4 OUTPUT


     ESTIMATES DERIVED FROM THE MODEL FOR CLASS 1


           ESTIMATED MEANS FOR THE LATENT VARIABLES
              IMA           SMA           IDE           SDE           IEN
              ________      ________      ________      ________      ________
                3.987        -0.147         4.141        -0.074         4.328


           ESTIMATED MEANS FOR THE LATENT VARIABLES
              SEN           IFR           SFR
              ________      ________      ________
               -0.015         4.151        -0.115


           S.E. FOR ESTIMATED MEANS FOR THE LATENT VARIABLES
              IMA           SMA           IDE           SDE           IEN
              ________      ________      ________      ________      ________
                0.055         0.029         0.055         0.029         0.053


           S.E. FOR ESTIMATED MEANS FOR THE LATENT VARIABLES
              SEN           IFR           SFR
              ________      ________      ________
                0.023         0.060         0.029


           EST./S.E. FOR ESTIMATED MEANS FOR THE LATENT VARIABLES
              IMA           SMA           IDE           SDE           IEN
              ________      ________      ________      ________      ________
               72.656        -5.071        74.760        -2.588        81.760


           EST./S.E. FOR ESTIMATED MEANS FOR THE LATENT VARIABLES
              SEN           IFR           SFR
              ________      ________      ________
               -0.646        68.700        -3.984


           TWO-TAILED P-VALUE FOR ESTIMATED MEANS FOR THE LATENT VARIABLES
              IMA           SMA           IDE           SDE           IEN
              ________      ________      ________      ________      ________
                0.000         0.000         0.000         0.010         0.000


           TWO-TAILED P-VALUE FOR ESTIMATED MEANS FOR THE LATENT VARIABLES
              SEN           IFR           SFR
              ________      ________      ________
                0.518         0.000         0.000


           ESTIMATED COVARIANCE MATRIX FOR THE LATENT VARIABLES
              IMA           SMA           IDE           SDE           IEN
              ________      ________      ________      ________      ________
 IMA            0.000
 SMA            0.000         0.000
 IDE            0.000         0.000         0.000
 SDE            0.000         0.000         0.000         0.000
 IEN            0.000         0.000         0.000         0.000         0.000
 SEN            0.000         0.000         0.000         0.000         0.000
 IFR            0.000         0.000         0.000         0.000         0.000
 SFR            0.000         0.000         0.000         0.000         0.000


           ESTIMATED COVARIANCE MATRIX FOR THE LATENT VARIABLES
              SEN           IFR           SFR
              ________      ________      ________
 SEN            0.000
 IFR            0.000         0.000
 SFR            0.000         0.000         0.000


           S.E. FOR ESTIMATED COVARIANCE MATRIX FOR THE LATENT VARIABLES
              IMA           SMA           IDE           SDE           IEN
              ________      ________      ________      ________      ________
 IMA            0.000
 SMA            0.000         0.000
 IDE            0.000         0.000         0.000
 SDE            0.000         0.000         0.000         0.000
 IEN            0.000         0.000         0.000         0.000         0.000
 SEN            0.000         0.000         0.000         0.000         0.000
 IFR            0.000         0.000         0.000         0.000         0.000
 SFR            0.000         0.000         0.000         0.000         0.000


           S.E. FOR ESTIMATED COVARIANCE MATRIX FOR THE LATENT VARIABLES
              SEN           IFR           SFR
              ________      ________      ________
 SEN            0.000
 IFR            0.000         0.000
 SFR            0.000         0.000         0.000


           EST./S.E. FOR ESTIMATED COVARIANCE MATRIX FOR THE LATENT VARIABLES
              IMA           SMA           IDE           SDE           IEN
              ________      ________      ________      ________      ________
 IMA            0.000
 SMA            0.000         0.000
 IDE            0.000         0.000         0.000
 SDE            0.000         0.000         0.000         0.000
 IEN            0.000         0.000         0.000         0.000         0.000
 SEN            0.000         0.000         0.000         0.000         0.000
 IFR            0.000         0.000         0.000         0.000         0.000
 SFR            0.000         0.000         0.000         0.000         0.000


           EST./S.E. FOR ESTIMATED COVARIANCE MATRIX FOR THE LATENT VARIABLES
              SEN           IFR           SFR
              ________      ________      ________
 SEN            0.000
 IFR            0.000         0.000
 SFR            0.000         0.000         0.000


           TWO-TAILED P-VALUE FOR ESTIMATED COVARIANCE MATRIX FOR THE LATENT VARIABLES
              IMA           SMA           IDE           SDE           IEN
              ________      ________      ________      ________      ________
 IMA            1.000
 SMA            1.000         1.000
 IDE            1.000         1.000         1.000
 SDE            1.000         1.000         1.000         1.000
 IEN            1.000         1.000         1.000         1.000         1.000
 SEN            1.000         1.000         1.000         1.000         1.000
 IFR            1.000         1.000         1.000         1.000         1.000
 SFR            1.000         1.000         1.000         1.000         1.000


           TWO-TAILED P-VALUE FOR ESTIMATED COVARIANCE MATRIX FOR THE LATENT VARIABLES
              SEN           IFR           SFR
              ________      ________      ________
 SEN            1.000
 IFR            1.000         1.000
 SFR            1.000         1.000         1.000


           ESTIMATED CORRELATION MATRIX FOR THE LATENT VARIABLES
              IMA           SMA           IDE           SDE           IEN
              ________      ________      ________      ________      ________
 IMA          999.000
 SMA          999.000       999.000
 IDE          999.000       999.000       999.000
 SDE          999.000       999.000       999.000       999.000
 IEN          999.000       999.000       999.000       999.000       999.000
 SEN          999.000       999.000       999.000       999.000       999.000
 IFR          999.000       999.000       999.000       999.000       999.000
 SFR          999.000       999.000       999.000       999.000       999.000


           ESTIMATED CORRELATION MATRIX FOR THE LATENT VARIABLES
              SEN           IFR           SFR
              ________      ________      ________
 SEN          999.000
 IFR          999.000       999.000
 SFR          999.000       999.000       999.000


           S.E. FOR ESTIMATED CORRELATION MATRIX FOR THE LATENT VARIABLES
              IMA           SMA           IDE           SDE           IEN
              ________      ________      ________      ________      ________
 IMA            0.000
 SMA          999.000         0.000
 IDE          999.000       999.000         0.000
 SDE          999.000       999.000       999.000         0.000
 IEN          999.000       999.000       999.000       999.000         0.000
 SEN          999.000       999.000       999.000       999.000       999.000
 IFR          999.000       999.000       999.000       999.000       999.000
 SFR          999.000       999.000       999.000       999.000       999.000


           S.E. FOR ESTIMATED CORRELATION MATRIX FOR THE LATENT VARIABLES
              SEN           IFR           SFR
              ________      ________      ________
 SEN            0.000
 IFR          999.000         0.000
 SFR          999.000       999.000         0.000


           EST./S.E. FOR ESTIMATED CORRELATION MATRIX FOR THE LATENT VARIABLES
              IMA           SMA           IDE           SDE           IEN
              ________      ________      ________      ________      ________
 IMA          999.000
 SMA            1.000       999.000
 IDE            1.000         1.000       999.000
 SDE            1.000         1.000         1.000       999.000
 IEN            1.000         1.000         1.000         1.000       999.000
 SEN            1.000         1.000         1.000         1.000         1.000
 IFR            1.000         1.000         1.000         1.000         1.000
 SFR            1.000         1.000         1.000         1.000         1.000


           EST./S.E. FOR ESTIMATED CORRELATION MATRIX FOR THE LATENT VARIABLES
              SEN           IFR           SFR
              ________      ________      ________
 SEN          999.000
 IFR            1.000       999.000
 SFR            1.000         1.000       999.000


           TWO-TAILED P-VALUE FOR ESTIMATED CORRELATION MATRIX FOR THE LATENT VARIABLES
              IMA           SMA           IDE           SDE           IEN
              ________      ________      ________      ________      ________
 IMA            0.000
 SMA            0.317         0.000
 IDE            0.317         0.317         0.000
 SDE            0.317         0.317         0.317         0.000
 IEN            0.317         0.317         0.317         0.317         0.000
 SEN            0.317         0.317         0.317         0.317         0.317
 IFR            0.317         0.317         0.317         0.317         0.317
 SFR            0.317         0.317         0.317         0.317         0.317


           TWO-TAILED P-VALUE FOR ESTIMATED CORRELATION MATRIX FOR THE LATENT VARIABLES
              SEN           IFR           SFR
              ________      ________      ________
 SEN            0.000
 IFR            0.317         0.000
 SFR            0.317         0.317         0.000


     ESTIMATES DERIVED FROM THE MODEL FOR CLASS 2


           ESTIMATED MEANS FOR THE LATENT VARIABLES
              IMA           SMA           IDE           SDE           IEN
              ________      ________      ________      ________      ________
                3.326        -0.130         3.287        -0.164         3.381


           ESTIMATED MEANS FOR THE LATENT VARIABLES
              SEN           IFR           SFR
              ________      ________      ________
               -0.046         3.074        -0.234


           S.E. FOR ESTIMATED MEANS FOR THE LATENT VARIABLES
              IMA           SMA           IDE           SDE           IEN
              ________      ________      ________      ________      ________
                0.063         0.031         0.059         0.031         0.066


           S.E. FOR ESTIMATED MEANS FOR THE LATENT VARIABLES
              SEN           IFR           SFR
              ________      ________      ________
                0.030         0.073         0.030


           EST./S.E. FOR ESTIMATED MEANS FOR THE LATENT VARIABLES
              IMA           SMA           IDE           SDE           IEN
              ________      ________      ________      ________      ________
               53.050        -4.150        56.151        -5.236        51.474


           EST./S.E. FOR ESTIMATED MEANS FOR THE LATENT VARIABLES
              SEN           IFR           SFR
              ________      ________      ________
               -1.538        42.127        -7.739


           TWO-TAILED P-VALUE FOR ESTIMATED MEANS FOR THE LATENT VARIABLES
              IMA           SMA           IDE           SDE           IEN
              ________      ________      ________      ________      ________
                0.000         0.000         0.000         0.000         0.000


           TWO-TAILED P-VALUE FOR ESTIMATED MEANS FOR THE LATENT VARIABLES
              SEN           IFR           SFR
              ________      ________      ________
                0.124         0.000         0.000


           ESTIMATED COVARIANCE MATRIX FOR THE LATENT VARIABLES
              IMA           SMA           IDE           SDE           IEN
              ________      ________      ________      ________      ________
 IMA            0.000
 SMA            0.000         0.000
 IDE            0.000         0.000         0.000
 SDE            0.000         0.000         0.000         0.000
 IEN            0.000         0.000         0.000         0.000         0.000
 SEN            0.000         0.000         0.000         0.000         0.000
 IFR            0.000         0.000         0.000         0.000         0.000
 SFR            0.000         0.000         0.000         0.000         0.000


           ESTIMATED COVARIANCE MATRIX FOR THE LATENT VARIABLES
              SEN           IFR           SFR
              ________      ________      ________
 SEN            0.000
 IFR            0.000         0.000
 SFR            0.000         0.000         0.000


           S.E. FOR ESTIMATED COVARIANCE MATRIX FOR THE LATENT VARIABLES
              IMA           SMA           IDE           SDE           IEN
              ________      ________      ________      ________      ________
 IMA            0.000
 SMA            0.000         0.000
 IDE            0.000         0.000         0.000
 SDE            0.000         0.000         0.000         0.000
 IEN            0.000         0.000         0.000         0.000         0.000
 SEN            0.000         0.000         0.000         0.000         0.000
 IFR            0.000         0.000         0.000         0.000         0.000
 SFR            0.000         0.000         0.000         0.000         0.000


           S.E. FOR ESTIMATED COVARIANCE MATRIX FOR THE LATENT VARIABLES
              SEN           IFR           SFR
              ________      ________      ________
 SEN            0.000
 IFR            0.000         0.000
 SFR            0.000         0.000         0.000


           EST./S.E. FOR ESTIMATED COVARIANCE MATRIX FOR THE LATENT VARIABLES
              IMA           SMA           IDE           SDE           IEN
              ________      ________      ________      ________      ________
 IMA            0.000
 SMA            0.000         0.000
 IDE            0.000         0.000         0.000
 SDE            0.000         0.000         0.000         0.000
 IEN            0.000         0.000         0.000         0.000         0.000
 SEN            0.000         0.000         0.000         0.000         0.000
 IFR            0.000         0.000         0.000         0.000         0.000
 SFR            0.000         0.000         0.000         0.000         0.000


           EST./S.E. FOR ESTIMATED COVARIANCE MATRIX FOR THE LATENT VARIABLES
              SEN           IFR           SFR
              ________      ________      ________
 SEN            0.000
 IFR            0.000         0.000
 SFR            0.000         0.000         0.000


           TWO-TAILED P-VALUE FOR ESTIMATED COVARIANCE MATRIX FOR THE LATENT VARIABLES
              IMA           SMA           IDE           SDE           IEN
              ________      ________      ________      ________      ________
 IMA            1.000
 SMA            1.000         1.000
 IDE            1.000         1.000         1.000
 SDE            1.000         1.000         1.000         1.000
 IEN            1.000         1.000         1.000         1.000         1.000
 SEN            1.000         1.000         1.000         1.000         1.000
 IFR            1.000         1.000         1.000         1.000         1.000
 SFR            1.000         1.000         1.000         1.000         1.000


           TWO-TAILED P-VALUE FOR ESTIMATED COVARIANCE MATRIX FOR THE LATENT VARIABLES
              SEN           IFR           SFR
              ________      ________      ________
 SEN            1.000
 IFR            1.000         1.000
 SFR            1.000         1.000         1.000


           ESTIMATED CORRELATION MATRIX FOR THE LATENT VARIABLES
              IMA           SMA           IDE           SDE           IEN
              ________      ________      ________      ________      ________
 IMA          999.000
 SMA          999.000       999.000
 IDE          999.000       999.000       999.000
 SDE          999.000       999.000       999.000       999.000
 IEN          999.000       999.000       999.000       999.000       999.000
 SEN          999.000       999.000       999.000       999.000       999.000
 IFR          999.000       999.000       999.000       999.000       999.000
 SFR          999.000       999.000       999.000       999.000       999.000


           ESTIMATED CORRELATION MATRIX FOR THE LATENT VARIABLES
              SEN           IFR           SFR
              ________      ________      ________
 SEN          999.000
 IFR          999.000       999.000
 SFR          999.000       999.000       999.000


           S.E. FOR ESTIMATED CORRELATION MATRIX FOR THE LATENT VARIABLES
              IMA           SMA           IDE           SDE           IEN
              ________      ________      ________      ________      ________
 IMA            0.000
 SMA          999.000         0.000
 IDE          999.000       999.000         0.000
 SDE          999.000       999.000       999.000         0.000
 IEN          999.000       999.000       999.000       999.000         0.000
 SEN          999.000       999.000       999.000       999.000       999.000
 IFR          999.000       999.000       999.000       999.000       999.000
 SFR          999.000       999.000       999.000       999.000       999.000


           S.E. FOR ESTIMATED CORRELATION MATRIX FOR THE LATENT VARIABLES
              SEN           IFR           SFR
              ________      ________      ________
 SEN            0.000
 IFR          999.000         0.000
 SFR          999.000       999.000         0.000


           EST./S.E. FOR ESTIMATED CORRELATION MATRIX FOR THE LATENT VARIABLES
              IMA           SMA           IDE           SDE           IEN
              ________      ________      ________      ________      ________
 IMA          999.000
 SMA            1.000       999.000
 IDE            1.000         1.000       999.000
 SDE            1.000         1.000         1.000       999.000
 IEN            1.000         1.000         1.000         1.000       999.000
 SEN            1.000         1.000         1.000         1.000         1.000
 IFR            1.000         1.000         1.000         1.000         1.000
 SFR            1.000         1.000         1.000         1.000         1.000


           EST./S.E. FOR ESTIMATED CORRELATION MATRIX FOR THE LATENT VARIABLES
              SEN           IFR           SFR
              ________      ________      ________
 SEN          999.000
 IFR            1.000       999.000
 SFR            1.000         1.000       999.000


           TWO-TAILED P-VALUE FOR ESTIMATED CORRELATION MATRIX FOR THE LATENT VARIABLES
              IMA           SMA           IDE           SDE           IEN
              ________      ________      ________      ________      ________
 IMA            0.000
 SMA            0.317         0.000
 IDE            0.317         0.317         0.000
 SDE            0.317         0.317         0.317         0.000
 IEN            0.317         0.317         0.317         0.317         0.000
 SEN            0.317         0.317         0.317         0.317         0.317
 IFR            0.317         0.317         0.317         0.317         0.317
 SFR            0.317         0.317         0.317         0.317         0.317


           TWO-TAILED P-VALUE FOR ESTIMATED CORRELATION MATRIX FOR THE LATENT VARIABLES
              SEN           IFR           SFR
              ________      ________      ________
 SEN            0.000
 IFR            0.317         0.000
 SFR            0.317         0.317         0.000


     Beginning Time:  01:31:26
        Ending Time:  01:35:07
       Elapsed Time:  00:03:41



MUTHEN & MUTHEN
3463 Stoner Ave.
Los Angeles, CA  90066

Tel: (310) 391-9971
Fax: (310) 391-8971
Web: www.StatModel.com
Support: Support@StatModel.com

Copyright (c) 1998-2020 Muthen & Muthen
