Mplus VERSION 8.5
MUTHEN & MUTHEN
04/17/2025   3:03 AM

INPUT INSTRUCTIONS


  TITLE:
  GMM_Extr_hom_toe_2p

  DATA:
  FILE IS
  "C:/local user data/OPFE/OPFE_R/mot_mplus_fullgender_sp_noschaffhausen.txt";

  VARIABLE:

  NAMES ARE
  ID Class Male1 Age1
  AutoMA1 AutoMA2 AutoMA3 AutoDE1 AutoDE2 AutoDE3
  AutoEN1 AutoEN2 AutoEN3 AutoFR1 AutoFR2 AutoFR3
  KomMA1 KomMA2 KomMA3 KomEN1 KomEN2 KomEN3
  KomFR1 KomFR2 KomFR3 KomDE1 KomDE2 KomDE3
  SozMA1 SozMA2 SozMA3 SozEN1 SozEN2 SozEN3
  SozFR1 SozFR2 SozFR3 SozDE1 SozDE2 SozDE3
  Neurot1 Extrav1 Offen1 Toler1 Consc1
  Consc3 Offen3 Neurot3 Extrav3 Toler3
  ExtrMA1 IntrMA1 ExtrEN1 IntrEN1 ExtrFR1 IntrFR1 ExtrDE1 IntrDE1
  ExtrMA2 IntrMA2 ExtrEN2 IntrEN2 ExtrFR2 IntrFR2 ExtrDE2 IntrDE2
  ExtrMA3 IntrMA3 ExtrEN3 IntrEN3 ExtrFR3 IntrFR3 ExtrDE3 IntrDE3
  male1ful sp
  ;

  MISSING ARE ALL(9999);

  USEVARIABLES ARE ExtrMA1
                   ExtrDE1
                   ExtrEN1
                   ExtrFR1
                   ExtrMA2
                   ExtrDE2
                   ExtrEN2
                   ExtrFR2
                   ExtrMA3
                   ExtrDE3
                   ExtrEN3
                   ExtrFR3
  ;

  CLASSES =
            Extr_p (2)

  ;


  ANALYSIS:
  TYPE IS MIXTURE;

  STARTS = 1000 400;
  PROCESS = 8 1;
  STSEED = 666;

  MODEL:

  %OVERALL%

  ! Define latent growth factors for each process
    iMA sMA | ExtrMA1@0 ExtrMA2@1 ExtrMA3@2;
    iDE sDE | ExtrDE1@0 ExtrDE2@1 ExtrDE3@2;
    iEN sEN | ExtrEN1@0 ExtrEN2@1 ExtrEN3@2;
    iFR sFR | ExtrFR1@0 ExtrFR2@1 ExtrFR3@2;

  %Extr_p#1%

  [iMA sMA iDE sDE iEN sEN iFR sFR];
  iMA@0 sMA@0 iDE@0 sDE@0 iEN@0 sEN@0 iFR@0 sFR@0;

  !Residual variance structure




   !homogeneous variances, toeplitz residual variances

  ExtrMA1 (MAvar1);
  ExtrMA2 (MAvar1);
  ExtrMA3 (MAvar1);

  ExtrMA1 WITH ExtrMA2 (MAa1);
  ExtrMA2 WITH ExtrMA3 (MAa2);
  ExtrMA1 WITH ExtrMA3 (MAa1);

  ExtrDE1 (DEvar1);
  ExtrDE2 (DEvar1);
  ExtrDE3 (DEvar1);

  ExtrDE1 WITH ExtrDE2 (DEa1);
  ExtrDE2 WITH ExtrDE3 (DEa2);
  ExtrDE1 WITH ExtrDE3 (DEa1);

  ExtrEN1 (ENvar1);
  ExtrEN2 (ENvar1);
  ExtrEN3 (ENvar1);

  ExtrEN1 WITH ExtrEN2 (ENa1);
  ExtrEN2 WITH ExtrEN3 (ENa2);
  ExtrEN1 WITH ExtrEN3 (ENa1);

  ExtrFR1 (FRvar1);
  ExtrFR2 (FRvar1);
  ExtrFR3 (FRvar1);

  ExtrFR1 WITH ExtrFR2 (FRa1);
  ExtrFR2 WITH ExtrFR3 (FRa2);
  ExtrFR1 WITH ExtrFR3 (FRa1);


  !Residual variance structure







  %Extr_p#2%

  [iMA sMA iDE sDE iEN sEN iFR sFR];
  iMA@0 sMA@0 iDE@0 sDE@0 iEN@0 sEN@0 iFR@0 sFR@0;

  !Residual variance structure




   !homogeneous variances, toeplitz residual variances

  ExtrMA1 (MAvar2);
  ExtrMA2 (MAvar2);
  ExtrMA3 (MAvar2);

  ExtrMA1 WITH ExtrMA2 (MAb1);
  ExtrMA2 WITH ExtrMA3 (MAb2);
  ExtrMA1 WITH ExtrMA3 (MAb1);

  ExtrDE1 (DEvar2);
  ExtrDE2 (DEvar2);
  ExtrDE3 (DEvar2);

  ExtrDE1 WITH ExtrDE2 (DEb1);
  ExtrDE2 WITH ExtrDE3 (DEb2);
  ExtrDE1 WITH ExtrDE3 (DEb1);

  ExtrEN1 (ENvar2);
  ExtrEN2 (ENvar2);
  ExtrEN3 (ENvar2);

  ExtrEN1 WITH ExtrEN2 (ENb1);
  ExtrEN2 WITH ExtrEN3 (ENb2);
  ExtrEN1 WITH ExtrEN3 (ENb1);

  ExtrFR1 (FRvar2);
  ExtrFR2 (FRvar2);
  ExtrFR3 (FRvar2);

  ExtrFR1 WITH ExtrFR2 (FRb1);
  ExtrFR2 WITH ExtrFR3 (FRb2);
  ExtrFR1 WITH ExtrFR3 (FRb1);


  !Residual variance structure














  OUTPUT:
  sampstat residual tech1 tech4 tech15;







*** WARNING in MODEL command
  All continuous latent variable covariances involving IMA have been fixed to 0
  because the variance of IMA is fixed at 0.
*** WARNING in MODEL command
  All continuous latent variable covariances involving SMA have been fixed to 0
  because the variance of SMA is fixed at 0.
*** WARNING in MODEL command
  All continuous latent variable covariances involving IDE have been fixed to 0
  because the variance of IDE is fixed at 0.
*** WARNING in MODEL command
  All continuous latent variable covariances involving SDE have been fixed to 0
  because the variance of SDE is fixed at 0.
*** WARNING in MODEL command
  All continuous latent variable covariances involving IEN have been fixed to 0
  because the variance of IEN is fixed at 0.
*** WARNING in MODEL command
  All continuous latent variable covariances involving SEN have been fixed to 0
  because the variance of SEN is fixed at 0.
*** WARNING in MODEL command
  All continuous latent variable covariances involving IFR have been fixed to 0
  because the variance of IFR is fixed at 0.
*** WARNING in MODEL command
  All continuous latent variable covariances involving IMA have been fixed to 0
  because the variance of IMA is fixed at 0.
*** WARNING in MODEL command
  All continuous latent variable covariances involving SMA have been fixed to 0
  because the variance of SMA is fixed at 0.
*** WARNING in MODEL command
  All continuous latent variable covariances involving IDE have been fixed to 0
  because the variance of IDE is fixed at 0.
*** WARNING in MODEL command
  All continuous latent variable covariances involving SDE have been fixed to 0
  because the variance of SDE is fixed at 0.
*** WARNING in MODEL command
  All continuous latent variable covariances involving IEN have been fixed to 0
  because the variance of IEN is fixed at 0.
*** WARNING in MODEL command
  All continuous latent variable covariances involving SEN have been fixed to 0
  because the variance of SEN is fixed at 0.
*** WARNING in MODEL command
  All continuous latent variable covariances involving IFR have been fixed to 0
  because the variance of IFR is fixed at 0.
*** WARNING in OUTPUT command
  TECH15 option is not available for TYPE=MIXTURE with a single latent class
  variable.  Request for TECH15 will be ignored.
*** WARNING
  Data set contains cases with missing on all variables.
  These cases were not included in the analysis.
  Number of cases with missing on all variables:  3
  16 WARNING(S) FOUND IN THE INPUT INSTRUCTIONS




GMM_Extr_hom_toe_2p

SUMMARY OF ANALYSIS

Number of groups                                                 1
Number of observations                                         847

Number of dependent variables                                   12
Number of independent variables                                  0
Number of continuous latent variables                            8
Number of categorical latent variables                           1

Observed dependent variables

  Continuous
   EXTRMA1     EXTRDE1     EXTREN1     EXTRFR1     EXTRMA2     EXTRDE2
   EXTREN2     EXTRFR2     EXTRMA3     EXTRDE3     EXTREN3     EXTRFR3

Continuous latent variables
   IMA         SMA         IDE         SDE         IEN         SEN
   IFR         SFR

Categorical latent variables
   EXTR_P


Estimator                                                      MLR
Information matrix                                        OBSERVED
Optimization Specifications for the Quasi-Newton Algorithm for
Continuous Outcomes
  Maximum number of iterations                                 100
  Convergence criterion                                  0.100D-05
Optimization Specifications for the EM Algorithm
  Maximum number of iterations                                 500
  Convergence criteria
    Loglikelihood change                                 0.100D-06
    Relative loglikelihood change                        0.100D-06
    Derivative                                           0.100D-05
Optimization Specifications for the M step of the EM Algorithm for
Categorical Latent variables
  Number of M step iterations                                    1
  M step convergence criterion                           0.100D-05
  Basis for M step termination                           ITERATION
Optimization Specifications for the M step of the EM Algorithm for
Censored, Binary or Ordered Categorical (Ordinal), Unordered
Categorical (Nominal) and Count Outcomes
  Number of M step iterations                                    1
  M step convergence criterion                           0.100D-05
  Basis for M step termination                           ITERATION
  Maximum value for logit thresholds                            15
  Minimum value for logit thresholds                           -15
  Minimum expected cell size for chi-square              0.100D-01
Maximum number of iterations for H1                           2000
Convergence criterion for H1                             0.100D-03
Optimization algorithm                                         EMA
Random Starts Specifications
  Number of initial stage random starts                       1000
  Number of final stage optimizations                          400
  Number of initial stage iterations                            10
  Initial stage convergence criterion                    0.100D+01
  Random starts scale                                    0.500D+01
  Random seed for generating random starts                     666

Input data file(s)
  C:/local user data/OPFE/OPFE_R/mot_mplus_fullgender_sp_noschaffhausen.txt
Input data format  FREE


SUMMARY OF DATA

     Number of missing data patterns            24
     Number of y missing data patterns          24
     Number of u missing data patterns           0


COVARIANCE COVERAGE OF DATA

Minimum covariance coverage value   0.100


     PROPORTION OF DATA PRESENT FOR Y


           Covariance Coverage
              EXTRMA1       EXTRDE1       EXTREN1       EXTRFR1       EXTRMA2
              ________      ________      ________      ________      ________
 EXTRMA1        0.888
 EXTRDE1        0.884         0.885
 EXTREN1        0.883         0.882         0.884
 EXTRFR1        0.887         0.884         0.883         0.888
 EXTRMA2        0.715         0.714         0.714         0.717         0.778
 EXTRDE2        0.715         0.714         0.714         0.717         0.778
 EXTREN2        0.715         0.714         0.714         0.717         0.778
 EXTRFR2        0.713         0.712         0.712         0.714         0.774
 EXTRMA3        0.689         0.687         0.686         0.689         0.666
 EXTRDE3        0.688         0.686         0.685         0.688         0.664
 EXTREN3        0.686         0.684         0.682         0.686         0.662
 EXTRFR3        0.681         0.679         0.678         0.681         0.662


           Covariance Coverage
              EXTRDE2       EXTREN2       EXTRFR2       EXTRMA3       EXTRDE3
              ________      ________      ________      ________      ________
 EXTRDE2        0.778
 EXTREN2        0.778         0.778
 EXTRFR2        0.774         0.774         0.774
 EXTRMA3        0.666         0.666         0.665         0.787
 EXTRDE3        0.664         0.664         0.662         0.784         0.784
 EXTREN3        0.662         0.662         0.661         0.784         0.780
 EXTRFR3        0.662         0.662         0.661         0.779         0.777


           Covariance Coverage
              EXTREN3       EXTRFR3
              ________      ________
 EXTREN3        0.784
 EXTRFR3        0.776         0.779


SAMPLE STATISTICS


     ESTIMATED SAMPLE STATISTICS


           Means
              EXTRMA1       EXTRDE1       EXTREN1       EXTRFR1       EXTRMA2
              ________      ________      ________      ________      ________
                3.650         3.690         3.846         3.582         3.485


           Means
              EXTRDE2       EXTREN2       EXTRFR2       EXTRMA3       EXTRDE3
              ________      ________      ________      ________      ________
                3.577         3.763         3.423         3.369         3.448


           Means
              EXTREN3       EXTRFR3
              ________      ________
                3.788         3.232


           Covariances
              EXTRMA1       EXTRDE1       EXTREN1       EXTRFR1       EXTRMA2
              ________      ________      ________      ________      ________
 EXTRMA1        0.868
 EXTRDE1        0.272         0.683
 EXTREN1        0.314         0.387         0.692
 EXTRFR1        0.369         0.438         0.466         0.846
 EXTRMA2        0.524         0.192         0.172         0.286         0.909
 EXTRDE2        0.230         0.398         0.293         0.353         0.312
 EXTREN2        0.285         0.314         0.472         0.417         0.342
 EXTRFR2        0.324         0.379         0.404         0.605         0.392
 EXTRMA3        0.480         0.157         0.123         0.258         0.644
 EXTRDE3        0.123         0.413         0.288         0.327         0.218
 EXTREN3        0.201         0.274         0.400         0.328         0.233
 EXTRFR3        0.188         0.340         0.350         0.577         0.241


           Covariances
              EXTRDE2       EXTREN2       EXTRFR2       EXTRMA3       EXTRDE3
              ________      ________      ________      ________      ________
 EXTRDE2        0.757
 EXTREN2        0.443         0.767
 EXTRFR2        0.517         0.515         1.031
 EXTRMA3        0.248         0.217         0.289         1.016
 EXTRDE3        0.526         0.368         0.466         0.264         0.923
 EXTREN3        0.350         0.488         0.413         0.311         0.465
 EXTRFR3        0.380         0.427         0.723         0.304         0.537


           Covariances
              EXTREN3       EXTRFR3
              ________      ________
 EXTREN3        0.818
 EXTRFR3        0.491         1.052


           Correlations
              EXTRMA1       EXTRDE1       EXTREN1       EXTRFR1       EXTRMA2
              ________      ________      ________      ________      ________
 EXTRMA1        1.000
 EXTRDE1        0.353         1.000
 EXTREN1        0.405         0.563         1.000
 EXTRFR1        0.431         0.577         0.609         1.000
 EXTRMA2        0.590         0.243         0.217         0.326         1.000
 EXTRDE2        0.284         0.553         0.405         0.441         0.376
 EXTREN2        0.350         0.434         0.648         0.517         0.409
 EXTRFR2        0.342         0.452         0.479         0.648         0.405
 EXTRMA3        0.511         0.188         0.147         0.278         0.670
 EXTRDE3        0.138         0.519         0.360         0.370         0.238
 EXTREN3        0.238         0.367         0.532         0.394         0.270
 EXTRFR3        0.197         0.401         0.410         0.611         0.246


           Correlations
              EXTRDE2       EXTREN2       EXTRFR2       EXTRMA3       EXTRDE3
              ________      ________      ________      ________      ________
 EXTRDE2        1.000
 EXTREN2        0.582         1.000
 EXTRFR2        0.585         0.579         1.000
 EXTRMA3        0.283         0.245         0.282         1.000
 EXTRDE3        0.629         0.437         0.477         0.272         1.000
 EXTREN3        0.444         0.616         0.450         0.341         0.535
 EXTRFR3        0.426         0.475         0.694         0.294         0.545


           Correlations
              EXTREN3       EXTRFR3
              ________      ________
 EXTREN3        1.000
 EXTRFR3        0.529         1.000


     MAXIMUM LOG-LIKELIHOOD VALUE FOR THE UNRESTRICTED (H1) MODEL IS -8859.153


UNIVARIATE SAMPLE STATISTICS


     UNIVARIATE HIGHER-ORDER MOMENT DESCRIPTIVE STATISTICS

         Variable/         Mean/     Skewness/   Minimum/ % with                Percentiles
        Sample Size      Variance    Kurtosis    Maximum  Min/Max      20%/60%    40%/80%    Median

     EXTRMA1               3.649      -0.475       1.000    1.06%       3.000      3.333      3.667
             752.000       0.863      -0.143       5.000   13.30%       4.000      4.667
     EXTRDE1               3.690      -0.354       1.000    0.53%       3.000      3.667      3.667
             750.000       0.673      -0.131       5.000   10.40%       4.000      4.333
     EXTREN1               3.829      -0.569       1.000    0.27%       3.000      3.667      4.000
             749.000       0.688       0.013       5.000   14.15%       4.000      4.667
     EXTRFR1               3.572      -0.403       1.000    0.80%       3.000      3.333      3.667
             752.000       0.850      -0.306       5.000    9.71%       4.000      4.333
     EXTRMA2               3.491      -0.345       1.000    2.12%       2.667      3.333      3.667
             659.000       0.905      -0.300       5.000    9.86%       3.667      4.333
     EXTRDE2               3.579      -0.369       1.000    1.37%       3.000      3.333      3.667
             659.000       0.752       0.038       5.000    9.86%       4.000      4.333
     EXTREN2               3.772      -0.609       1.000    1.06%       3.000      3.667      4.000
             659.000       0.762       0.217       5.000   14.26%       4.000      4.667
     EXTRFR2               3.452      -0.464       1.000    2.90%       2.667      3.333      3.667
             656.000       1.026      -0.376       5.000    9.60%       3.667      4.333
     EXTRMA3               3.396      -0.307       1.000    3.15%       2.667      3.000      3.333
             667.000       1.002      -0.452       5.000    9.15%       3.667      4.333
     EXTRDE3               3.468      -0.382       1.000    2.11%       2.667      3.333      3.667
             664.000       0.913      -0.197       5.000    9.64%       3.667      4.333
     EXTREN3               3.799      -0.648       1.000    0.90%       3.000      3.667      4.000
             664.000       0.816       0.065       5.000   15.96%       4.000      4.667
     EXTRFR3               3.261      -0.263       1.000    3.64%       2.333      3.000      3.333
             660.000       1.041      -0.575       5.000    6.97%       3.667      4.000

RANDOM STARTS RESULTS RANKED FROM THE BEST TO THE WORST LOGLIKELIHOOD VALUES

275 perturbed starting value run(s) did not converge in the initial stage
optimizations.

Final stage loglikelihood values at local maxima, seeds, and initial stage start numbers:

           -9311.580  512918           405
           -9311.580  452936           265
           -9311.580  644990           145
           -9311.580  837012           893
           -9311.580  521200           280
           -9311.580  661485           775
           -9311.580  424427           428
           -9311.580  447095           747
           -9311.580  178152           493
           -9311.580  936450           695
           -9311.580  818856           100
           -9311.580  745901           524
           -9311.580  678635           429
           -9311.580  234197           123
           -9311.580  780777           446
           -9311.580  926548           417
           -9311.580  367329           66
           -9311.580  419379           261
           -9311.580  967216           565
           -9311.580  651651           596
           -9311.580  915366           762
           -9311.580  612896           39
           -9311.580  264188           5
           -9311.580  956491           77
           -9311.580  547344           387
           -9311.580  213513           563
           -9311.580  794500           569
           -9311.580  476241           80
           -9311.580  3360             212
           -9311.580  21994            396
           -9311.580  427481           284
           -9311.580  934751           290
           -9311.580  241488           310
           -9311.580  353214           340
           -9311.580  583422           72
           -9311.580  53394            159
           -9311.580  134795           546
           -9311.580  481677           222
           -9311.580  38339            421
           -9311.580  967107           496
           -9311.580  213819           351
           -9311.580  36702            253
           -9311.580  732826           844
           -9311.580  936764           701
           -9311.580  347016           875
           -9311.580  87707            949
           -9311.580  838088           238
           -9311.580  422885           258
           -9311.580  840864           345
           -9311.580  763493           944
           -9311.580  450580           292
           -9311.580  855932           92
           -9311.580  459432           659
           -9311.580  780314           932
           -9311.580  683600           878
           -9311.580  970806           498
           -9311.580  898300           326
           -9311.580  163191           988
           -9311.580  761729           666
           -9311.580  748746           759
           -9311.580  716936           755
           -9311.580  291819           806
           -9311.580  725295           869
           -9311.580  656873           522
           -9311.580  48325            309
           -9311.580  733113           791
           -9311.580  86250            531
           -9311.580  185423           230
           -9311.580  822617           173
           -9311.580  524438           156
           -9311.580  487534           364
           -9311.580  734763           262
           -9311.580  25899            864
           -9311.580  179021           964
           -9311.580  190969           435
           -9311.580  687461           441
           -9311.580  517870           245
           -9311.580  564559           538
           -9311.580  773031           528
           -9311.580  482834           606
           -9311.580  183814           406
           -9311.580  160965           736
           -9311.580  183520           401
           -9311.580  362575           556
           -9311.580  527687           517
           -9311.580  492502           203
           -9311.580  507184           430
           -9311.580  875183           359
           -9311.580  436969           414
           -9311.580  415727           218
           -9311.580  520234           922
           -9311.580  194502           734

308 perturbed starting value run(s) did not converge or were rejected in the third stage.



THE BEST LOGLIKELIHOOD VALUE HAS BEEN REPLICATED.  RERUN WITH AT LEAST TWICE THE
RANDOM STARTS TO CHECK THAT THE BEST LOGLIKELIHOOD IS STILL OBTAINED AND REPLICATED.


THE MODEL ESTIMATION TERMINATED NORMALLY



MODEL FIT INFORMATION

Number of Free Parameters                       41

Loglikelihood

          H0 Value                       -9311.580
          H0 Scaling Correction Factor      1.2777
            for MLR

Information Criteria

          Akaike (AIC)                   18705.160
          Bayesian (BIC)                 18899.569
          Sample-Size Adjusted BIC       18769.366
            (n* = (n + 2) / 24)



FINAL CLASS COUNTS AND PROPORTIONS FOR THE LATENT CLASSES
BASED ON THE ESTIMATED MODEL

    Latent
   Classes

       1        404.97773          0.47813
       2        442.02227          0.52187


FINAL CLASS COUNTS AND PROPORTIONS FOR THE LATENT CLASSES
BASED ON ESTIMATED POSTERIOR PROBABILITIES

    Latent
   Classes

       1        404.97773          0.47813
       2        442.02227          0.52187


FINAL CLASS COUNTS AND PROPORTIONS FOR THE LATENT CLASSES
BASED ON THEIR MOST LIKELY LATENT CLASS MEMBERSHIP

Class Counts and Proportions

    Latent
   Classes

       1              407          0.48052
       2              440          0.51948


CLASSIFICATION QUALITY

     Entropy                         0.752


Average Latent Class Probabilities for Most Likely Latent Class Membership (Row)
by Latent Class (Column)

           1        2

    1   0.921    0.079
    2   0.069    0.931


Classification Probabilities for the Most Likely Latent Class Membership (Column)
by Latent Class (Row)

           1        2

    1   0.925    0.075
    2   0.073    0.927


Logits for the Classification Probabilities for the Most Likely Latent Class Membership (Column)
by Latent Class (Row)

              1        2

    1      2.514    0.000
    2     -2.539    0.000


MODEL RESULTS

                                                    Two-Tailed
                    Estimate       S.E.  Est./S.E.    P-Value

Latent Class 1

 IMA      |
    EXTRMA1            1.000      0.000    999.000    999.000
    EXTRMA2            1.000      0.000    999.000    999.000
    EXTRMA3            1.000      0.000    999.000    999.000

 SMA      |
    EXTRMA1            0.000      0.000    999.000    999.000
    EXTRMA2            1.000      0.000    999.000    999.000
    EXTRMA3            2.000      0.000    999.000    999.000

 IDE      |
    EXTRDE1            1.000      0.000    999.000    999.000
    EXTRDE2            1.000      0.000    999.000    999.000
    EXTRDE3            1.000      0.000    999.000    999.000

 SDE      |
    EXTRDE1            0.000      0.000    999.000    999.000
    EXTRDE2            1.000      0.000    999.000    999.000
    EXTRDE3            2.000      0.000    999.000    999.000

 IEN      |
    EXTREN1            1.000      0.000    999.000    999.000
    EXTREN2            1.000      0.000    999.000    999.000
    EXTREN3            1.000      0.000    999.000    999.000

 SEN      |
    EXTREN1            0.000      0.000    999.000    999.000
    EXTREN2            1.000      0.000    999.000    999.000
    EXTREN3            2.000      0.000    999.000    999.000

 IFR      |
    EXTRFR1            1.000      0.000    999.000    999.000
    EXTRFR2            1.000      0.000    999.000    999.000
    EXTRFR3            1.000      0.000    999.000    999.000

 SFR      |
    EXTRFR1            0.000      0.000    999.000    999.000
    EXTRFR2            1.000      0.000    999.000    999.000
    EXTRFR3            2.000      0.000    999.000    999.000

 SMA      WITH
    IMA                0.000      0.000    999.000    999.000

 IDE      WITH
    IMA                0.000      0.000    999.000    999.000
    SMA                0.000      0.000    999.000    999.000

 SDE      WITH
    IMA                0.000      0.000    999.000    999.000
    SMA                0.000      0.000    999.000    999.000
    IDE                0.000      0.000    999.000    999.000

 IEN      WITH
    IMA                0.000      0.000    999.000    999.000
    SMA                0.000      0.000    999.000    999.000
    IDE                0.000      0.000    999.000    999.000
    SDE                0.000      0.000    999.000    999.000

 SEN      WITH
    IMA                0.000      0.000    999.000    999.000
    SMA                0.000      0.000    999.000    999.000
    IDE                0.000      0.000    999.000    999.000
    SDE                0.000      0.000    999.000    999.000
    IEN                0.000      0.000    999.000    999.000

 IFR      WITH
    IMA                0.000      0.000    999.000    999.000
    SMA                0.000      0.000    999.000    999.000
    IDE                0.000      0.000    999.000    999.000
    SDE                0.000      0.000    999.000    999.000
    IEN                0.000      0.000    999.000    999.000
    SEN                0.000      0.000    999.000    999.000

 SFR      WITH
    IMA                0.000      0.000    999.000    999.000
    SMA                0.000      0.000    999.000    999.000
    IDE                0.000      0.000    999.000    999.000
    SDE                0.000      0.000    999.000    999.000
    IEN                0.000      0.000    999.000    999.000
    SEN                0.000      0.000    999.000    999.000
    IFR                0.000      0.000    999.000    999.000

 EXTRMA1  WITH
    EXTRMA2            0.420      0.051      8.280      0.000
    EXTRMA3            0.420      0.051      8.280      0.000

 EXTRMA2  WITH
    EXTRMA3            0.474      0.053      8.955      0.000

 EXTRDE1  WITH
    EXTRDE2            0.175      0.025      6.907      0.000
    EXTRDE3            0.175      0.025      6.907      0.000

 EXTRDE2  WITH
    EXTRDE3            0.233      0.032      7.311      0.000

 EXTREN1  WITH
    EXTREN2            0.131      0.021      6.321      0.000
    EXTREN3            0.131      0.021      6.321      0.000

 EXTREN2  WITH
    EXTREN3            0.150      0.024      6.141      0.000

 EXTRFR1  WITH
    EXTRFR2            0.193      0.028      6.979      0.000
    EXTRFR3            0.193      0.028      6.979      0.000

 EXTRFR2  WITH
    EXTRFR3            0.198      0.031      6.423      0.000

 Means
    IMA                3.992      0.055     72.835      0.000
    SMA               -0.153      0.030     -5.054      0.000
    IDE                4.146      0.054     76.632      0.000
    SDE               -0.079      0.032     -2.468      0.014
    IEN                4.331      0.052     83.490      0.000
    SEN               -0.018      0.024     -0.743      0.457
    IFR                4.155      0.059     70.324      0.000
    SFR               -0.121      0.031     -3.936      0.000

 Intercepts
    EXTRMA1            0.000      0.000    999.000    999.000
    EXTRDE1            0.000      0.000    999.000    999.000
    EXTREN1            0.000      0.000    999.000    999.000
    EXTRFR1            0.000      0.000    999.000    999.000
    EXTRMA2            0.000      0.000    999.000    999.000
    EXTRDE2            0.000      0.000    999.000    999.000
    EXTREN2            0.000      0.000    999.000    999.000
    EXTRFR2            0.000      0.000    999.000    999.000
    EXTRMA3            0.000      0.000    999.000    999.000
    EXTRDE3            0.000      0.000    999.000    999.000
    EXTREN3            0.000      0.000    999.000    999.000
    EXTRFR3            0.000      0.000    999.000    999.000

 Variances
    IMA                0.000      0.000    999.000    999.000
    SMA                0.000      0.000    999.000    999.000
    IDE                0.000      0.000    999.000    999.000
    SDE                0.000      0.000    999.000    999.000
    IEN                0.000      0.000    999.000    999.000
    SEN                0.000      0.000    999.000    999.000
    IFR                0.000      0.000    999.000    999.000
    SFR                0.000      0.000    999.000    999.000

 Residual Variances
    EXTRMA1            0.752      0.050     15.065      0.000
    EXTRDE1            0.420      0.031     13.331      0.000
    EXTREN1            0.300      0.024     12.733      0.000
    EXTRFR1            0.434      0.033     13.205      0.000
    EXTRMA2            0.752      0.050     15.065      0.000
    EXTRDE2            0.420      0.031     13.331      0.000
    EXTREN2            0.300      0.024     12.733      0.000
    EXTRFR2            0.434      0.033     13.205      0.000
    EXTRMA3            0.752      0.050     15.065      0.000
    EXTRDE3            0.420      0.031     13.331      0.000
    EXTREN3            0.300      0.024     12.733      0.000
    EXTRFR3            0.434      0.033     13.205      0.000

Latent Class 2

 IMA      |
    EXTRMA1            1.000      0.000    999.000    999.000
    EXTRMA2            1.000      0.000    999.000    999.000
    EXTRMA3            1.000      0.000    999.000    999.000

 SMA      |
    EXTRMA1            0.000      0.000    999.000    999.000
    EXTRMA2            1.000      0.000    999.000    999.000
    EXTRMA3            2.000      0.000    999.000    999.000

 IDE      |
    EXTRDE1            1.000      0.000    999.000    999.000
    EXTRDE2            1.000      0.000    999.000    999.000
    EXTRDE3            1.000      0.000    999.000    999.000

 SDE      |
    EXTRDE1            0.000      0.000    999.000    999.000
    EXTRDE2            1.000      0.000    999.000    999.000
    EXTRDE3            2.000      0.000    999.000    999.000

 IEN      |
    EXTREN1            1.000      0.000    999.000    999.000
    EXTREN2            1.000      0.000    999.000    999.000
    EXTREN3            1.000      0.000    999.000    999.000

 SEN      |
    EXTREN1            0.000      0.000    999.000    999.000
    EXTREN2            1.000      0.000    999.000    999.000
    EXTREN3            2.000      0.000    999.000    999.000

 IFR      |
    EXTRFR1            1.000      0.000    999.000    999.000
    EXTRFR2            1.000      0.000    999.000    999.000
    EXTRFR3            1.000      0.000    999.000    999.000

 SFR      |
    EXTRFR1            0.000      0.000    999.000    999.000
    EXTRFR2            1.000      0.000    999.000    999.000
    EXTRFR3            2.000      0.000    999.000    999.000

 SMA      WITH
    IMA                0.000      0.000    999.000    999.000

 IDE      WITH
    IMA                0.000      0.000    999.000    999.000
    SMA                0.000      0.000    999.000    999.000

 SDE      WITH
    IMA                0.000      0.000    999.000    999.000
    SMA                0.000      0.000    999.000    999.000
    IDE                0.000      0.000    999.000    999.000

 IEN      WITH
    IMA                0.000      0.000    999.000    999.000
    SMA                0.000      0.000    999.000    999.000
    IDE                0.000      0.000    999.000    999.000
    SDE                0.000      0.000    999.000    999.000

 SEN      WITH
    IMA                0.000      0.000    999.000    999.000
    SMA                0.000      0.000    999.000    999.000
    IDE                0.000      0.000    999.000    999.000
    SDE                0.000      0.000    999.000    999.000
    IEN                0.000      0.000    999.000    999.000

 IFR      WITH
    IMA                0.000      0.000    999.000    999.000
    SMA                0.000      0.000    999.000    999.000
    IDE                0.000      0.000    999.000    999.000
    SDE                0.000      0.000    999.000    999.000
    IEN                0.000      0.000    999.000    999.000
    SEN                0.000      0.000    999.000    999.000

 SFR      WITH
    IMA                0.000      0.000    999.000    999.000
    SMA                0.000      0.000    999.000    999.000
    IDE                0.000      0.000    999.000    999.000
    SDE                0.000      0.000    999.000    999.000
    IEN                0.000      0.000    999.000    999.000
    SEN                0.000      0.000    999.000    999.000
    IFR                0.000      0.000    999.000    999.000

 EXTRMA1  WITH
    EXTRMA2            0.394      0.053      7.445      0.000
    EXTRMA3            0.394      0.053      7.445      0.000

 EXTRMA2  WITH
    EXTRMA3            0.536      0.056      9.527      0.000

 EXTRDE1  WITH
    EXTRDE2            0.208      0.039      5.284      0.000
    EXTRDE3            0.208      0.039      5.284      0.000

 EXTRDE2  WITH
    EXTRDE3            0.266      0.046      5.773      0.000

 EXTREN1  WITH
    EXTREN2            0.275      0.047      5.919      0.000
    EXTREN3            0.275      0.047      5.919      0.000

 EXTREN2  WITH
    EXTREN3            0.276      0.048      5.717      0.000

 EXTRFR1  WITH
    EXTRFR2            0.320      0.045      7.151      0.000
    EXTRFR3            0.320      0.045      7.151      0.000

 EXTRFR2  WITH
    EXTRFR3            0.400      0.045      8.958      0.000

 Means
    IMA                3.317      0.068     48.694      0.000
    SMA               -0.122      0.032     -3.756      0.000
    IDE                3.280      0.063     51.682      0.000
    SDE               -0.161      0.033     -4.910      0.000
    IEN                3.373      0.072     47.100      0.000
    SEN               -0.042      0.031     -1.346      0.178
    IFR                3.066      0.079     38.882      0.000
    SFR               -0.229      0.031     -7.364      0.000

 Intercepts
    EXTRMA1            0.000      0.000    999.000    999.000
    EXTRDE1            0.000      0.000    999.000    999.000
    EXTREN1            0.000      0.000    999.000    999.000
    EXTRFR1            0.000      0.000    999.000    999.000
    EXTRMA2            0.000      0.000    999.000    999.000
    EXTRDE2            0.000      0.000    999.000    999.000
    EXTREN2            0.000      0.000    999.000    999.000
    EXTRFR2            0.000      0.000    999.000    999.000
    EXTRMA3            0.000      0.000    999.000    999.000
    EXTRDE3            0.000      0.000    999.000    999.000
    EXTREN3            0.000      0.000    999.000    999.000
    EXTRFR3            0.000      0.000    999.000    999.000

 Variances
    IMA                0.000      0.000    999.000    999.000
    SMA                0.000      0.000    999.000    999.000
    IDE                0.000      0.000    999.000    999.000
    SDE                0.000      0.000    999.000    999.000
    IEN                0.000      0.000    999.000    999.000
    SEN                0.000      0.000    999.000    999.000
    IFR                0.000      0.000    999.000    999.000
    SFR                0.000      0.000    999.000    999.000

 Residual Variances
    EXTRMA1            0.883      0.051     17.230      0.000
    EXTRDE1            0.679      0.042     16.183      0.000
    EXTREN1            0.713      0.044     16.045      0.000
    EXTRFR1            0.774      0.043     17.998      0.000
    EXTRMA2            0.883      0.051     17.230      0.000
    EXTRDE2            0.679      0.042     16.183      0.000
    EXTREN2            0.713      0.044     16.045      0.000
    EXTRFR2            0.774      0.043     17.998      0.000
    EXTRMA3            0.883      0.051     17.230      0.000
    EXTRDE3            0.679      0.042     16.183      0.000
    EXTREN3            0.713      0.044     16.045      0.000
    EXTRFR3            0.774      0.043     17.998      0.000

Categorical Latent Variables

 Means
    EXTR_P#1          -0.088      0.182     -0.480      0.631


QUALITY OF NUMERICAL RESULTS

     Condition Number for the Information Matrix              0.543E-02
       (ratio of smallest to largest eigenvalue)


RESIDUAL OUTPUT


     ESTIMATED MODEL AND RESIDUALS (OBSERVED - ESTIMATED) FOR CLASS 1


           Model Estimated Means
              EXTRMA1       EXTRDE1       EXTREN1       EXTRFR1       EXTRMA2
              ________      ________      ________      ________      ________
                3.992         4.146         4.331         4.155         3.839


           Model Estimated Means
              EXTRDE2       EXTREN2       EXTRFR2       EXTRMA3       EXTRDE3
              ________      ________      ________      ________      ________
                4.067         4.313         4.034         3.687         3.988


           Model Estimated Means
              EXTREN3       EXTRFR3
              ________      ________
                4.296         3.913


           Residuals for Means
              EXTRMA1       EXTRDE1       EXTREN1       EXTRFR1       EXTRMA2
              ________      ________      ________      ________      ________
                0.003         0.006         0.000        -0.003        -0.024


           Residuals for Means
              EXTRDE2       EXTREN2       EXTRFR2       EXTRMA3       EXTRDE3
              ________      ________      ________      ________      ________
               -0.022        -0.028         0.031         0.013         0.005


           Residuals for Means
              EXTREN3       EXTRFR3
              ________      ________
                0.009        -0.002


           Model Estimated Covariances
              EXTRMA1       EXTRDE1       EXTREN1       EXTRFR1       EXTRMA2
              ________      ________      ________      ________      ________
 EXTRMA1        0.752
 EXTRDE1        0.000         0.420
 EXTREN1        0.000         0.000         0.300
 EXTRFR1        0.000         0.000         0.000         0.434
 EXTRMA2        0.420         0.000         0.000         0.000         0.752
 EXTRDE2        0.000         0.175         0.000         0.000         0.000
 EXTREN2        0.000         0.000         0.131         0.000         0.000
 EXTRFR2        0.000         0.000         0.000         0.193         0.000
 EXTRMA3        0.420         0.000         0.000         0.000         0.474
 EXTRDE3        0.000         0.175         0.000         0.000         0.000
 EXTREN3        0.000         0.000         0.131         0.000         0.000
 EXTRFR3        0.000         0.000         0.000         0.193         0.000


           Model Estimated Covariances
              EXTRDE2       EXTREN2       EXTRFR2       EXTRMA3       EXTRDE3
              ________      ________      ________      ________      ________
 EXTRDE2        0.420
 EXTREN2        0.000         0.300
 EXTRFR2        0.000         0.000         0.434
 EXTRMA3        0.000         0.000         0.000         0.752
 EXTRDE3        0.233         0.000         0.000         0.000         0.420
 EXTREN3        0.000         0.150         0.000         0.000         0.000
 EXTRFR3        0.000         0.000         0.198         0.000         0.000


           Model Estimated Covariances
              EXTREN3       EXTRFR3
              ________      ________
 EXTREN3        0.300
 EXTRFR3        0.000         0.434


           Residuals for Covariances
              EXTRMA1       EXTRDE1       EXTREN1       EXTRFR1       EXTRMA2
              ________      ________      ________      ________      ________
 EXTRMA1       -0.100
 EXTRDE1        0.088        -0.051
 EXTREN1        0.073         0.119        -0.025
 EXTRFR1        0.170         0.177         0.111        -0.051
 EXTRMA2       -0.086         0.014        -0.020         0.208        -0.018
 EXTRDE2       -0.071        -0.031         0.040         0.191         0.088
 EXTREN2       -0.081         0.011        -0.071         0.153         0.097
 EXTRFR2        0.009         0.078         0.081         0.086         0.153
 EXTRMA3       -0.012         0.073         0.032         0.155        -0.004
 EXTRDE3        0.071         0.109         0.188         0.242        -0.062
 EXTREN3       -0.046         0.062        -0.043         0.109        -0.028
 EXTRFR3        0.153         0.231         0.202         0.160         0.153


           Residuals for Covariances
              EXTRDE2       EXTREN2       EXTRFR2       EXTRMA3       EXTRDE3
              ________      ________      ________      ________      ________
 EXTRDE2        0.004
 EXTREN2        0.138         0.010
 EXTRFR2        0.139         0.114        -0.014
 EXTRMA3       -0.099        -0.133        -0.054         0.138
 EXTRDE3       -0.118        -0.076        -0.036         0.056         0.057
 EXTREN3       -0.041        -0.145        -0.031         0.052         0.167
 EXTRFR3        0.102         0.107         0.077         0.078         0.204


           Residuals for Covariances
              EXTREN3       EXTRFR3
              ________      ________
 EXTREN3        0.019
 EXTRFR3        0.146         0.064


     ESTIMATED MODEL AND RESIDUALS (OBSERVED - ESTIMATED) FOR CLASS 2


           Model Estimated Means
              EXTRMA1       EXTRDE1       EXTREN1       EXTRFR1       EXTRMA2
              ________      ________      ________      ________      ________
                3.317         3.280         3.373         3.066         3.195


           Model Estimated Means
              EXTRDE2       EXTREN2       EXTRFR2       EXTRMA3       EXTRDE3
              ________      ________      ________      ________      ________
                3.119         3.331         2.837         3.074         2.958


           Model Estimated Means
              EXTREN3       EXTRFR3
              ________      ________
                3.289         2.609


           Residuals for Means
              EXTRMA1       EXTRDE1       EXTREN1       EXTRFR1       EXTRMA2
              ________      ________      ________      ________      ________
                0.026        -0.001         0.015        -0.006        -0.017


           Residuals for Means
              EXTRDE2       EXTREN2       EXTRFR2       EXTRMA3       EXTRDE3
              ________      ________      ________      ________      ________
                0.011        -0.054         0.024         0.028         0.002


           Residuals for Means
              EXTREN3       EXTRFR3
              ________      ________
                0.026         0.018


           Model Estimated Covariances
              EXTRMA1       EXTRDE1       EXTREN1       EXTRFR1       EXTRMA2
              ________      ________      ________      ________      ________
 EXTRMA1        0.883
 EXTRDE1        0.000         0.679
 EXTREN1        0.000         0.000         0.713
 EXTRFR1        0.000         0.000         0.000         0.774
 EXTRMA2        0.394         0.000         0.000         0.000         0.883
 EXTRDE2        0.000         0.208         0.000         0.000         0.000
 EXTREN2        0.000         0.000         0.275         0.000         0.000
 EXTRFR2        0.000         0.000         0.000         0.320         0.000
 EXTRMA3        0.394         0.000         0.000         0.000         0.536
 EXTRDE3        0.000         0.208         0.000         0.000         0.000
 EXTREN3        0.000         0.000         0.275         0.000         0.000
 EXTRFR3        0.000         0.000         0.000         0.320         0.000


           Model Estimated Covariances
              EXTRDE2       EXTREN2       EXTRFR2       EXTRMA3       EXTRDE3
              ________      ________      ________      ________      ________
 EXTRDE2        0.679
 EXTREN2        0.000         0.713
 EXTRFR2        0.000         0.000         0.774
 EXTRMA3        0.000         0.000         0.000         0.883
 EXTRDE3        0.266         0.000         0.000         0.000         0.679
 EXTREN3        0.000         0.276         0.000         0.000         0.000
 EXTRFR3        0.000         0.000         0.400         0.000         0.000


           Model Estimated Covariances
              EXTREN3       EXTRFR3
              ________      ________
 EXTREN3        0.713
 EXTRFR3        0.000         0.774


           Residuals for Covariances
              EXTRMA1       EXTRDE1       EXTREN1       EXTRFR1       EXTRMA2
              ________      ________      ________      ________      ________
 EXTRMA1       -0.033
 EXTRDE1        0.161        -0.095
 EXTREN1        0.213         0.237        -0.076
 EXTRFR1        0.203         0.230         0.270        -0.071
 EXTRMA2        0.185         0.111         0.181         0.353        -0.011
 EXTRDE2        0.278         0.043         0.228         0.337         0.213
 EXTREN2        0.272         0.130         0.142         0.350         0.249
 EXTRFR2        0.193         0.088         0.188         0.174         0.241
 EXTRMA3        0.149         0.133         0.086         0.314         0.104
 EXTRDE3        0.025        -0.013         0.024         0.111         0.109
 EXTREN3        0.123         0.035        -0.121         0.141         0.055
 EXTRFR3        0.030         0.027         0.036         0.053         0.080


           Residuals for Covariances
              EXTRDE2       EXTREN2       EXTRFR2       EXTRMA3       EXTRDE3
              ________      ________      ________      ________      ________
 EXTRDE2       -0.022
 EXTREN2        0.279        -0.014
 EXTRFR2        0.325         0.295         0.125
 EXTRMA3        0.258         0.098         0.201         0.052
 EXTRDE3        0.063         0.014         0.183         0.166         0.131
 EXTREN3        0.075        -0.160         0.025         0.264         0.283
 EXTRFR3        0.166         0.077         0.070         0.161         0.201


           Residuals for Covariances
              EXTREN3       EXTRFR3
              ________      ________
 EXTREN3        0.101
 EXTRFR3        0.213        -0.018


TECHNICAL 1 OUTPUT


     PARAMETER SPECIFICATION FOR LATENT CLASS 1


           NU
              EXTRMA1       EXTRDE1       EXTREN1       EXTRFR1       EXTRMA2
              ________      ________      ________      ________      ________
                    0             0             0             0             0


           NU
              EXTRDE2       EXTREN2       EXTRFR2       EXTRMA3       EXTRDE3
              ________      ________      ________      ________      ________
                    0             0             0             0             0


           NU
              EXTREN3       EXTRFR3
              ________      ________
                    0             0


           LAMBDA
              IMA           SMA           IDE           SDE           IEN
              ________      ________      ________      ________      ________
 EXTRMA1            0             0             0             0             0
 EXTRDE1            0             0             0             0             0
 EXTREN1            0             0             0             0             0
 EXTRFR1            0             0             0             0             0
 EXTRMA2            0             0             0             0             0
 EXTRDE2            0             0             0             0             0
 EXTREN2            0             0             0             0             0
 EXTRFR2            0             0             0             0             0
 EXTRMA3            0             0             0             0             0
 EXTRDE3            0             0             0             0             0
 EXTREN3            0             0             0             0             0
 EXTRFR3            0             0             0             0             0


           LAMBDA
              SEN           IFR           SFR
              ________      ________      ________
 EXTRMA1            0             0             0
 EXTRDE1            0             0             0
 EXTREN1            0             0             0
 EXTRFR1            0             0             0
 EXTRMA2            0             0             0
 EXTRDE2            0             0             0
 EXTREN2            0             0             0
 EXTRFR2            0             0             0
 EXTRMA3            0             0             0
 EXTRDE3            0             0             0
 EXTREN3            0             0             0
 EXTRFR3            0             0             0


           THETA
              EXTRMA1       EXTRDE1       EXTREN1       EXTRFR1       EXTRMA2
              ________      ________      ________      ________      ________
 EXTRMA1            1
 EXTRDE1            0             2
 EXTREN1            0             0             3
 EXTRFR1            0             0             0             4
 EXTRMA2            5             0             0             0             1
 EXTRDE2            0             6             0             0             0
 EXTREN2            0             0             7             0             0
 EXTRFR2            0             0             0             8             0
 EXTRMA3            5             0             0             0             9
 EXTRDE3            0             6             0             0             0
 EXTREN3            0             0             7             0             0
 EXTRFR3            0             0             0             8             0


           THETA
              EXTRDE2       EXTREN2       EXTRFR2       EXTRMA3       EXTRDE3
              ________      ________      ________      ________      ________
 EXTRDE2            2
 EXTREN2            0             3
 EXTRFR2            0             0             4
 EXTRMA3            0             0             0             1
 EXTRDE3           10             0             0             0             2
 EXTREN3            0            11             0             0             0
 EXTRFR3            0             0            12             0             0


           THETA
              EXTREN3       EXTRFR3
              ________      ________
 EXTREN3            3
 EXTRFR3            0             4


           ALPHA
              IMA           SMA           IDE           SDE           IEN
              ________      ________      ________      ________      ________
                   13            14            15            16            17


           ALPHA
              SEN           IFR           SFR
              ________      ________      ________
                   18            19            20


           BETA
              IMA           SMA           IDE           SDE           IEN
              ________      ________      ________      ________      ________
 IMA                0             0             0             0             0
 SMA                0             0             0             0             0
 IDE                0             0             0             0             0
 SDE                0             0             0             0             0
 IEN                0             0             0             0             0
 SEN                0             0             0             0             0
 IFR                0             0             0             0             0
 SFR                0             0             0             0             0


           BETA
              SEN           IFR           SFR
              ________      ________      ________
 IMA                0             0             0
 SMA                0             0             0
 IDE                0             0             0
 SDE                0             0             0
 IEN                0             0             0
 SEN                0             0             0
 IFR                0             0             0
 SFR                0             0             0


           PSI
              IMA           SMA           IDE           SDE           IEN
              ________      ________      ________      ________      ________
 IMA                0
 SMA                0             0
 IDE                0             0             0
 SDE                0             0             0             0
 IEN                0             0             0             0             0
 SEN                0             0             0             0             0
 IFR                0             0             0             0             0
 SFR                0             0             0             0             0


           PSI
              SEN           IFR           SFR
              ________      ________      ________
 SEN                0
 IFR                0             0
 SFR                0             0             0


     PARAMETER SPECIFICATION FOR LATENT CLASS 2


           NU
              EXTRMA1       EXTRDE1       EXTREN1       EXTRFR1       EXTRMA2
              ________      ________      ________      ________      ________
                    0             0             0             0             0


           NU
              EXTRDE2       EXTREN2       EXTRFR2       EXTRMA3       EXTRDE3
              ________      ________      ________      ________      ________
                    0             0             0             0             0


           NU
              EXTREN3       EXTRFR3
              ________      ________
                    0             0


           LAMBDA
              IMA           SMA           IDE           SDE           IEN
              ________      ________      ________      ________      ________
 EXTRMA1            0             0             0             0             0
 EXTRDE1            0             0             0             0             0
 EXTREN1            0             0             0             0             0
 EXTRFR1            0             0             0             0             0
 EXTRMA2            0             0             0             0             0
 EXTRDE2            0             0             0             0             0
 EXTREN2            0             0             0             0             0
 EXTRFR2            0             0             0             0             0
 EXTRMA3            0             0             0             0             0
 EXTRDE3            0             0             0             0             0
 EXTREN3            0             0             0             0             0
 EXTRFR3            0             0             0             0             0


           LAMBDA
              SEN           IFR           SFR
              ________      ________      ________
 EXTRMA1            0             0             0
 EXTRDE1            0             0             0
 EXTREN1            0             0             0
 EXTRFR1            0             0             0
 EXTRMA2            0             0             0
 EXTRDE2            0             0             0
 EXTREN2            0             0             0
 EXTRFR2            0             0             0
 EXTRMA3            0             0             0
 EXTRDE3            0             0             0
 EXTREN3            0             0             0
 EXTRFR3            0             0             0


           THETA
              EXTRMA1       EXTRDE1       EXTREN1       EXTRFR1       EXTRMA2
              ________      ________      ________      ________      ________
 EXTRMA1           21
 EXTRDE1            0            22
 EXTREN1            0             0            23
 EXTRFR1            0             0             0            24
 EXTRMA2           25             0             0             0            21
 EXTRDE2            0            26             0             0             0
 EXTREN2            0             0            27             0             0
 EXTRFR2            0             0             0            28             0
 EXTRMA3           25             0             0             0            29
 EXTRDE3            0            26             0             0             0
 EXTREN3            0             0            27             0             0
 EXTRFR3            0             0             0            28             0


           THETA
              EXTRDE2       EXTREN2       EXTRFR2       EXTRMA3       EXTRDE3
              ________      ________      ________      ________      ________
 EXTRDE2           22
 EXTREN2            0            23
 EXTRFR2            0             0            24
 EXTRMA3            0             0             0            21
 EXTRDE3           30             0             0             0            22
 EXTREN3            0            31             0             0             0
 EXTRFR3            0             0            32             0             0


           THETA
              EXTREN3       EXTRFR3
              ________      ________
 EXTREN3           23
 EXTRFR3            0            24


           ALPHA
              IMA           SMA           IDE           SDE           IEN
              ________      ________      ________      ________      ________
                   33            34            35            36            37


           ALPHA
              SEN           IFR           SFR
              ________      ________      ________
                   38            39            40


           BETA
              IMA           SMA           IDE           SDE           IEN
              ________      ________      ________      ________      ________
 IMA                0             0             0             0             0
 SMA                0             0             0             0             0
 IDE                0             0             0             0             0
 SDE                0             0             0             0             0
 IEN                0             0             0             0             0
 SEN                0             0             0             0             0
 IFR                0             0             0             0             0
 SFR                0             0             0             0             0


           BETA
              SEN           IFR           SFR
              ________      ________      ________
 IMA                0             0             0
 SMA                0             0             0
 IDE                0             0             0
 SDE                0             0             0
 IEN                0             0             0
 SEN                0             0             0
 IFR                0             0             0
 SFR                0             0             0


           PSI
              IMA           SMA           IDE           SDE           IEN
              ________      ________      ________      ________      ________
 IMA                0
 SMA                0             0
 IDE                0             0             0
 SDE                0             0             0             0
 IEN                0             0             0             0             0
 SEN                0             0             0             0             0
 IFR                0             0             0             0             0
 SFR                0             0             0             0             0


           PSI
              SEN           IFR           SFR
              ________      ________      ________
 SEN                0
 IFR                0             0
 SFR                0             0             0


     PARAMETER SPECIFICATION FOR LATENT CLASS REGRESSION MODEL PART


           ALPHA(C)
              EXTR_P#1      EXTR_P#2
              ________      ________
                   41             0


     STARTING VALUES FOR LATENT CLASS 1


           NU
              EXTRMA1       EXTRDE1       EXTREN1       EXTRFR1       EXTRMA2
              ________      ________      ________      ________      ________
                0.000         0.000         0.000         0.000         0.000


           NU
              EXTRDE2       EXTREN2       EXTRFR2       EXTRMA3       EXTRDE3
              ________      ________      ________      ________      ________
                0.000         0.000         0.000         0.000         0.000


           NU
              EXTREN3       EXTRFR3
              ________      ________
                0.000         0.000


           LAMBDA
              IMA           SMA           IDE           SDE           IEN
              ________      ________      ________      ________      ________
 EXTRMA1        1.000         0.000         0.000         0.000         0.000
 EXTRDE1        0.000         0.000         1.000         0.000         0.000
 EXTREN1        0.000         0.000         0.000         0.000         1.000
 EXTRFR1        0.000         0.000         0.000         0.000         0.000
 EXTRMA2        1.000         1.000         0.000         0.000         0.000
 EXTRDE2        0.000         0.000         1.000         1.000         0.000
 EXTREN2        0.000         0.000         0.000         0.000         1.000
 EXTRFR2        0.000         0.000         0.000         0.000         0.000
 EXTRMA3        1.000         2.000         0.000         0.000         0.000
 EXTRDE3        0.000         0.000         1.000         2.000         0.000
 EXTREN3        0.000         0.000         0.000         0.000         1.000
 EXTRFR3        0.000         0.000         0.000         0.000         0.000


           LAMBDA
              SEN           IFR           SFR
              ________      ________      ________
 EXTRMA1        0.000         0.000         0.000
 EXTRDE1        0.000         0.000         0.000
 EXTREN1        0.000         0.000         0.000
 EXTRFR1        0.000         1.000         0.000
 EXTRMA2        0.000         0.000         0.000
 EXTRDE2        0.000         0.000         0.000
 EXTREN2        1.000         0.000         0.000
 EXTRFR2        0.000         1.000         1.000
 EXTRMA3        0.000         0.000         0.000
 EXTRDE3        0.000         0.000         0.000
 EXTREN3        2.000         0.000         0.000
 EXTRFR3        0.000         1.000         2.000


           THETA
              EXTRMA1       EXTRDE1       EXTREN1       EXTRFR1       EXTRMA2
              ________      ________      ________      ________      ________
 EXTRMA1        0.432
 EXTRDE1        0.000         0.336
 EXTREN1        0.000         0.000         0.344
 EXTRFR1        0.000         0.000         0.000         0.425
 EXTRMA2        0.000         0.000         0.000         0.000         0.453
 EXTRDE2        0.000         0.000         0.000         0.000         0.000
 EXTREN2        0.000         0.000         0.000         0.000         0.000
 EXTRFR2        0.000         0.000         0.000         0.000         0.000
 EXTRMA3        0.000         0.000         0.000         0.000         0.000
 EXTRDE3        0.000         0.000         0.000         0.000         0.000
 EXTREN3        0.000         0.000         0.000         0.000         0.000
 EXTRFR3        0.000         0.000         0.000         0.000         0.000


           THETA
              EXTRDE2       EXTREN2       EXTRFR2       EXTRMA3       EXTRDE3
              ________      ________      ________      ________      ________
 EXTRDE2        0.376
 EXTREN2        0.000         0.381
 EXTRFR2        0.000         0.000         0.513
 EXTRMA3        0.000         0.000         0.000         0.501
 EXTRDE3        0.000         0.000         0.000         0.000         0.456
 EXTREN3        0.000         0.000         0.000         0.000         0.000
 EXTRFR3        0.000         0.000         0.000         0.000         0.000


           THETA
              EXTREN3       EXTRFR3
              ________      ________
 EXTREN3        0.408
 EXTRFR3        0.000         0.520


           ALPHA
              IMA           SMA           IDE           SDE           IEN
              ________      ________      ________      ________      ________
                3.667        -0.149         3.701        -0.118         3.844


           ALPHA
              SEN           IFR           SFR
              ________      ________      ________
               -0.043         3.616        -0.187


           BETA
              IMA           SMA           IDE           SDE           IEN
              ________      ________      ________      ________      ________
 IMA            0.000         0.000         0.000         0.000         0.000
 SMA            0.000         0.000         0.000         0.000         0.000
 IDE            0.000         0.000         0.000         0.000         0.000
 SDE            0.000         0.000         0.000         0.000         0.000
 IEN            0.000         0.000         0.000         0.000         0.000
 SEN            0.000         0.000         0.000         0.000         0.000
 IFR            0.000         0.000         0.000         0.000         0.000
 SFR            0.000         0.000         0.000         0.000         0.000


           BETA
              SEN           IFR           SFR
              ________      ________      ________
 IMA            0.000         0.000         0.000
 SMA            0.000         0.000         0.000
 IDE            0.000         0.000         0.000
 SDE            0.000         0.000         0.000
 IEN            0.000         0.000         0.000
 SEN            0.000         0.000         0.000
 IFR            0.000         0.000         0.000
 SFR            0.000         0.000         0.000


           PSI
              IMA           SMA           IDE           SDE           IEN
              ________      ________      ________      ________      ________
 IMA            0.000
 SMA            0.000         0.000
 IDE            0.000         0.000         0.000
 SDE            0.000         0.000         0.000         0.000
 IEN            0.000         0.000         0.000         0.000         0.000
 SEN            0.000         0.000         0.000         0.000         0.000
 IFR            0.000         0.000         0.000         0.000         0.000
 SFR            0.000         0.000         0.000         0.000         0.000


           PSI
              SEN           IFR           SFR
              ________      ________      ________
 SEN            0.000
 IFR            0.000         0.000
 SFR            0.000         0.000         0.000


     STARTING VALUES FOR LATENT CLASS 2


           NU
              EXTRMA1       EXTRDE1       EXTREN1       EXTRFR1       EXTRMA2
              ________      ________      ________      ________      ________
                0.000         0.000         0.000         0.000         0.000


           NU
              EXTRDE2       EXTREN2       EXTRFR2       EXTRMA3       EXTRDE3
              ________      ________      ________      ________      ________
                0.000         0.000         0.000         0.000         0.000


           NU
              EXTREN3       EXTRFR3
              ________      ________
                0.000         0.000


           LAMBDA
              IMA           SMA           IDE           SDE           IEN
              ________      ________      ________      ________      ________
 EXTRMA1        1.000         0.000         0.000         0.000         0.000
 EXTRDE1        0.000         0.000         1.000         0.000         0.000
 EXTREN1        0.000         0.000         0.000         0.000         1.000
 EXTRFR1        0.000         0.000         0.000         0.000         0.000
 EXTRMA2        1.000         1.000         0.000         0.000         0.000
 EXTRDE2        0.000         0.000         1.000         1.000         0.000
 EXTREN2        0.000         0.000         0.000         0.000         1.000
 EXTRFR2        0.000         0.000         0.000         0.000         0.000
 EXTRMA3        1.000         2.000         0.000         0.000         0.000
 EXTRDE3        0.000         0.000         1.000         2.000         0.000
 EXTREN3        0.000         0.000         0.000         0.000         1.000
 EXTRFR3        0.000         0.000         0.000         0.000         0.000


           LAMBDA
              SEN           IFR           SFR
              ________      ________      ________
 EXTRMA1        0.000         0.000         0.000
 EXTRDE1        0.000         0.000         0.000
 EXTREN1        0.000         0.000         0.000
 EXTRFR1        0.000         1.000         0.000
 EXTRMA2        0.000         0.000         0.000
 EXTRDE2        0.000         0.000         0.000
 EXTREN2        1.000         0.000         0.000
 EXTRFR2        0.000         1.000         1.000
 EXTRMA3        0.000         0.000         0.000
 EXTRDE3        0.000         0.000         0.000
 EXTREN3        2.000         0.000         0.000
 EXTRFR3        0.000         1.000         2.000


           THETA
              EXTRMA1       EXTRDE1       EXTREN1       EXTRFR1       EXTRMA2
              ________      ________      ________      ________      ________
 EXTRMA1        0.432
 EXTRDE1        0.000         0.336
 EXTREN1        0.000         0.000         0.344
 EXTRFR1        0.000         0.000         0.000         0.425
 EXTRMA2        0.000         0.000         0.000         0.000         0.453
 EXTRDE2        0.000         0.000         0.000         0.000         0.000
 EXTREN2        0.000         0.000         0.000         0.000         0.000
 EXTRFR2        0.000         0.000         0.000         0.000         0.000
 EXTRMA3        0.000         0.000         0.000         0.000         0.000
 EXTRDE3        0.000         0.000         0.000         0.000         0.000
 EXTREN3        0.000         0.000         0.000         0.000         0.000
 EXTRFR3        0.000         0.000         0.000         0.000         0.000


           THETA
              EXTRDE2       EXTREN2       EXTRFR2       EXTRMA3       EXTRDE3
              ________      ________      ________      ________      ________
 EXTRDE2        0.376
 EXTREN2        0.000         0.381
 EXTRFR2        0.000         0.000         0.513
 EXTRMA3        0.000         0.000         0.000         0.501
 EXTRDE3        0.000         0.000         0.000         0.000         0.456
 EXTREN3        0.000         0.000         0.000         0.000         0.000
 EXTRFR3        0.000         0.000         0.000         0.000         0.000


           THETA
              EXTREN3       EXTRFR3
              ________      ________
 EXTREN3        0.408
 EXTRFR3        0.000         0.520


           ALPHA
              IMA           SMA           IDE           SDE           IEN
              ________      ________      ________      ________      ________
                3.667        -0.149         3.701        -0.118         3.844


           ALPHA
              SEN           IFR           SFR
              ________      ________      ________
               -0.043         3.616        -0.187


           BETA
              IMA           SMA           IDE           SDE           IEN
              ________      ________      ________      ________      ________
 IMA            0.000         0.000         0.000         0.000         0.000
 SMA            0.000         0.000         0.000         0.000         0.000
 IDE            0.000         0.000         0.000         0.000         0.000
 SDE            0.000         0.000         0.000         0.000         0.000
 IEN            0.000         0.000         0.000         0.000         0.000
 SEN            0.000         0.000         0.000         0.000         0.000
 IFR            0.000         0.000         0.000         0.000         0.000
 SFR            0.000         0.000         0.000         0.000         0.000


           BETA
              SEN           IFR           SFR
              ________      ________      ________
 IMA            0.000         0.000         0.000
 SMA            0.000         0.000         0.000
 IDE            0.000         0.000         0.000
 SDE            0.000         0.000         0.000
 IEN            0.000         0.000         0.000
 SEN            0.000         0.000         0.000
 IFR            0.000         0.000         0.000
 SFR            0.000         0.000         0.000


           PSI
              IMA           SMA           IDE           SDE           IEN
              ________      ________      ________      ________      ________
 IMA            0.000
 SMA            0.000         0.000
 IDE            0.000         0.000         0.000
 SDE            0.000         0.000         0.000         0.000
 IEN            0.000         0.000         0.000         0.000         0.000
 SEN            0.000         0.000         0.000         0.000         0.000
 IFR            0.000         0.000         0.000         0.000         0.000
 SFR            0.000         0.000         0.000         0.000         0.000


           PSI
              SEN           IFR           SFR
              ________      ________      ________
 SEN            0.000
 IFR            0.000         0.000
 SFR            0.000         0.000         0.000


     STARTING VALUES FOR LATENT CLASS REGRESSION MODEL PART


           ALPHA(C)
              EXTR_P#1      EXTR_P#2
              ________      ________
                0.000         0.000


TECHNICAL 4 OUTPUT


     ESTIMATES DERIVED FROM THE MODEL FOR CLASS 1


           ESTIMATED MEANS FOR THE LATENT VARIABLES
              IMA           SMA           IDE           SDE           IEN
              ________      ________      ________      ________      ________
                3.992        -0.153         4.146        -0.079         4.331


           ESTIMATED MEANS FOR THE LATENT VARIABLES
              SEN           IFR           SFR
              ________      ________      ________
               -0.018         4.155        -0.121


           S.E. FOR ESTIMATED MEANS FOR THE LATENT VARIABLES
              IMA           SMA           IDE           SDE           IEN
              ________      ________      ________      ________      ________
                0.055         0.030         0.054         0.032         0.052


           S.E. FOR ESTIMATED MEANS FOR THE LATENT VARIABLES
              SEN           IFR           SFR
              ________      ________      ________
                0.024         0.059         0.031


           EST./S.E. FOR ESTIMATED MEANS FOR THE LATENT VARIABLES
              IMA           SMA           IDE           SDE           IEN
              ________      ________      ________      ________      ________
               72.835        -5.054        76.632        -2.468        83.490


           EST./S.E. FOR ESTIMATED MEANS FOR THE LATENT VARIABLES
              SEN           IFR           SFR
              ________      ________      ________
               -0.743        70.324        -3.936


           TWO-TAILED P-VALUE FOR ESTIMATED MEANS FOR THE LATENT VARIABLES
              IMA           SMA           IDE           SDE           IEN
              ________      ________      ________      ________      ________
                0.000         0.000         0.000         0.014         0.000


           TWO-TAILED P-VALUE FOR ESTIMATED MEANS FOR THE LATENT VARIABLES
              SEN           IFR           SFR
              ________      ________      ________
                0.457         0.000         0.000


           ESTIMATED COVARIANCE MATRIX FOR THE LATENT VARIABLES
              IMA           SMA           IDE           SDE           IEN
              ________      ________      ________      ________      ________
 IMA            0.000
 SMA            0.000         0.000
 IDE            0.000         0.000         0.000
 SDE            0.000         0.000         0.000         0.000
 IEN            0.000         0.000         0.000         0.000         0.000
 SEN            0.000         0.000         0.000         0.000         0.000
 IFR            0.000         0.000         0.000         0.000         0.000
 SFR            0.000         0.000         0.000         0.000         0.000


           ESTIMATED COVARIANCE MATRIX FOR THE LATENT VARIABLES
              SEN           IFR           SFR
              ________      ________      ________
 SEN            0.000
 IFR            0.000         0.000
 SFR            0.000         0.000         0.000


           S.E. FOR ESTIMATED COVARIANCE MATRIX FOR THE LATENT VARIABLES
              IMA           SMA           IDE           SDE           IEN
              ________      ________      ________      ________      ________
 IMA            0.000
 SMA            0.000         0.000
 IDE            0.000         0.000         0.000
 SDE            0.000         0.000         0.000         0.000
 IEN            0.000         0.000         0.000         0.000         0.000
 SEN            0.000         0.000         0.000         0.000         0.000
 IFR            0.000         0.000         0.000         0.000         0.000
 SFR            0.000         0.000         0.000         0.000         0.000


           S.E. FOR ESTIMATED COVARIANCE MATRIX FOR THE LATENT VARIABLES
              SEN           IFR           SFR
              ________      ________      ________
 SEN            0.000
 IFR            0.000         0.000
 SFR            0.000         0.000         0.000


           EST./S.E. FOR ESTIMATED COVARIANCE MATRIX FOR THE LATENT VARIABLES
              IMA           SMA           IDE           SDE           IEN
              ________      ________      ________      ________      ________
 IMA            0.000
 SMA            0.000         0.000
 IDE            0.000         0.000         0.000
 SDE            0.000         0.000         0.000         0.000
 IEN            0.000         0.000         0.000         0.000         0.000
 SEN            0.000         0.000         0.000         0.000         0.000
 IFR            0.000         0.000         0.000         0.000         0.000
 SFR            0.000         0.000         0.000         0.000         0.000


           EST./S.E. FOR ESTIMATED COVARIANCE MATRIX FOR THE LATENT VARIABLES
              SEN           IFR           SFR
              ________      ________      ________
 SEN            0.000
 IFR            0.000         0.000
 SFR            0.000         0.000         0.000


           TWO-TAILED P-VALUE FOR ESTIMATED COVARIANCE MATRIX FOR THE LATENT VARIABLES
              IMA           SMA           IDE           SDE           IEN
              ________      ________      ________      ________      ________
 IMA            1.000
 SMA            1.000         1.000
 IDE            1.000         1.000         1.000
 SDE            1.000         1.000         1.000         1.000
 IEN            1.000         1.000         1.000         1.000         1.000
 SEN            1.000         1.000         1.000         1.000         1.000
 IFR            1.000         1.000         1.000         1.000         1.000
 SFR            1.000         1.000         1.000         1.000         1.000


           TWO-TAILED P-VALUE FOR ESTIMATED COVARIANCE MATRIX FOR THE LATENT VARIABLES
              SEN           IFR           SFR
              ________      ________      ________
 SEN            1.000
 IFR            1.000         1.000
 SFR            1.000         1.000         1.000


           ESTIMATED CORRELATION MATRIX FOR THE LATENT VARIABLES
              IMA           SMA           IDE           SDE           IEN
              ________      ________      ________      ________      ________
 IMA          999.000
 SMA          999.000       999.000
 IDE          999.000       999.000       999.000
 SDE          999.000       999.000       999.000       999.000
 IEN          999.000       999.000       999.000       999.000       999.000
 SEN          999.000       999.000       999.000       999.000       999.000
 IFR          999.000       999.000       999.000       999.000       999.000
 SFR          999.000       999.000       999.000       999.000       999.000


           ESTIMATED CORRELATION MATRIX FOR THE LATENT VARIABLES
              SEN           IFR           SFR
              ________      ________      ________
 SEN          999.000
 IFR          999.000       999.000
 SFR          999.000       999.000       999.000


           S.E. FOR ESTIMATED CORRELATION MATRIX FOR THE LATENT VARIABLES
              IMA           SMA           IDE           SDE           IEN
              ________      ________      ________      ________      ________
 IMA            0.000
 SMA          999.000         0.000
 IDE          999.000       999.000         0.000
 SDE          999.000       999.000       999.000         0.000
 IEN          999.000       999.000       999.000       999.000         0.000
 SEN          999.000       999.000       999.000       999.000       999.000
 IFR          999.000       999.000       999.000       999.000       999.000
 SFR          999.000       999.000       999.000       999.000       999.000


           S.E. FOR ESTIMATED CORRELATION MATRIX FOR THE LATENT VARIABLES
              SEN           IFR           SFR
              ________      ________      ________
 SEN            0.000
 IFR          999.000         0.000
 SFR          999.000       999.000         0.000


           EST./S.E. FOR ESTIMATED CORRELATION MATRIX FOR THE LATENT VARIABLES
              IMA           SMA           IDE           SDE           IEN
              ________      ________      ________      ________      ________
 IMA          999.000
 SMA            1.000       999.000
 IDE            1.000         1.000       999.000
 SDE            1.000         1.000         1.000       999.000
 IEN            1.000         1.000         1.000         1.000       999.000
 SEN            1.000         1.000         1.000         1.000         1.000
 IFR            1.000         1.000         1.000         1.000         1.000
 SFR            1.000         1.000         1.000         1.000         1.000


           EST./S.E. FOR ESTIMATED CORRELATION MATRIX FOR THE LATENT VARIABLES
              SEN           IFR           SFR
              ________      ________      ________
 SEN          999.000
 IFR            1.000       999.000
 SFR            1.000         1.000       999.000


           TWO-TAILED P-VALUE FOR ESTIMATED CORRELATION MATRIX FOR THE LATENT VARIABLES
              IMA           SMA           IDE           SDE           IEN
              ________      ________      ________      ________      ________
 IMA            0.000
 SMA            0.317         0.000
 IDE            0.317         0.317         0.000
 SDE            0.317         0.317         0.317         0.000
 IEN            0.317         0.317         0.317         0.317         0.000
 SEN            0.317         0.317         0.317         0.317         0.317
 IFR            0.317         0.317         0.317         0.317         0.317
 SFR            0.317         0.317         0.317         0.317         0.317


           TWO-TAILED P-VALUE FOR ESTIMATED CORRELATION MATRIX FOR THE LATENT VARIABLES
              SEN           IFR           SFR
              ________      ________      ________
 SEN            0.000
 IFR            0.317         0.000
 SFR            0.317         0.317         0.000


     ESTIMATES DERIVED FROM THE MODEL FOR CLASS 2


           ESTIMATED MEANS FOR THE LATENT VARIABLES
              IMA           SMA           IDE           SDE           IEN
              ________      ________      ________      ________      ________
                3.317        -0.122         3.280        -0.161         3.373


           ESTIMATED MEANS FOR THE LATENT VARIABLES
              SEN           IFR           SFR
              ________      ________      ________
               -0.042         3.066        -0.229


           S.E. FOR ESTIMATED MEANS FOR THE LATENT VARIABLES
              IMA           SMA           IDE           SDE           IEN
              ________      ________      ________      ________      ________
                0.068         0.032         0.063         0.033         0.072


           S.E. FOR ESTIMATED MEANS FOR THE LATENT VARIABLES
              SEN           IFR           SFR
              ________      ________      ________
                0.031         0.079         0.031


           EST./S.E. FOR ESTIMATED MEANS FOR THE LATENT VARIABLES
              IMA           SMA           IDE           SDE           IEN
              ________      ________      ________      ________      ________
               48.695        -3.756        51.682        -4.910        47.100


           EST./S.E. FOR ESTIMATED MEANS FOR THE LATENT VARIABLES
              SEN           IFR           SFR
              ________      ________      ________
               -1.346        38.882        -7.364


           TWO-TAILED P-VALUE FOR ESTIMATED MEANS FOR THE LATENT VARIABLES
              IMA           SMA           IDE           SDE           IEN
              ________      ________      ________      ________      ________
                0.000         0.000         0.000         0.000         0.000


           TWO-TAILED P-VALUE FOR ESTIMATED MEANS FOR THE LATENT VARIABLES
              SEN           IFR           SFR
              ________      ________      ________
                0.178         0.000         0.000


           ESTIMATED COVARIANCE MATRIX FOR THE LATENT VARIABLES
              IMA           SMA           IDE           SDE           IEN
              ________      ________      ________      ________      ________
 IMA            0.000
 SMA            0.000         0.000
 IDE            0.000         0.000         0.000
 SDE            0.000         0.000         0.000         0.000
 IEN            0.000         0.000         0.000         0.000         0.000
 SEN            0.000         0.000         0.000         0.000         0.000
 IFR            0.000         0.000         0.000         0.000         0.000
 SFR            0.000         0.000         0.000         0.000         0.000


           ESTIMATED COVARIANCE MATRIX FOR THE LATENT VARIABLES
              SEN           IFR           SFR
              ________      ________      ________
 SEN            0.000
 IFR            0.000         0.000
 SFR            0.000         0.000         0.000


           S.E. FOR ESTIMATED COVARIANCE MATRIX FOR THE LATENT VARIABLES
              IMA           SMA           IDE           SDE           IEN
              ________      ________      ________      ________      ________
 IMA            0.000
 SMA            0.000         0.000
 IDE            0.000         0.000         0.000
 SDE            0.000         0.000         0.000         0.000
 IEN            0.000         0.000         0.000         0.000         0.000
 SEN            0.000         0.000         0.000         0.000         0.000
 IFR            0.000         0.000         0.000         0.000         0.000
 SFR            0.000         0.000         0.000         0.000         0.000


           S.E. FOR ESTIMATED COVARIANCE MATRIX FOR THE LATENT VARIABLES
              SEN           IFR           SFR
              ________      ________      ________
 SEN            0.000
 IFR            0.000         0.000
 SFR            0.000         0.000         0.000


           EST./S.E. FOR ESTIMATED COVARIANCE MATRIX FOR THE LATENT VARIABLES
              IMA           SMA           IDE           SDE           IEN
              ________      ________      ________      ________      ________
 IMA            0.000
 SMA            0.000         0.000
 IDE            0.000         0.000         0.000
 SDE            0.000         0.000         0.000         0.000
 IEN            0.000         0.000         0.000         0.000         0.000
 SEN            0.000         0.000         0.000         0.000         0.000
 IFR            0.000         0.000         0.000         0.000         0.000
 SFR            0.000         0.000         0.000         0.000         0.000


           EST./S.E. FOR ESTIMATED COVARIANCE MATRIX FOR THE LATENT VARIABLES
              SEN           IFR           SFR
              ________      ________      ________
 SEN            0.000
 IFR            0.000         0.000
 SFR            0.000         0.000         0.000


           TWO-TAILED P-VALUE FOR ESTIMATED COVARIANCE MATRIX FOR THE LATENT VARIABLES
              IMA           SMA           IDE           SDE           IEN
              ________      ________      ________      ________      ________
 IMA            1.000
 SMA            1.000         1.000
 IDE            1.000         1.000         1.000
 SDE            1.000         1.000         1.000         1.000
 IEN            1.000         1.000         1.000         1.000         1.000
 SEN            1.000         1.000         1.000         1.000         1.000
 IFR            1.000         1.000         1.000         1.000         1.000
 SFR            1.000         1.000         1.000         1.000         1.000


           TWO-TAILED P-VALUE FOR ESTIMATED COVARIANCE MATRIX FOR THE LATENT VARIABLES
              SEN           IFR           SFR
              ________      ________      ________
 SEN            1.000
 IFR            1.000         1.000
 SFR            1.000         1.000         1.000


           ESTIMATED CORRELATION MATRIX FOR THE LATENT VARIABLES
              IMA           SMA           IDE           SDE           IEN
              ________      ________      ________      ________      ________
 IMA          999.000
 SMA          999.000       999.000
 IDE          999.000       999.000       999.000
 SDE          999.000       999.000       999.000       999.000
 IEN          999.000       999.000       999.000       999.000       999.000
 SEN          999.000       999.000       999.000       999.000       999.000
 IFR          999.000       999.000       999.000       999.000       999.000
 SFR          999.000       999.000       999.000       999.000       999.000


           ESTIMATED CORRELATION MATRIX FOR THE LATENT VARIABLES
              SEN           IFR           SFR
              ________      ________      ________
 SEN          999.000
 IFR          999.000       999.000
 SFR          999.000       999.000       999.000


           S.E. FOR ESTIMATED CORRELATION MATRIX FOR THE LATENT VARIABLES
              IMA           SMA           IDE           SDE           IEN
              ________      ________      ________      ________      ________
 IMA            0.000
 SMA          999.000         0.000
 IDE          999.000       999.000         0.000
 SDE          999.000       999.000       999.000         0.000
 IEN          999.000       999.000       999.000       999.000         0.000
 SEN          999.000       999.000       999.000       999.000       999.000
 IFR          999.000       999.000       999.000       999.000       999.000
 SFR          999.000       999.000       999.000       999.000       999.000


           S.E. FOR ESTIMATED CORRELATION MATRIX FOR THE LATENT VARIABLES
              SEN           IFR           SFR
              ________      ________      ________
 SEN            0.000
 IFR          999.000         0.000
 SFR          999.000       999.000         0.000


           EST./S.E. FOR ESTIMATED CORRELATION MATRIX FOR THE LATENT VARIABLES
              IMA           SMA           IDE           SDE           IEN
              ________      ________      ________      ________      ________
 IMA          999.000
 SMA            1.000       999.000
 IDE            1.000         1.000       999.000
 SDE            1.000         1.000         1.000       999.000
 IEN            1.000         1.000         1.000         1.000       999.000
 SEN            1.000         1.000         1.000         1.000         1.000
 IFR            1.000         1.000         1.000         1.000         1.000
 SFR            1.000         1.000         1.000         1.000         1.000


           EST./S.E. FOR ESTIMATED CORRELATION MATRIX FOR THE LATENT VARIABLES
              SEN           IFR           SFR
              ________      ________      ________
 SEN          999.000
 IFR            1.000       999.000
 SFR            1.000         1.000       999.000


           TWO-TAILED P-VALUE FOR ESTIMATED CORRELATION MATRIX FOR THE LATENT VARIABLES
              IMA           SMA           IDE           SDE           IEN
              ________      ________      ________      ________      ________
 IMA            0.000
 SMA            0.317         0.000
 IDE            0.317         0.317         0.000
 SDE            0.317         0.317         0.317         0.000
 IEN            0.317         0.317         0.317         0.317         0.000
 SEN            0.317         0.317         0.317         0.317         0.317
 IFR            0.317         0.317         0.317         0.317         0.317
 SFR            0.317         0.317         0.317         0.317         0.317


           TWO-TAILED P-VALUE FOR ESTIMATED CORRELATION MATRIX FOR THE LATENT VARIABLES
              SEN           IFR           SFR
              ________      ________      ________
 SEN            0.000
 IFR            0.317         0.000
 SFR            0.317         0.317         0.000


     Beginning Time:  03:03:25
        Ending Time:  03:07:30
       Elapsed Time:  00:04:05



MUTHEN & MUTHEN
3463 Stoner Ave.
Los Angeles, CA  90066

Tel: (310) 391-9971
Fax: (310) 391-8971
Web: www.StatModel.com
Support: Support@StatModel.com

Copyright (c) 1998-2020 Muthen & Muthen
